[ 2019-06-05T09:23:42+08:00 ] ::1 /approach/index.php/Applist/Index/index.html
INFO: [ app_init ] --START--
INFO: Run Behavior\BuildLiteBehavior [ RunTime:0.000028s ]
INFO: [ app_init ] --END-- [ RunTime:0.000962s ]
INFO: [ app_begin ] --START--
INFO: Run Behavior\ReadHtmlCacheBehavior [ RunTime:0.000893s ]
INFO: [ app_begin ] --END-- [ RunTime:0.000985s ]
INFO: [ view_parse ] --START--
INFO: [ template_filter ] --START--
INFO: Run Behavior\ContentReplaceBehavior [ RunTime:0.000084s ]
INFO: [ template_filter ] --END-- [ RunTime:0.000193s ]
INFO: Run Behavior\ParseTemplateBehavior [ RunTime:0.011378s ]
INFO: [ view_parse ] --END-- [ RunTime:0.011527s ]
INFO: [ view_filter ] --START--
INFO: Run Behavior\WriteHtmlCacheBehavior [ RunTime:0.000640s ]
INFO: [ view_filter ] --END-- [ RunTime:0.000713s ]
INFO: [ app_end ] --START--
INFO: Run Behavior\ShowPageTraceBehavior [ RunTime:0.000834s ]
INFO: [ app_end ] --END-- [ RunTime:0.000911s ]

[ 2019-06-05T09:23:53+08:00 ] ::1 /approach/index.php/Applist/Index/product.html
INFO: [ app_init ] --START--
INFO: Run Behavior\BuildLiteBehavior [ RunTime:0.000024s ]
INFO: [ app_init ] --END-- [ RunTime:0.000719s ]
INFO: [ app_begin ] --START--
INFO: Run Behavior\ReadHtmlCacheBehavior [ RunTime:0.001117s ]
INFO: [ app_begin ] --END-- [ RunTime:0.001259s ]
INFO: [ view_parse ] --START--
INFO: [ template_filter ] --START--
INFO: Run Behavior\ContentReplaceBehavior [ RunTime:0.000104s ]
INFO: [ template_filter ] --END-- [ RunTime:0.000205s ]
NOTIC: [8] Undefined variable: v F:\wamp\www\approach\Application\Runtime\Cache\Applist\2e7db29ac21c7415fb9f68fa88326a39.php 第 85 行.
NOTIC: [8] Undefined variable: v F:\wamp\www\approach\Application\Runtime\Cache\Applist\2e7db29ac21c7415fb9f68fa88326a39.php 第 97 行.
NOTIC: [8] Undefined variable: v F:\wamp\www\approach\Application\Runtime\Cache\Applist\2e7db29ac21c7415fb9f68fa88326a39.php 第 98 行.
NOTIC: [8] Undefined variable: v F:\wamp\www\approach\Application\Runtime\Cache\Applist\2e7db29ac21c7415fb9f68fa88326a39.php 第 99 行.
NOTIC: [8] Undefined variable: v F:\wamp\www\approach\Application\Runtime\Cache\Applist\2e7db29ac21c7415fb9f68fa88326a39.php 第 104 行.
NOTIC: [8] Undefined variable: v F:\wamp\www\approach\Application\Runtime\Cache\Applist\2e7db29ac21c7415fb9f68fa88326a39.php 第 116 行.
NOTIC: [8] Undefined variable: v F:\wamp\www\approach\Application\Runtime\Cache\Applist\2e7db29ac21c7415fb9f68fa88326a39.php 第 117 行.
NOTIC: [8] Undefined variable: v F:\wamp\www\approach\Application\Runtime\Cache\Applist\2e7db29ac21c7415fb9f68fa88326a39.php 第 118 行.
NOTIC: [8] Undefined variable: page F:\wamp\www\approach\Application\Runtime\Cache\Applist\2e7db29ac21c7415fb9f68fa88326a39.php 第 125 行.
INFO: Run Behavior\ParseTemplateBehavior [ RunTime:0.009825s ]
INFO: [ view_parse ] --END-- [ RunTime:0.009933s ]
INFO: [ view_filter ] --START--
INFO: Run Behavior\WriteHtmlCacheBehavior [ RunTime:0.000624s ]
INFO: [ view_filter ] --END-- [ RunTime:0.000700s ]
INFO: [ app_end ] --START--
INFO: Run Behavior\ShowPageTraceBehavior [ RunTime:0.000869s ]
INFO: [ app_end ] --END-- [ RunTime:0.000954s ]

[ 2019-06-05T09:23:59+08:00 ] ::1 /approach/index.php/Applist/Index/detail/id/
INFO: [ app_init ] --START--
INFO: Run Behavior\BuildLiteBehavior [ RunTime:0.000072s ]
INFO: [ app_init ] --END-- [ RunTime:0.001266s ]
INFO: [ app_begin ] --START--
INFO: Run Behavior\ReadHtmlCacheBehavior [ RunTime:0.001446s ]
INFO: [ app_begin ] --END-- [ RunTime:0.001579s ]
ERR: 非法操作:detail

[ 2019-06-05T09:24:01+08:00 ] ::1 /approach/index.php/Applist/Index/product.html
INFO: [ app_init ] --START--
INFO: Run Behavior\BuildLiteBehavior [ RunTime:0.000024s ]
INFO: [ app_init ] --END-- [ RunTime:0.000699s ]
INFO: [ app_begin ] --START--
INFO: Run Behavior\ReadHtmlCacheBehavior [ RunTime:0.000869s ]
INFO: [ app_begin ] --END-- [ RunTime:0.000964s ]
INFO: [ view_parse ] --START--
INFO: [ template_filter ] --START--
INFO: Run Behavior\ContentReplaceBehavior [ RunTime:0.000105s ]
INFO: [ template_filter ] --END-- [ RunTime:0.000205s ]
NOTIC: [8] Undefined variable: v F:\wamp\www\approach\Application\Runtime\Cache\Applist\2e7db29ac21c7415fb9f68fa88326a39.php 第 85 行.
NOTIC: [8] Undefined variable: v F:\wamp\www\approach\Application\Runtime\Cache\Applist\2e7db29ac21c7415fb9f68fa88326a39.php 第 97 行.
NOTIC: [8] Undefined variable: v F:\wamp\www\approach\Application\Runtime\Cache\Applist\2e7db29ac21c7415fb9f68fa88326a39.php 第 98 行.
NOTIC: [8] Undefined variable: v F:\wamp\www\approach\Application\Runtime\Cache\Applist\2e7db29ac21c7415fb9f68fa88326a39.php 第 99 行.
NOTIC: [8] Undefined variable: v F:\wamp\www\approach\Application\Runtime\Cache\Applist\2e7db29ac21c7415fb9f68fa88326a39.php 第 104 行.
NOTIC: [8] Undefined variable: v F:\wamp\www\approach\Application\Runtime\Cache\Applist\2e7db29ac21c7415fb9f68fa88326a39.php 第 116 行.
NOTIC: [8] Undefined variable: v F:\wamp\www\approach\Application\Runtime\Cache\Applist\2e7db29ac21c7415fb9f68fa88326a39.php 第 117 行.
NOTIC: [8] Undefined variable: v F:\wamp\www\approach\Application\Runtime\Cache\Applist\2e7db29ac21c7415fb9f68fa88326a39.php 第 118 行.
NOTIC: [8] Undefined variable: page F:\wamp\www\approach\Application\Runtime\Cache\Applist\2e7db29ac21c7415fb9f68fa88326a39.php 第 125 行.
INFO: Run Behavior\ParseTemplateBehavior [ RunTime:0.009457s ]
INFO: [ view_parse ] --END-- [ RunTime:0.009570s ]
INFO: [ view_filter ] --START--
INFO: Run Behavior\WriteHtmlCacheBehavior [ RunTime:0.000609s ]
INFO: [ view_filter ] --END-- [ RunTime:0.000691s ]
INFO: [ app_end ] --START--
INFO: Run Behavior\ShowPageTraceBehavior [ RunTime:0.000859s ]
INFO: [ app_end ] --END-- [ RunTime:0.000941s ]

[ 2019-06-05T09:24:06+08:00 ] ::1 /approach/index.php/Applist/Index/product_add
INFO: [ app_init ] --START--
INFO: Run Behavior\BuildLiteBehavior [ RunTime:0.000028s ]
INFO: [ app_init ] --END-- [ RunTime:0.000785s ]
INFO: [ app_begin ] --START--
INFO: Run Behavior\ReadHtmlCacheBehavior [ RunTime:0.000989s ]
INFO: [ app_begin ] --END-- [ RunTime:0.001094s ]
INFO: [ view_parse ] --START--
INFO: [ template_filter ] --START--
INFO: Run Behavior\ContentReplaceBehavior [ RunTime:0.000065s ]
INFO: [ template_filter ] --END-- [ RunTime:0.000160s ]
INFO: Run Behavior\ParseTemplateBehavior [ RunTime:0.008531s ]
INFO: [ view_parse ] --END-- [ RunTime:0.008645s ]
INFO: [ view_filter ] --START--
INFO: Run Behavior\WriteHtmlCacheBehavior [ RunTime:0.000612s ]
INFO: [ view_filter ] --END-- [ RunTime:0.000686s ]
INFO: [ app_end ] --START--
INFO: Run Behavior\ShowPageTraceBehavior [ RunTime:0.000805s ]
INFO: [ app_end ] --END-- [ RunTime:0.000899s ]

[ 2019-06-05T09:24:07+08:00 ] ::1 /approach/index.php/Applist/Index/product.html
INFO: [ app_init ] --START--
INFO: Run Behavior\BuildLiteBehavior [ RunTime:0.000026s ]
INFO: [ app_init ] --END-- [ RunTime:0.000759s ]
INFO: [ app_begin ] --START--
INFO: Run Behavior\ReadHtmlCacheBehavior [ RunTime:0.001064s ]
INFO: [ app_begin ] --END-- [ RunTime:0.001172s ]
INFO: [ view_parse ] --START--
INFO: [ template_filter ] --START--
INFO: Run Behavior\ContentReplaceBehavior [ RunTime:0.000158s ]
INFO: [ template_filter ] --END-- [ RunTime:0.000309s ]
NOTIC: [8] Undefined variable: v F:\wamp\www\approach\Application\Runtime\Cache\Applist\2e7db29ac21c7415fb9f68fa88326a39.php 第 85 行.
NOTIC: [8] Undefined variable: v F:\wamp\www\approach\Application\Runtime\Cache\Applist\2e7db29ac21c7415fb9f68fa88326a39.php 第 97 行.
NOTIC: [8] Undefined variable: v F:\wamp\www\approach\Application\Runtime\Cache\Applist\2e7db29ac21c7415fb9f68fa88326a39.php 第 98 行.
NOTIC: [8] Undefined variable: v F:\wamp\www\approach\Application\Runtime\Cache\Applist\2e7db29ac21c7415fb9f68fa88326a39.php 第 99 行.
NOTIC: [8] Undefined variable: v F:\wamp\www\approach\Application\Runtime\Cache\Applist\2e7db29ac21c7415fb9f68fa88326a39.php 第 104 行.
NOTIC: [8] Undefined variable: v F:\wamp\www\approach\Application\Runtime\Cache\Applist\2e7db29ac21c7415fb9f68fa88326a39.php 第 116 行.
NOTIC: [8] Undefined variable: v F:\wamp\www\approach\Application\Runtime\Cache\Applist\2e7db29ac21c7415fb9f68fa88326a39.php 第 117 行.
NOTIC: [8] Undefined variable: v F:\wamp\www\approach\Application\Runtime\Cache\Applist\2e7db29ac21c7415fb9f68fa88326a39.php 第 118 行.
NOTIC: [8] Undefined variable: page F:\wamp\www\approach\Application\Runtime\Cache\Applist\2e7db29ac21c7415fb9f68fa88326a39.php 第 125 行.
INFO: Run Behavior\ParseTemplateBehavior [ RunTime:0.012009s ]
INFO: [ view_parse ] --END-- [ RunTime:0.012134s ]
INFO: [ view_filter ] --START--
INFO: Run Behavior\WriteHtmlCacheBehavior [ RunTime:0.000646s ]
INFO: [ view_filter ] --END-- [ RunTime:0.000727s ]
INFO: [ app_end ] --START--
INFO: Run Behavior\ShowPageTraceBehavior [ RunTime:0.000915s ]
INFO: [ app_end ] --END-- [ RunTime:0.001004s ]

[ 2019-06-05T09:24:11+08:00 ] ::1 /approach/index.php/Applist/Index/product.html
INFO: [ app_init ] --START--
INFO: Run Behavior\BuildLiteBehavior [ RunTime:0.000045s ]
INFO: [ app_init ] --END-- [ RunTime:0.001337s ]
INFO: [ app_begin ] --START--
INFO: Run Behavior\ReadHtmlCacheBehavior [ RunTime:0.001634s ]
INFO: [ app_begin ] --END-- [ RunTime:0.001830s ]
INFO: [ view_parse ] --START--
INFO: [ template_filter ] --START--
INFO: Run Behavior\ContentReplaceBehavior [ RunTime:0.000166s ]
INFO: [ template_filter ] --END-- [ RunTime:0.000386s ]
NOTIC: [8] Undefined variable: v F:\wamp\www\approach\Application\Runtime\Cache\Applist\2e7db29ac21c7415fb9f68fa88326a39.php 第 85 行.
NOTIC: [8] Undefined variable: v F:\wamp\www\approach\Application\Runtime\Cache\Applist\2e7db29ac21c7415fb9f68fa88326a39.php 第 97 行.
NOTIC: [8] Undefined variable: v F:\wamp\www\approach\Application\Runtime\Cache\Applist\2e7db29ac21c7415fb9f68fa88326a39.php 第 98 行.
NOTIC: [8] Undefined variable: v F:\wamp\www\approach\Application\Runtime\Cache\Applist\2e7db29ac21c7415fb9f68fa88326a39.php 第 99 行.
NOTIC: [8] Undefined variable: v F:\wamp\www\approach\Application\Runtime\Cache\Applist\2e7db29ac21c7415fb9f68fa88326a39.php 第 104 行.
NOTIC: [8] Undefined variable: v F:\wamp\www\approach\Application\Runtime\Cache\Applist\2e7db29ac21c7415fb9f68fa88326a39.php 第 116 行.
NOTIC: [8] Undefined variable: v F:\wamp\www\approach\Application\Runtime\Cache\Applist\2e7db29ac21c7415fb9f68fa88326a39.php 第 117 行.
NOTIC: [8] Undefined variable: v F:\wamp\www\approach\Application\Runtime\Cache\Applist\2e7db29ac21c7415fb9f68fa88326a39.php 第 118 行.
NOTIC: [8] Undefined variable: page F:\wamp\www\approach\Application\Runtime\Cache\Applist\2e7db29ac21c7415fb9f68fa88326a39.php 第 125 行.
INFO: Run Behavior\ParseTemplateBehavior [ RunTime:0.015729s ]
INFO: [ view_parse ] --END-- [ RunTime:0.015881s ]
INFO: [ view_filter ] --START--
INFO: Run Behavior\WriteHtmlCacheBehavior [ RunTime:0.001034s ]
INFO: [ view_filter ] --END-- [ RunTime:0.001183s ]
INFO: [ app_end ] --START--
INFO: Run Behavior\ShowPageTraceBehavior [ RunTime:0.001392s ]
INFO: [ app_end ] --END-- [ RunTime:0.001554s ]

[ 2019-06-05T09:24:12+08:00 ] ::1 /approach/index.php/Applist/Index/product.html
INFO: [ app_init ] --START--
INFO: Run Behavior\BuildLiteBehavior [ RunTime:0.000046s ]
INFO: [ app_init ] --END-- [ RunTime:0.001134s ]
INFO: [ app_begin ] --START--
INFO: Run Behavior\ReadHtmlCacheBehavior [ RunTime:0.001655s ]
INFO: [ app_begin ] --END-- [ RunTime:0.001799s ]
INFO: [ view_parse ] --START--
INFO: [ template_filter ] --START--
INFO: Run Behavior\ContentReplaceBehavior [ RunTime:0.000172s ]
INFO: [ template_filter ] --END-- [ RunTime:0.000432s ]
NOTIC: [8] Undefined variable: v F:\wamp\www\approach\Application\Runtime\Cache\Applist\2e7db29ac21c7415fb9f68fa88326a39.php 第 85 行.
NOTIC: [8] Undefined variable: v F:\wamp\www\approach\Application\Runtime\Cache\Applist\2e7db29ac21c7415fb9f68fa88326a39.php 第 97 行.
NOTIC: [8] Undefined variable: v F:\wamp\www\approach\Application\Runtime\Cache\Applist\2e7db29ac21c7415fb9f68fa88326a39.php 第 98 行.
NOTIC: [8] Undefined variable: v F:\wamp\www\approach\Application\Runtime\Cache\Applist\2e7db29ac21c7415fb9f68fa88326a39.php 第 99 行.
NOTIC: [8] Undefined variable: v F:\wamp\www\approach\Application\Runtime\Cache\Applist\2e7db29ac21c7415fb9f68fa88326a39.php 第 104 行.
NOTIC: [8] Undefined variable: v F:\wamp\www\approach\Application\Runtime\Cache\Applist\2e7db29ac21c7415fb9f68fa88326a39.php 第 116 行.
NOTIC: [8] Undefined variable: v F:\wamp\www\approach\Application\Runtime\Cache\Applist\2e7db29ac21c7415fb9f68fa88326a39.php 第 117 行.
NOTIC: [8] Undefined variable: v F:\wamp\www\approach\Application\Runtime\Cache\Applist\2e7db29ac21c7415fb9f68fa88326a39.php 第 118 行.
NOTIC: [8] Undefined variable: page F:\wamp\www\approach\Application\Runtime\Cache\Applist\2e7db29ac21c7415fb9f68fa88326a39.php 第 125 行.
INFO: Run Behavior\ParseTemplateBehavior [ RunTime:0.024116s ]
INFO: [ view_parse ] --END-- [ RunTime:0.024316s ]
INFO: [ view_filter ] --START--
INFO: Run Behavior\WriteHtmlCacheBehavior [ RunTime:0.002501s ]
INFO: [ view_filter ] --END-- [ RunTime:0.002680s ]
INFO: [ app_end ] --START--
INFO: Run Behavior\ShowPageTraceBehavior [ RunTime:0.002000s ]
INFO: [ app_end ] --END-- [ RunTime:0.002259s ]

[ 2019-06-05T09:27:57+08:00 ] ::1 /approach/index.php/Applist/Index/index.html
INFO: [ app_init ] --START--
INFO: Run Behavior\BuildLiteBehavior [ RunTime:0.000029s ]
INFO: [ app_init ] --END-- [ RunTime:0.001050s ]
INFO: [ app_begin ] --START--
INFO: Run Behavior\ReadHtmlCacheBehavior [ RunTime:0.002196s ]
INFO: [ app_begin ] --END-- [ RunTime:0.002355s ]
INFO: [ view_parse ] --START--
INFO: [ template_filter ] --START--
INFO: Run Behavior\ContentReplaceBehavior [ RunTime:0.000093s ]
INFO: [ template_filter ] --END-- [ RunTime:0.000206s ]
INFO: Run Behavior\ParseTemplateBehavior [ RunTime:0.013428s ]
INFO: [ view_parse ] --END-- [ RunTime:0.013532s ]
INFO: [ view_filter ] --START--
INFO: Run Behavior\WriteHtmlCacheBehavior [ RunTime:0.000873s ]
INFO: [ view_filter ] --END-- [ RunTime:0.000948s ]
INFO: [ app_end ] --START--
INFO: Run Behavior\ShowPageTraceBehavior [ RunTime:0.001150s ]
INFO: [ app_end ] --END-- [ RunTime:0.001265s ]

[ 2019-06-05T09:28:21+08:00 ] ::1 /approach/index.php/Applist/Index/product.html
INFO: [ app_init ] --START--
INFO: Run Behavior\BuildLiteBehavior [ RunTime:0.000026s ]
INFO: [ app_init ] --END-- [ RunTime:0.000842s ]
INFO: [ app_begin ] --START--
INFO: Run Behavior\ReadHtmlCacheBehavior [ RunTime:0.001055s ]
INFO: [ app_begin ] --END-- [ RunTime:0.001172s ]
INFO: [ view_parse ] --START--
INFO: [ template_filter ] --START--
INFO: Run Behavior\ContentReplaceBehavior [ RunTime:0.000107s ]
INFO: [ template_filter ] --END-- [ RunTime:0.000208s ]
NOTIC: [8] Undefined variable: v F:\wamp\www\approach\Application\Runtime\Cache\Applist\2e7db29ac21c7415fb9f68fa88326a39.php 第 85 行.
NOTIC: [8] Undefined variable: v F:\wamp\www\approach\Application\Runtime\Cache\Applist\2e7db29ac21c7415fb9f68fa88326a39.php 第 97 行.
NOTIC: [8] Undefined variable: v F:\wamp\www\approach\Application\Runtime\Cache\Applist\2e7db29ac21c7415fb9f68fa88326a39.php 第 98 行.
NOTIC: [8] Undefined variable: v F:\wamp\www\approach\Application\Runtime\Cache\Applist\2e7db29ac21c7415fb9f68fa88326a39.php 第 99 行.
NOTIC: [8] Undefined variable: v F:\wamp\www\approach\Application\Runtime\Cache\Applist\2e7db29ac21c7415fb9f68fa88326a39.php 第 104 行.
NOTIC: [8] Undefined variable: v F:\wamp\www\approach\Application\Runtime\Cache\Applist\2e7db29ac21c7415fb9f68fa88326a39.php 第 116 行.
NOTIC: [8] Undefined variable: v F:\wamp\www\approach\Application\Runtime\Cache\Applist\2e7db29ac21c7415fb9f68fa88326a39.php 第 117 行.
NOTIC: [8] Undefined variable: v F:\wamp\www\approach\Application\Runtime\Cache\Applist\2e7db29ac21c7415fb9f68fa88326a39.php 第 118 行.
NOTIC: [8] Undefined variable: page F:\wamp\www\approach\Application\Runtime\Cache\Applist\2e7db29ac21c7415fb9f68fa88326a39.php 第 125 行.
INFO: Run Behavior\ParseTemplateBehavior [ RunTime:0.010496s ]
INFO: [ view_parse ] --END-- [ RunTime:0.010589s ]
INFO: [ view_filter ] --START--
INFO: Run Behavior\WriteHtmlCacheBehavior [ RunTime:0.000619s ]
INFO: [ view_filter ] --END-- [ RunTime:0.000694s ]
INFO: [ app_end ] --START--
INFO: Run Behavior\ShowPageTraceBehavior [ RunTime:0.000915s ]
INFO: [ app_end ] --END-- [ RunTime:0.001009s ]

[ 2019-06-05T09:28:29+08:00 ] ::1 /approach/index.php/Applist/Index/index.html
INFO: [ app_init ] --START--
INFO: Run Behavior\BuildLiteBehavior [ RunTime:0.000025s ]
INFO: [ app_init ] --END-- [ RunTime:0.000885s ]
INFO: [ app_begin ] --START--
INFO: Run Behavior\ReadHtmlCacheBehavior [ RunTime:0.000987s ]
INFO: [ app_begin ] --END-- [ RunTime:0.001090s ]
INFO: [ view_parse ] --START--
INFO: [ template_filter ] --START--
INFO: Run Behavior\ContentReplaceBehavior [ RunTime:0.000084s ]
INFO: [ template_filter ] --END-- [ RunTime:0.000182s ]
INFO: Run Behavior\ParseTemplateBehavior [ RunTime:0.008682s ]
INFO: [ view_parse ] --END-- [ RunTime:0.008781s ]
INFO: [ view_filter ] --START--
INFO: Run Behavior\WriteHtmlCacheBehavior [ RunTime:0.000610s ]
INFO: [ view_filter ] --END-- [ RunTime:0.000684s ]
INFO: [ app_end ] --START--
INFO: Run Behavior\ShowPageTraceBehavior [ RunTime:0.000812s ]
INFO: [ app_end ] --END-- [ RunTime:0.000889s ]

[ 2019-06-05T09:28:30+08:00 ] ::1 /approach/index.php/Applist/Index/index.html
INFO: [ app_init ] --START--
INFO: Run Behavior\BuildLiteBehavior [ RunTime:0.000027s ]
INFO: [ app_init ] --END-- [ RunTime:0.000782s ]
INFO: [ app_begin ] --START--
INFO: Run Behavior\ReadHtmlCacheBehavior [ RunTime:0.001008s ]
INFO: [ app_begin ] --END-- [ RunTime:0.001118s ]
INFO: [ view_parse ] --START--
INFO: [ template_filter ] --START--
INFO: Run Behavior\ContentReplaceBehavior [ RunTime:0.000097s ]
INFO: [ template_filter ] --END-- [ RunTime:0.000218s ]
INFO: Run Behavior\ParseTemplateBehavior [ RunTime:0.009862s ]
INFO: [ view_parse ] --END-- [ RunTime:0.010012s ]
INFO: [ view_filter ] --START--
INFO: Run Behavior\WriteHtmlCacheBehavior [ RunTime:0.000780s ]
INFO: [ view_filter ] --END-- [ RunTime:0.000870s ]
INFO: [ app_end ] --START--
INFO: Run Behavior\ShowPageTraceBehavior [ RunTime:0.001132s ]
INFO: [ app_end ] --END-- [ RunTime:0.001267s ]

[ 2019-06-05T13:42:04+08:00 ] ::1 /approach/index.php/Applist/Index/product.html
INFO: [ app_init ] --START--
INFO: Run Behavior\BuildLiteBehavior [ RunTime:0.000027s ]
INFO: [ app_init ] --END-- [ RunTime:0.000782s ]
INFO: [ app_begin ] --START--
INFO: Run Behavior\ReadHtmlCacheBehavior [ RunTime:0.000907s ]
INFO: [ app_begin ] --END-- [ RunTime:0.001000s ]
INFO: [ view_parse ] --START--
INFO: [ template_filter ] --START--
INFO: Run Behavior\ContentReplaceBehavior [ RunTime:0.000151s ]
INFO: [ template_filter ] --END-- [ RunTime:0.000300s ]
NOTIC: [8] Undefined variable: v F:\wamp\www\approach\Application\Runtime\Cache\Applist\2e7db29ac21c7415fb9f68fa88326a39.php 第 85 行.
NOTIC: [8] Undefined variable: v F:\wamp\www\approach\Application\Runtime\Cache\Applist\2e7db29ac21c7415fb9f68fa88326a39.php 第 97 行.
NOTIC: [8] Undefined variable: v F:\wamp\www\approach\Application\Runtime\Cache\Applist\2e7db29ac21c7415fb9f68fa88326a39.php 第 98 行.
NOTIC: [8] Undefined variable: v F:\wamp\www\approach\Application\Runtime\Cache\Applist\2e7db29ac21c7415fb9f68fa88326a39.php 第 99 行.
NOTIC: [8] Undefined variable: v F:\wamp\www\approach\Application\Runtime\Cache\Applist\2e7db29ac21c7415fb9f68fa88326a39.php 第 104 行.
NOTIC: [8] Undefined variable: v F:\wamp\www\approach\Application\Runtime\Cache\Applist\2e7db29ac21c7415fb9f68fa88326a39.php 第 116 行.
NOTIC: [8] Undefined variable: v F:\wamp\www\approach\Application\Runtime\Cache\Applist\2e7db29ac21c7415fb9f68fa88326a39.php 第 117 行.
NOTIC: [8] Undefined variable: v F:\wamp\www\approach\Application\Runtime\Cache\Applist\2e7db29ac21c7415fb9f68fa88326a39.php 第 118 行.
NOTIC: [8] Undefined variable: page F:\wamp\www\approach\Application\Runtime\Cache\Applist\2e7db29ac21c7415fb9f68fa88326a39.php 第 125 行.
INFO: Run Behavior\ParseTemplateBehavior [ RunTime:0.023024s ]
INFO: [ view_parse ] --END-- [ RunTime:0.023135s ]
INFO: [ view_filter ] --START--
INFO: Run Behavior\WriteHtmlCacheBehavior [ RunTime:0.000631s ]
INFO: [ view_filter ] --END-- [ RunTime:0.000713s ]
INFO: [ app_end ] --START--
INFO: Run Behavior\ShowPageTraceBehavior [ RunTime:0.001097s ]
INFO: [ app_end ] --END-- [ RunTime:0.001218s ]

[ 2019-06-05T13:42:20+08:00 ] ::1 /approach/index.php/Applist/Index/index.html
INFO: [ app_init ] --START--
INFO: Run Behavior\BuildLiteBehavior [ RunTime:0.000024s ]
INFO: [ app_init ] --END-- [ RunTime:0.000700s ]
INFO: [ app_begin ] --START--
INFO: Run Behavior\ReadHtmlCacheBehavior [ RunTime:0.001513s ]
INFO: [ app_begin ] --END-- [ RunTime:0.001684s ]
INFO: [ view_parse ] --START--
INFO: [ template_filter ] --START--
INFO: Run Behavior\ContentReplaceBehavior [ RunTime:0.000101s ]
INFO: [ template_filter ] --END-- [ RunTime:0.000218s ]
INFO: Run Behavior\ParseTemplateBehavior [ RunTime:0.074811s ]
INFO: [ view_parse ] --END-- [ RunTime:0.074912s ]
INFO: [ view_filter ] --START--
INFO: Run Behavior\WriteHtmlCacheBehavior [ RunTime:0.000596s ]
INFO: [ view_filter ] --END-- [ RunTime:0.000669s ]
INFO: [ app_end ] --START--
INFO: Run Behavior\ShowPageTraceBehavior [ RunTime:0.000823s ]
INFO: [ app_end ] --END-- [ RunTime:0.000900s ]

[ 2019-06-05T13:42:20+08:00 ] ::1 /approach/index.php/Applist/Index/index.html
INFO: [ app_init ] --START--
INFO: Run Behavior\BuildLiteBehavior [ RunTime:0.000028s ]
INFO: [ app_init ] --END-- [ RunTime:0.000907s ]
INFO: [ app_begin ] --START--
INFO: Run Behavior\ReadHtmlCacheBehavior [ RunTime:0.001007s ]
INFO: [ app_begin ] --END-- [ RunTime:0.001129s ]
INFO: [ view_parse ] --START--
INFO: [ template_filter ] --START--
INFO: Run Behavior\ContentReplaceBehavior [ RunTime:0.000105s ]
INFO: [ template_filter ] --END-- [ RunTime:0.000233s ]
INFO: Run Behavior\ParseTemplateBehavior [ RunTime:0.032354s ]
INFO: [ view_parse ] --END-- [ RunTime:0.032601s ]
INFO: [ view_filter ] --START--
INFO: Run Behavior\WriteHtmlCacheBehavior [ RunTime:0.001333s ]
INFO: [ view_filter ] --END-- [ RunTime:0.001493s ]
INFO: [ app_end ] --START--
INFO: Run Behavior\ShowPageTraceBehavior [ RunTime:0.001182s ]
INFO: [ app_end ] --END-- [ RunTime:0.001292s ]

[ 2019-06-05T14:38:59+08:00 ] ::1 /approach/index.php/Applist/Index/index.html
INFO: [ app_init ] --START--
INFO: Run Behavior\BuildLiteBehavior [ RunTime:0.000024s ]
INFO: [ app_init ] --END-- [ RunTime:0.000849s ]
INFO: [ app_begin ] --START--
INFO: Run Behavior\ReadHtmlCacheBehavior [ RunTime:0.002927s ]
INFO: [ app_begin ] --END-- [ RunTime:0.003039s ]
INFO: [ view_parse ] --START--
INFO: [ template_filter ] --START--
INFO: Run Behavior\ContentReplaceBehavior [ RunTime:0.000166s ]
INFO: [ template_filter ] --END-- [ RunTime:0.000451s ]
INFO: Run Behavior\ParseTemplateBehavior [ RunTime:0.031787s ]
INFO: [ view_parse ] --END-- [ RunTime:0.031908s ]
INFO: [ view_filter ] --START--
INFO: Run Behavior\WriteHtmlCacheBehavior [ RunTime:0.000806s ]
INFO: [ view_filter ] --END-- [ RunTime:0.000884s ]
INFO: [ app_end ] --START--
INFO: Run Behavior\ShowPageTraceBehavior [ RunTime:0.001183s ]
INFO: [ app_end ] --END-- [ RunTime:0.001267s ]

[ 2019-06-05T14:39:10+08:00 ] ::1 /approach/index.php/Applist/Index/index.html
INFO: [ app_init ] --START--
INFO: Run Behavior\BuildLiteBehavior [ RunTime:0.000028s ]
INFO: [ app_init ] --END-- [ RunTime:0.000900s ]
INFO: [ app_begin ] --START--
INFO: Run Behavior\ReadHtmlCacheBehavior [ RunTime:0.001542s ]
INFO: [ app_begin ] --END-- [ RunTime:0.001713s ]
INFO: [ view_parse ] --START--
INFO: [ template_filter ] --START--
INFO: Run Behavior\ContentReplaceBehavior [ RunTime:0.000082s ]
INFO: [ template_filter ] --END-- [ RunTime:0.000175s ]
INFO: Run Behavior\ParseTemplateBehavior [ RunTime:0.008351s ]
INFO: [ view_parse ] --END-- [ RunTime:0.008453s ]
INFO: [ view_filter ] --START--
INFO: Run Behavior\WriteHtmlCacheBehavior [ RunTime:0.000630s ]
INFO: [ view_filter ] --END-- [ RunTime:0.000699s ]
INFO: [ app_end ] --START--
INFO: Run Behavior\ShowPageTraceBehavior [ RunTime:0.001102s ]
INFO: [ app_end ] --END-- [ RunTime:0.001185s ]

[ 2019-06-05T14:40:14+08:00 ] ::1 /approach/index.php/Applist/Index/index.html
INFO: [ app_init ] --START--
INFO: Run Behavior\BuildLiteBehavior [ RunTime:0.000029s ]
INFO: [ app_init ] --END-- [ RunTime:0.000929s ]
INFO: [ app_begin ] --START--
INFO: Run Behavior\ReadHtmlCacheBehavior [ RunTime:0.001283s ]
INFO: [ app_begin ] --END-- [ RunTime:0.001440s ]
INFO: [ view_parse ] --START--
INFO: [ template_filter ] --START--
INFO: Run Behavior\ContentReplaceBehavior [ RunTime:0.000103s ]
INFO: [ template_filter ] --END-- [ RunTime:0.000221s ]
INFO: Run Behavior\ParseTemplateBehavior [ RunTime:0.009862s ]
INFO: [ view_parse ] --END-- [ RunTime:0.009983s ]
INFO: [ view_filter ] --START--
INFO: Run Behavior\WriteHtmlCacheBehavior [ RunTime:0.000779s ]
INFO: [ view_filter ] --END-- [ RunTime:0.000871s ]
INFO: [ app_end ] --START--
INFO: Run Behavior\ShowPageTraceBehavior [ RunTime:0.001872s ]
INFO: [ app_end ] --END-- [ RunTime:0.002129s ]

[ 2019-06-05T14:40:15+08:00 ] ::1 /approach/index.php/Applist/Index/index.html
INFO: [ app_init ] --START--
INFO: Run Behavior\BuildLiteBehavior [ RunTime:0.000027s ]
INFO: [ app_init ] --END-- [ RunTime:0.000793s ]
INFO: [ app_begin ] --START--
INFO: Run Behavior\ReadHtmlCacheBehavior [ RunTime:0.000991s ]
INFO: [ app_begin ] --END-- [ RunTime:0.001097s ]
INFO: [ view_parse ] --START--
INFO: [ template_filter ] --START--
INFO: Run Behavior\ContentReplaceBehavior [ RunTime:0.000097s ]
INFO: [ template_filter ] --END-- [ RunTime:0.000211s ]
INFO: Run Behavior\ParseTemplateBehavior [ RunTime:0.009946s ]
INFO: [ view_parse ] --END-- [ RunTime:0.010099s ]
INFO: [ view_filter ] --START--
INFO: Run Behavior\WriteHtmlCacheBehavior [ RunTime:0.000703s ]
INFO: [ view_filter ] --END-- [ RunTime:0.000789s ]
INFO: [ app_end ] --START--
INFO: Run Behavior\ShowPageTraceBehavior [ RunTime:0.001415s ]
INFO: [ app_end ] --END-- [ RunTime:0.001515s ]

[ 2019-06-05T15:24:56+08:00 ] ::1 /approach/index.php/Applist/Index/product.html
INFO: [ app_init ] --START--
INFO: Run Behavior\BuildLiteBehavior [ RunTime:0.000027s ]
INFO: [ app_init ] --END-- [ RunTime:0.001354s ]
INFO: [ app_begin ] --START--
INFO: Run Behavior\ReadHtmlCacheBehavior [ RunTime:0.001457s ]
INFO: [ app_begin ] --END-- [ RunTime:0.001574s ]
INFO: [ view_parse ] --START--
INFO: [ template_filter ] --START--
INFO: Run Behavior\ContentReplaceBehavior [ RunTime:0.000114s ]
INFO: [ template_filter ] --END-- [ RunTime:0.000229s ]
NOTIC: [8] Undefined variable: v F:\wamp\www\approach\Application\Runtime\Cache\Applist\2e7db29ac21c7415fb9f68fa88326a39.php 第 85 行.
NOTIC: [8] Undefined variable: v F:\wamp\www\approach\Application\Runtime\Cache\Applist\2e7db29ac21c7415fb9f68fa88326a39.php 第 97 行.
NOTIC: [8] Undefined variable: v F:\wamp\www\approach\Application\Runtime\Cache\Applist\2e7db29ac21c7415fb9f68fa88326a39.php 第 98 行.
NOTIC: [8] Undefined variable: v F:\wamp\www\approach\Application\Runtime\Cache\Applist\2e7db29ac21c7415fb9f68fa88326a39.php 第 99 行.
NOTIC: [8] Undefined variable: v F:\wamp\www\approach\Application\Runtime\Cache\Applist\2e7db29ac21c7415fb9f68fa88326a39.php 第 104 行.
NOTIC: [8] Undefined variable: v F:\wamp\www\approach\Application\Runtime\Cache\Applist\2e7db29ac21c7415fb9f68fa88326a39.php 第 116 行.
NOTIC: [8] Undefined variable: v F:\wamp\www\approach\Application\Runtime\Cache\Applist\2e7db29ac21c7415fb9f68fa88326a39.php 第 117 行.
NOTIC: [8] Undefined variable: v F:\wamp\www\approach\Application\Runtime\Cache\Applist\2e7db29ac21c7415fb9f68fa88326a39.php 第 118 行.
NOTIC: [8] Undefined variable: page F:\wamp\www\approach\Application\Runtime\Cache\Applist\2e7db29ac21c7415fb9f68fa88326a39.php 第 125 行.
INFO: Run Behavior\ParseTemplateBehavior [ RunTime:0.013518s ]
INFO: [ view_parse ] --END-- [ RunTime:0.013664s ]
INFO: [ view_filter ] --START--
INFO: Run Behavior\WriteHtmlCacheBehavior [ RunTime:0.001127s ]
INFO: [ view_filter ] --END-- [ RunTime:0.001212s ]
INFO: [ app_end ] --START--
INFO: Run Behavior\ShowPageTraceBehavior [ RunTime:0.003840s ]
INFO: [ app_end ] --END-- [ RunTime:0.003993s ]

[ 2019-06-05T15:25:04+08:00 ] ::1 /approach/index.php/Applist/Index/product_add
INFO: [ app_init ] --START--
INFO: Run Behavior\BuildLiteBehavior [ RunTime:0.000028s ]
INFO: [ app_init ] --END-- [ RunTime:0.000805s ]
INFO: [ app_begin ] --START--
INFO: Run Behavior\ReadHtmlCacheBehavior [ RunTime:0.000993s ]
INFO: [ app_begin ] --END-- [ RunTime:0.001097s ]
INFO: [ view_parse ] --START--
INFO: [ template_filter ] --START--
INFO: Run Behavior\ContentReplaceBehavior [ RunTime:0.000068s ]
INFO: [ template_filter ] --END-- [ RunTime:0.000181s ]
INFO: Run Behavior\ParseTemplateBehavior [ RunTime:0.025547s ]
INFO: [ view_parse ] --END-- [ RunTime:0.025655s ]
INFO: [ view_filter ] --START--
INFO: Run Behavior\WriteHtmlCacheBehavior [ RunTime:0.000611s ]
INFO: [ view_filter ] --END-- [ RunTime:0.000687s ]
INFO: [ app_end ] --START--
INFO: Run Behavior\ShowPageTraceBehavior [ RunTime:0.001128s ]
INFO: [ app_end ] --END-- [ RunTime:0.001211s ]

[ 2019-06-05T15:25:10+08:00 ] ::1 /approach/index.php/Applist/Index/product.html
INFO: [ app_init ] --START--
INFO: Run Behavior\BuildLiteBehavior [ RunTime:0.000027s ]
INFO: [ app_init ] --END-- [ RunTime:0.000788s ]
INFO: [ app_begin ] --START--
INFO: Run Behavior\ReadHtmlCacheBehavior [ RunTime:0.001154s ]
INFO: [ app_begin ] --END-- [ RunTime:0.001280s ]
INFO: [ view_parse ] --START--
INFO: [ template_filter ] --START--
INFO: Run Behavior\ContentReplaceBehavior [ RunTime:0.000105s ]
INFO: [ template_filter ] --END-- [ RunTime:0.000205s ]
NOTIC: [8] Undefined variable: v F:\wamp\www\approach\Application\Runtime\Cache\Applist\2e7db29ac21c7415fb9f68fa88326a39.php 第 85 行.
NOTIC: [8] Undefined variable: v F:\wamp\www\approach\Application\Runtime\Cache\Applist\2e7db29ac21c7415fb9f68fa88326a39.php 第 97 行.
NOTIC: [8] Undefined variable: v F:\wamp\www\approach\Application\Runtime\Cache\Applist\2e7db29ac21c7415fb9f68fa88326a39.php 第 98 行.
NOTIC: [8] Undefined variable: v F:\wamp\www\approach\Application\Runtime\Cache\Applist\2e7db29ac21c7415fb9f68fa88326a39.php 第 99 行.
NOTIC: [8] Undefined variable: v F:\wamp\www\approach\Application\Runtime\Cache\Applist\2e7db29ac21c7415fb9f68fa88326a39.php 第 104 行.
NOTIC: [8] Undefined variable: v F:\wamp\www\approach\Application\Runtime\Cache\Applist\2e7db29ac21c7415fb9f68fa88326a39.php 第 116 行.
NOTIC: [8] Undefined variable: v F:\wamp\www\approach\Application\Runtime\Cache\Applist\2e7db29ac21c7415fb9f68fa88326a39.php 第 117 行.
NOTIC: [8] Undefined variable: v F:\wamp\www\approach\Application\Runtime\Cache\Applist\2e7db29ac21c7415fb9f68fa88326a39.php 第 118 行.
NOTIC: [8] Undefined variable: page F:\wamp\www\approach\Application\Runtime\Cache\Applist\2e7db29ac21c7415fb9f68fa88326a39.php 第 125 行.
INFO: Run Behavior\ParseTemplateBehavior [ RunTime:0.009592s ]
INFO: [ view_parse ] --END-- [ RunTime:0.009681s ]
INFO: [ view_filter ] --START--
INFO: Run Behavior\WriteHtmlCacheBehavior [ RunTime:0.000636s ]
INFO: [ view_filter ] --END-- [ RunTime:0.000709s ]
INFO: [ app_end ] --START--
INFO: Run Behavior\ShowPageTraceBehavior [ RunTime:0.001120s ]
INFO: [ app_end ] --END-- [ RunTime:0.001200s ]

[ 2019-06-05T15:26:47+08:00 ] ::1 /approach/index.php/Applist/Index/product_add
INFO: [ app_init ] --START--
INFO: Run Behavior\BuildLiteBehavior [ RunTime:0.000076s ]
INFO: [ app_init ] --END-- [ RunTime:0.001132s ]
INFO: [ app_begin ] --START--
INFO: Run Behavior\ReadHtmlCacheBehavior [ RunTime:0.001054s ]
INFO: [ app_begin ] --END-- [ RunTime:0.001176s ]
INFO: [ view_parse ] --START--
INFO: [ template_filter ] --START--
INFO: Run Behavior\ContentReplaceBehavior [ RunTime:0.000073s ]
INFO: [ template_filter ] --END-- [ RunTime:0.000178s ]
INFO: Run Behavior\ParseTemplateBehavior [ RunTime:0.010958s ]
INFO: [ view_parse ] --END-- [ RunTime:0.011079s ]
INFO: [ view_filter ] --START--
INFO: Run Behavior\WriteHtmlCacheBehavior [ RunTime:0.000610s ]
INFO: [ view_filter ] --END-- [ RunTime:0.000690s ]
INFO: [ app_end ] --START--
INFO: Run Behavior\ShowPageTraceBehavior [ RunTime:0.001180s ]
INFO: [ app_end ] --END-- [ RunTime:0.001269s ]

[ 2019-06-05T15:26:50+08:00 ] ::1 /approach/index.php/Applist/Index/product.html
INFO: [ app_init ] --START--
INFO: Run Behavior\BuildLiteBehavior [ RunTime:0.000025s ]
INFO: [ app_init ] --END-- [ RunTime:0.000728s ]
INFO: [ app_begin ] --START--
INFO: Run Behavior\ReadHtmlCacheBehavior [ RunTime:0.000952s ]
INFO: [ app_begin ] --END-- [ RunTime:0.001088s ]
INFO: [ view_parse ] --START--
INFO: [ template_filter ] --START--
INFO: Run Behavior\ContentReplaceBehavior [ RunTime:0.000212s ]
INFO: [ template_filter ] --END-- [ RunTime:0.000383s ]
NOTIC: [8] Undefined variable: v F:\wamp\www\approach\Application\Runtime\Cache\Applist\2e7db29ac21c7415fb9f68fa88326a39.php 第 85 行.
NOTIC: [8] Undefined variable: v F:\wamp\www\approach\Application\Runtime\Cache\Applist\2e7db29ac21c7415fb9f68fa88326a39.php 第 97 行.
NOTIC: [8] Undefined variable: v F:\wamp\www\approach\Application\Runtime\Cache\Applist\2e7db29ac21c7415fb9f68fa88326a39.php 第 98 行.
NOTIC: [8] Undefined variable: v F:\wamp\www\approach\Application\Runtime\Cache\Applist\2e7db29ac21c7415fb9f68fa88326a39.php 第 99 行.
NOTIC: [8] Undefined variable: v F:\wamp\www\approach\Application\Runtime\Cache\Applist\2e7db29ac21c7415fb9f68fa88326a39.php 第 104 行.
NOTIC: [8] Undefined variable: v F:\wamp\www\approach\Application\Runtime\Cache\Applist\2e7db29ac21c7415fb9f68fa88326a39.php 第 116 行.
NOTIC: [8] Undefined variable: v F:\wamp\www\approach\Application\Runtime\Cache\Applist\2e7db29ac21c7415fb9f68fa88326a39.php 第 117 行.
NOTIC: [8] Undefined variable: v F:\wamp\www\approach\Application\Runtime\Cache\Applist\2e7db29ac21c7415fb9f68fa88326a39.php 第 118 行.
NOTIC: [8] Undefined variable: page F:\wamp\www\approach\Application\Runtime\Cache\Applist\2e7db29ac21c7415fb9f68fa88326a39.php 第 125 行.
INFO: Run Behavior\ParseTemplateBehavior [ RunTime:0.013336s ]
INFO: [ view_parse ] --END-- [ RunTime:0.013468s ]
INFO: [ view_filter ] --START--
INFO: Run Behavior\WriteHtmlCacheBehavior [ RunTime:0.000641s ]
INFO: [ view_filter ] --END-- [ RunTime:0.000724s ]
INFO: [ app_end ] --START--
INFO: Run Behavior\ShowPageTraceBehavior [ RunTime:0.001292s ]
INFO: [ app_end ] --END-- [ RunTime:0.001394s ]

[ 2019-06-05T15:27:08+08:00 ] ::1 /approach/index.php/Applist/Index/product_add
INFO: [ app_init ] --START--
INFO: Run Behavior\BuildLiteBehavior [ RunTime:0.000033s ]
INFO: [ app_init ] --END-- [ RunTime:0.001171s ]
INFO: [ app_begin ] --START--
INFO: Run Behavior\ReadHtmlCacheBehavior [ RunTime:0.001312s ]
INFO: [ app_begin ] --END-- [ RunTime:0.001458s ]
INFO: [ view_parse ] --START--
INFO: [ template_filter ] --START--
INFO: Run Behavior\ContentReplaceBehavior [ RunTime:0.000069s ]
INFO: [ template_filter ] --END-- [ RunTime:0.000170s ]
INFO: Run Behavior\ParseTemplateBehavior [ RunTime:0.009540s ]
INFO: [ view_parse ] --END-- [ RunTime:0.009646s ]
INFO: [ view_filter ] --START--
INFO: Run Behavior\WriteHtmlCacheBehavior [ RunTime:0.000791s ]
INFO: [ view_filter ] --END-- [ RunTime:0.000867s ]
INFO: [ app_end ] --START--
INFO: Run Behavior\ShowPageTraceBehavior [ RunTime:0.001228s ]
INFO: [ app_end ] --END-- [ RunTime:0.001323s ]

[ 2019-06-05T15:28:31+08:00 ] ::1 /approach/index.php/Applist/Index/product.html
INFO: [ app_init ] --START--
INFO: Run Behavior\BuildLiteBehavior [ RunTime:0.000028s ]
INFO: [ app_init ] --END-- [ RunTime:0.000846s ]
INFO: [ app_begin ] --START--
INFO: Run Behavior\ReadHtmlCacheBehavior [ RunTime:0.001343s ]
INFO: [ app_begin ] --END-- [ RunTime:0.001557s ]
INFO: [ view_parse ] --START--
INFO: [ template_filter ] --START--
INFO: Run Behavior\ContentReplaceBehavior [ RunTime:0.000215s ]
INFO: [ template_filter ] --END-- [ RunTime:0.000490s ]
NOTIC: [8] Undefined variable: v F:\wamp\www\approach\Application\Runtime\Cache\Applist\2e7db29ac21c7415fb9f68fa88326a39.php 第 85 行.
NOTIC: [8] Undefined variable: v F:\wamp\www\approach\Application\Runtime\Cache\Applist\2e7db29ac21c7415fb9f68fa88326a39.php 第 97 行.
NOTIC: [8] Undefined variable: v F:\wamp\www\approach\Application\Runtime\Cache\Applist\2e7db29ac21c7415fb9f68fa88326a39.php 第 98 行.
NOTIC: [8] Undefined variable: v F:\wamp\www\approach\Application\Runtime\Cache\Applist\2e7db29ac21c7415fb9f68fa88326a39.php 第 99 行.
NOTIC: [8] Undefined variable: v F:\wamp\www\approach\Application\Runtime\Cache\Applist\2e7db29ac21c7415fb9f68fa88326a39.php 第 104 行.
NOTIC: [8] Undefined variable: v F:\wamp\www\approach\Application\Runtime\Cache\Applist\2e7db29ac21c7415fb9f68fa88326a39.php 第 116 行.
NOTIC: [8] Undefined variable: v F:\wamp\www\approach\Application\Runtime\Cache\Applist\2e7db29ac21c7415fb9f68fa88326a39.php 第 117 行.
NOTIC: [8] Undefined variable: v F:\wamp\www\approach\Application\Runtime\Cache\Applist\2e7db29ac21c7415fb9f68fa88326a39.php 第 118 行.
NOTIC: [8] Undefined variable: page F:\wamp\www\approach\Application\Runtime\Cache\Applist\2e7db29ac21c7415fb9f68fa88326a39.php 第 125 行.
INFO: Run Behavior\ParseTemplateBehavior [ RunTime:0.012188s ]
INFO: [ view_parse ] --END-- [ RunTime:0.012292s ]
INFO: [ view_filter ] --START--
INFO: Run Behavior\WriteHtmlCacheBehavior [ RunTime:0.000698s ]
INFO: [ view_filter ] --END-- [ RunTime:0.000789s ]
INFO: [ app_end ] --START--
INFO: Run Behavior\ShowPageTraceBehavior [ RunTime:0.001252s ]
INFO: [ app_end ] --END-- [ RunTime:0.001347s ]

[ 2019-06-05T15:28:33+08:00 ] ::1 /approach/index.php/Applist/Index/product_add
INFO: [ app_init ] --START--
INFO: Run Behavior\BuildLiteBehavior [ RunTime:0.000025s ]
INFO: [ app_init ] --END-- [ RunTime:0.000699s ]
INFO: [ app_begin ] --START--
INFO: Run Behavior\ReadHtmlCacheBehavior [ RunTime:0.001307s ]
INFO: [ app_begin ] --END-- [ RunTime:0.001487s ]
INFO: [ view_parse ] --START--
INFO: [ template_filter ] --START--
INFO: Run Behavior\ContentReplaceBehavior [ RunTime:0.000070s ]
INFO: [ template_filter ] --END-- [ RunTime:0.000193s ]
INFO: Run Behavior\ParseTemplateBehavior [ RunTime:0.010233s ]
INFO: [ view_parse ] --END-- [ RunTime:0.010340s ]
INFO: [ view_filter ] --START--
INFO: Run Behavior\WriteHtmlCacheBehavior [ RunTime:0.000623s ]
INFO: [ view_filter ] --END-- [ RunTime:0.000702s ]
INFO: [ app_end ] --START--
INFO: Run Behavior\ShowPageTraceBehavior [ RunTime:0.001144s ]
INFO: [ app_end ] --END-- [ RunTime:0.001234s ]

[ 2019-06-05T15:28:40+08:00 ] ::1 /approach/index.php/Applist/Index/product.html
INFO: [ app_init ] --START--
INFO: Run Behavior\BuildLiteBehavior [ RunTime:0.000028s ]
INFO: [ app_init ] --END-- [ RunTime:0.000760s ]
INFO: [ app_begin ] --START--
INFO: Run Behavior\ReadHtmlCacheBehavior [ RunTime:0.001097s ]
INFO: [ app_begin ] --END-- [ RunTime:0.001249s ]
INFO: [ view_parse ] --START--
INFO: [ template_filter ] --START--
INFO: Run Behavior\ContentReplaceBehavior [ RunTime:0.000118s ]
INFO: [ template_filter ] --END-- [ RunTime:0.000228s ]
NOTIC: [8] Undefined variable: v F:\wamp\www\approach\Application\Runtime\Cache\Applist\2e7db29ac21c7415fb9f68fa88326a39.php 第 85 行.
NOTIC: [8] Undefined variable: v F:\wamp\www\approach\Application\Runtime\Cache\Applist\2e7db29ac21c7415fb9f68fa88326a39.php 第 97 行.
NOTIC: [8] Undefined variable: v F:\wamp\www\approach\Application\Runtime\Cache\Applist\2e7db29ac21c7415fb9f68fa88326a39.php 第 98 行.
NOTIC: [8] Undefined variable: v F:\wamp\www\approach\Application\Runtime\Cache\Applist\2e7db29ac21c7415fb9f68fa88326a39.php 第 99 行.
NOTIC: [8] Undefined variable: v F:\wamp\www\approach\Application\Runtime\Cache\Applist\2e7db29ac21c7415fb9f68fa88326a39.php 第 104 行.
NOTIC: [8] Undefined variable: v F:\wamp\www\approach\Application\Runtime\Cache\Applist\2e7db29ac21c7415fb9f68fa88326a39.php 第 116 行.
NOTIC: [8] Undefined variable: v F:\wamp\www\approach\Application\Runtime\Cache\Applist\2e7db29ac21c7415fb9f68fa88326a39.php 第 117 行.
NOTIC: [8] Undefined variable: v F:\wamp\www\approach\Application\Runtime\Cache\Applist\2e7db29ac21c7415fb9f68fa88326a39.php 第 118 行.
NOTIC: [8] Undefined variable: page F:\wamp\www\approach\Application\Runtime\Cache\Applist\2e7db29ac21c7415fb9f68fa88326a39.php 第 125 行.
INFO: Run Behavior\ParseTemplateBehavior [ RunTime:0.010361s ]
INFO: [ view_parse ] --END-- [ RunTime:0.010469s ]
INFO: [ view_filter ] --START--
INFO: Run Behavior\WriteHtmlCacheBehavior [ RunTime:0.000783s ]
INFO: [ view_filter ] --END-- [ RunTime:0.000875s ]
INFO: [ app_end ] --START--
INFO: Run Behavior\ShowPageTraceBehavior [ RunTime:0.002048s ]
INFO: [ app_end ] --END-- [ RunTime:0.002163s ]

[ 2019-06-05T15:28:44+08:00 ] ::1 /approach/index.php/Applist/Index/product_add
INFO: [ app_init ] --START--
INFO: Run Behavior\BuildLiteBehavior [ RunTime:0.000028s ]
INFO: [ app_init ] --END-- [ RunTime:0.000828s ]
INFO: [ app_begin ] --START--
INFO: Run Behavior\ReadHtmlCacheBehavior [ RunTime:0.001212s ]
INFO: [ app_begin ] --END-- [ RunTime:0.001396s ]
INFO: [ view_parse ] --START--
INFO: [ template_filter ] --START--
INFO: Run Behavior\ContentReplaceBehavior [ RunTime:0.000064s ]
INFO: [ template_filter ] --END-- [ RunTime:0.000163s ]
INFO: Run Behavior\ParseTemplateBehavior [ RunTime:0.008920s ]
INFO: [ view_parse ] --END-- [ RunTime:0.009039s ]
INFO: [ view_filter ] --START--
INFO: Run Behavior\WriteHtmlCacheBehavior [ RunTime:0.000721s ]
INFO: [ view_filter ] --END-- [ RunTime:0.000808s ]
INFO: [ app_end ] --START--
INFO: Run Behavior\ShowPageTraceBehavior [ RunTime:0.001147s ]
INFO: [ app_end ] --END-- [ RunTime:0.001229s ]

[ 2019-06-05T15:29:23+08:00 ] ::1 /approach/index.php/Applist/Index/product.html
INFO: [ app_init ] --START--
INFO: Run Behavior\BuildLiteBehavior [ RunTime:0.000043s ]
INFO: [ app_init ] --END-- [ RunTime:0.001400s ]
INFO: [ app_begin ] --START--
INFO: Run Behavior\ReadHtmlCacheBehavior [ RunTime:0.002007s ]
INFO: [ app_begin ] --END-- [ RunTime:0.002206s ]
INFO: [ view_parse ] --START--
INFO: [ template_filter ] --START--
INFO: Run Behavior\ContentReplaceBehavior [ RunTime:0.000164s ]
INFO: [ template_filter ] --END-- [ RunTime:0.000347s ]
NOTIC: [8] Undefined variable: v F:\wamp\www\approach\Application\Runtime\Cache\Applist\2e7db29ac21c7415fb9f68fa88326a39.php 第 85 行.
NOTIC: [8] Undefined variable: v F:\wamp\www\approach\Application\Runtime\Cache\Applist\2e7db29ac21c7415fb9f68fa88326a39.php 第 97 行.
NOTIC: [8] Undefined variable: v F:\wamp\www\approach\Application\Runtime\Cache\Applist\2e7db29ac21c7415fb9f68fa88326a39.php 第 98 行.
NOTIC: [8] Undefined variable: v F:\wamp\www\approach\Application\Runtime\Cache\Applist\2e7db29ac21c7415fb9f68fa88326a39.php 第 99 行.
NOTIC: [8] Undefined variable: v F:\wamp\www\approach\Application\Runtime\Cache\Applist\2e7db29ac21c7415fb9f68fa88326a39.php 第 104 行.
NOTIC: [8] Undefined variable: v F:\wamp\www\approach\Application\Runtime\Cache\Applist\2e7db29ac21c7415fb9f68fa88326a39.php 第 116 行.
NOTIC: [8] Undefined variable: v F:\wamp\www\approach\Application\Runtime\Cache\Applist\2e7db29ac21c7415fb9f68fa88326a39.php 第 117 行.
NOTIC: [8] Undefined variable: v F:\wamp\www\approach\Application\Runtime\Cache\Applist\2e7db29ac21c7415fb9f68fa88326a39.php 第 118 行.
NOTIC: [8] Undefined variable: page F:\wamp\www\approach\Application\Runtime\Cache\Applist\2e7db29ac21c7415fb9f68fa88326a39.php 第 125 行.
INFO: Run Behavior\ParseTemplateBehavior [ RunTime:0.016996s ]
INFO: [ view_parse ] --END-- [ RunTime:0.017156s ]
INFO: [ view_filter ] --START--
INFO: Run Behavior\WriteHtmlCacheBehavior [ RunTime:0.001238s ]
INFO: [ view_filter ] --END-- [ RunTime:0.001375s ]
INFO: [ app_end ] --START--
INFO: Run Behavior\ShowPageTraceBehavior [ RunTime:0.002037s ]
INFO: [ app_end ] --END-- [ RunTime:0.002203s ]

[ 2019-06-05T15:29:30+08:00 ] ::1 /approach/index.php/Applist/Index/product_add
INFO: [ app_init ] --START--
INFO: Run Behavior\BuildLiteBehavior [ RunTime:0.000027s ]
INFO: [ app_init ] --END-- [ RunTime:0.000843s ]
INFO: [ app_begin ] --START--
INFO: Run Behavior\ReadHtmlCacheBehavior [ RunTime:0.001032s ]
INFO: [ app_begin ] --END-- [ RunTime:0.001157s ]
INFO: [ view_parse ] --START--
INFO: [ template_filter ] --START--
INFO: Run Behavior\ContentReplaceBehavior [ RunTime:0.000071s ]
INFO: [ template_filter ] --END-- [ RunTime:0.000200s ]
INFO: Run Behavior\ParseTemplateBehavior [ RunTime:0.009667s ]
INFO: [ view_parse ] --END-- [ RunTime:0.009846s ]
INFO: [ view_filter ] --START--
INFO: Run Behavior\WriteHtmlCacheBehavior [ RunTime:0.000847s ]
INFO: [ view_filter ] --END-- [ RunTime:0.000958s ]
INFO: [ app_end ] --START--
INFO: Run Behavior\ShowPageTraceBehavior [ RunTime:0.001281s ]
INFO: [ app_end ] --END-- [ RunTime:0.001387s ]

[ 2019-06-05T15:29:58+08:00 ] ::1 /approach/index.php/Applist/Index/product.html
INFO: [ app_init ] --START--
INFO: Run Behavior\BuildLiteBehavior [ RunTime:0.000027s ]
INFO: [ app_init ] --END-- [ RunTime:0.000789s ]
INFO: [ app_begin ] --START--
INFO: Run Behavior\ReadHtmlCacheBehavior [ RunTime:0.001292s ]
INFO: [ app_begin ] --END-- [ RunTime:0.001433s ]
INFO: [ view_parse ] --START--
INFO: [ template_filter ] --START--
INFO: Run Behavior\ContentReplaceBehavior [ RunTime:0.000101s ]
INFO: [ template_filter ] --END-- [ RunTime:0.000196s ]
NOTIC: [8] Undefined variable: v F:\wamp\www\approach\Application\Runtime\Cache\Applist\2e7db29ac21c7415fb9f68fa88326a39.php 第 85 行.
NOTIC: [8] Undefined variable: v F:\wamp\www\approach\Application\Runtime\Cache\Applist\2e7db29ac21c7415fb9f68fa88326a39.php 第 97 行.
NOTIC: [8] Undefined variable: v F:\wamp\www\approach\Application\Runtime\Cache\Applist\2e7db29ac21c7415fb9f68fa88326a39.php 第 98 行.
NOTIC: [8] Undefined variable: v F:\wamp\www\approach\Application\Runtime\Cache\Applist\2e7db29ac21c7415fb9f68fa88326a39.php 第 99 行.
NOTIC: [8] Undefined variable: v F:\wamp\www\approach\Application\Runtime\Cache\Applist\2e7db29ac21c7415fb9f68fa88326a39.php 第 104 行.
NOTIC: [8] Undefined variable: v F:\wamp\www\approach\Application\Runtime\Cache\Applist\2e7db29ac21c7415fb9f68fa88326a39.php 第 116 行.
NOTIC: [8] Undefined variable: v F:\wamp\www\approach\Application\Runtime\Cache\Applist\2e7db29ac21c7415fb9f68fa88326a39.php 第 117 行.
NOTIC: [8] Undefined variable: v F:\wamp\www\approach\Application\Runtime\Cache\Applist\2e7db29ac21c7415fb9f68fa88326a39.php 第 118 行.
NOTIC: [8] Undefined variable: page F:\wamp\www\approach\Application\Runtime\Cache\Applist\2e7db29ac21c7415fb9f68fa88326a39.php 第 125 行.
INFO: Run Behavior\ParseTemplateBehavior [ RunTime:0.010243s ]
INFO: [ view_parse ] --END-- [ RunTime:0.010337s ]
INFO: [ view_filter ] --START--
INFO: Run Behavior\WriteHtmlCacheBehavior [ RunTime:0.000664s ]
INFO: [ view_filter ] --END-- [ RunTime:0.000761s ]
INFO: [ app_end ] --START--
INFO: Run Behavior\ShowPageTraceBehavior [ RunTime:0.001196s ]
INFO: [ app_end ] --END-- [ RunTime:0.001295s ]

[ 2019-06-05T15:32:14+08:00 ] ::1 /approach/index.php/Applist/Index/product_add
INFO: [ app_init ] --START--
INFO: Run Behavior\BuildLiteBehavior [ RunTime:0.000030s ]
INFO: [ app_init ] --END-- [ RunTime:0.001265s ]
INFO: [ app_begin ] --START--
INFO: Run Behavior\ReadHtmlCacheBehavior [ RunTime:0.001540s ]
INFO: [ app_begin ] --END-- [ RunTime:0.001674s ]
INFO: [ view_parse ] --START--
INFO: [ template_filter ] --START--
INFO: Run Behavior\ContentReplaceBehavior [ RunTime:0.000075s ]
INFO: [ template_filter ] --END-- [ RunTime:0.000190s ]
INFO: Run Behavior\ParseTemplateBehavior [ RunTime:0.008964s ]
INFO: [ view_parse ] --END-- [ RunTime:0.009074s ]
INFO: [ view_filter ] --START--
INFO: Run Behavior\WriteHtmlCacheBehavior [ RunTime:0.000840s ]
INFO: [ view_filter ] --END-- [ RunTime:0.000926s ]
INFO: [ app_end ] --START--
INFO: Run Behavior\ShowPageTraceBehavior [ RunTime:0.001168s ]
INFO: [ app_end ] --END-- [ RunTime:0.001269s ]

[ 2019-06-05T15:32:46+08:00 ] ::1 /approach/index.php/Applist/Index/product.html
INFO: [ app_init ] --START--
INFO: Run Behavior\BuildLiteBehavior [ RunTime:0.000028s ]
INFO: [ app_init ] --END-- [ RunTime:0.000825s ]
INFO: [ app_begin ] --START--
INFO: Run Behavior\ReadHtmlCacheBehavior [ RunTime:0.001473s ]
INFO: [ app_begin ] --END-- [ RunTime:0.001625s ]
INFO: [ view_parse ] --START--
INFO: [ template_filter ] --START--
INFO: Run Behavior\ContentReplaceBehavior [ RunTime:0.000128s ]
INFO: [ template_filter ] --END-- [ RunTime:0.000262s ]
NOTIC: [8] Undefined variable: v F:\wamp\www\approach\Application\Runtime\Cache\Applist\2e7db29ac21c7415fb9f68fa88326a39.php 第 85 行.
NOTIC: [8] Undefined variable: v F:\wamp\www\approach\Application\Runtime\Cache\Applist\2e7db29ac21c7415fb9f68fa88326a39.php 第 97 行.
NOTIC: [8] Undefined variable: v F:\wamp\www\approach\Application\Runtime\Cache\Applist\2e7db29ac21c7415fb9f68fa88326a39.php 第 98 行.
NOTIC: [8] Undefined variable: v F:\wamp\www\approach\Application\Runtime\Cache\Applist\2e7db29ac21c7415fb9f68fa88326a39.php 第 99 行.
NOTIC: [8] Undefined variable: v F:\wamp\www\approach\Application\Runtime\Cache\Applist\2e7db29ac21c7415fb9f68fa88326a39.php 第 104 行.
NOTIC: [8] Undefined variable: v F:\wamp\www\approach\Application\Runtime\Cache\Applist\2e7db29ac21c7415fb9f68fa88326a39.php 第 116 行.
NOTIC: [8] Undefined variable: v F:\wamp\www\approach\Application\Runtime\Cache\Applist\2e7db29ac21c7415fb9f68fa88326a39.php 第 117 行.
NOTIC: [8] Undefined variable: v F:\wamp\www\approach\Application\Runtime\Cache\Applist\2e7db29ac21c7415fb9f68fa88326a39.php 第 118 行.
NOTIC: [8] Undefined variable: page F:\wamp\www\approach\Application\Runtime\Cache\Applist\2e7db29ac21c7415fb9f68fa88326a39.php 第 125 行.
INFO: Run Behavior\ParseTemplateBehavior [ RunTime:0.010630s ]
INFO: [ view_parse ] --END-- [ RunTime:0.010779s ]
INFO: [ view_filter ] --START--
INFO: Run Behavior\WriteHtmlCacheBehavior [ RunTime:0.000986s ]
INFO: [ view_filter ] --END-- [ RunTime:0.001117s ]
INFO: [ app_end ] --START--
INFO: Run Behavior\ShowPageTraceBehavior [ RunTime:0.001480s ]
INFO: [ app_end ] --END-- [ RunTime:0.001585s ]

[ 2019-06-05T15:34:27+08:00 ] ::1 /approach/index.php/Applist/Index/product.html
INFO: [ app_init ] --START--
INFO: Run Behavior\BuildLiteBehavior [ RunTime:0.000027s ]
INFO: [ app_init ] --END-- [ RunTime:0.000867s ]
INFO: [ app_begin ] --START--
INFO: Run Behavior\ReadHtmlCacheBehavior [ RunTime:0.001305s ]
INFO: [ app_begin ] --END-- [ RunTime:0.001436s ]
INFO: [ view_parse ] --START--
INFO: [ template_filter ] --START--
INFO: Run Behavior\ContentReplaceBehavior [ RunTime:0.000165s ]
INFO: [ template_filter ] --END-- [ RunTime:0.000351s ]
NOTIC: [8] Undefined variable: v F:\wamp\www\approach\Application\Runtime\Cache\Applist\2e7db29ac21c7415fb9f68fa88326a39.php 第 85 行.
NOTIC: [8] Undefined variable: v F:\wamp\www\approach\Application\Runtime\Cache\Applist\2e7db29ac21c7415fb9f68fa88326a39.php 第 97 行.
NOTIC: [8] Undefined variable: v F:\wamp\www\approach\Application\Runtime\Cache\Applist\2e7db29ac21c7415fb9f68fa88326a39.php 第 98 行.
NOTIC: [8] Undefined variable: v F:\wamp\www\approach\Application\Runtime\Cache\Applist\2e7db29ac21c7415fb9f68fa88326a39.php 第 99 行.
NOTIC: [8] Undefined variable: v F:\wamp\www\approach\Application\Runtime\Cache\Applist\2e7db29ac21c7415fb9f68fa88326a39.php 第 104 行.
NOTIC: [8] Undefined variable: v F:\wamp\www\approach\Application\Runtime\Cache\Applist\2e7db29ac21c7415fb9f68fa88326a39.php 第 116 行.
NOTIC: [8] Undefined variable: v F:\wamp\www\approach\Application\Runtime\Cache\Applist\2e7db29ac21c7415fb9f68fa88326a39.php 第 117 行.
NOTIC: [8] Undefined variable: v F:\wamp\www\approach\Application\Runtime\Cache\Applist\2e7db29ac21c7415fb9f68fa88326a39.php 第 118 行.
NOTIC: [8] Undefined variable: page F:\wamp\www\approach\Application\Runtime\Cache\Applist\2e7db29ac21c7415fb9f68fa88326a39.php 第 125 行.
INFO: Run Behavior\ParseTemplateBehavior [ RunTime:0.016421s ]
INFO: [ view_parse ] --END-- [ RunTime:0.016528s ]
INFO: [ view_filter ] --START--
INFO: Run Behavior\WriteHtmlCacheBehavior [ RunTime:0.001108s ]
INFO: [ view_filter ] --END-- [ RunTime:0.001210s ]
INFO: [ app_end ] --START--
INFO: Run Behavior\ShowPageTraceBehavior [ RunTime:0.001587s ]
INFO: [ app_end ] --END-- [ RunTime:0.001740s ]

[ 2019-06-05T16:21:49+08:00 ] ::1 /approach/index.php/Applist/Index/index.html
INFO: [ app_init ] --START--
INFO: Run Behavior\BuildLiteBehavior [ RunTime:0.000043s ]
INFO: [ app_init ] --END-- [ RunTime:0.001506s ]
INFO: [ app_begin ] --START--
INFO: Run Behavior\ReadHtmlCacheBehavior [ RunTime:0.001030s ]
INFO: [ app_begin ] --END-- [ RunTime:0.001150s ]
INFO: [ view_parse ] --START--
INFO: [ template_filter ] --START--
INFO: Run Behavior\ContentReplaceBehavior [ RunTime:0.000093s ]
INFO: [ template_filter ] --END-- [ RunTime:0.000207s ]
INFO: Run Behavior\ParseTemplateBehavior [ RunTime:0.119626s ]
INFO: [ view_parse ] --END-- [ RunTime:0.119738s ]
INFO: [ view_filter ] --START--
INFO: Run Behavior\WriteHtmlCacheBehavior [ RunTime:0.000648s ]
INFO: [ view_filter ] --END-- [ RunTime:0.000731s ]
INFO: [ app_end ] --START--
INFO: Run Behavior\ShowPageTraceBehavior [ RunTime:0.001262s ]
INFO: [ app_end ] --END-- [ RunTime:0.001381s ]

[ 2019-06-05T16:21:53+08:00 ] ::1 /approach/index.php/Applist/Index/index.html
INFO: [ app_init ] --START--
INFO: Run Behavior\BuildLiteBehavior [ RunTime:0.000026s ]
INFO: [ app_init ] --END-- [ RunTime:0.000877s ]
INFO: [ app_begin ] --START--
INFO: Run Behavior\ReadHtmlCacheBehavior [ RunTime:0.001516s ]
INFO: [ app_begin ] --END-- [ RunTime:0.001703s ]
INFO: [ view_parse ] --START--
INFO: [ template_filter ] --START--
INFO: Run Behavior\ContentReplaceBehavior [ RunTime:0.000094s ]
INFO: [ template_filter ] --END-- [ RunTime:0.000224s ]
INFO: Run Behavior\ParseTemplateBehavior [ RunTime:0.010572s ]
INFO: [ view_parse ] --END-- [ RunTime:0.010718s ]
INFO: [ view_filter ] --START--
INFO: Run Behavior\WriteHtmlCacheBehavior [ RunTime:0.000867s ]
INFO: [ view_filter ] --END-- [ RunTime:0.000997s ]
INFO: [ app_end ] --START--
INFO: Run Behavior\ShowPageTraceBehavior [ RunTime:0.001287s ]
INFO: [ app_end ] --END-- [ RunTime:0.001408s ]

[ 2019-06-05T16:22:02+08:00 ] ::1 /approach/index.php/Applist/Index/index.html
INFO: [ app_init ] --START--
INFO: Run Behavior\BuildLiteBehavior [ RunTime:0.000028s ]
INFO: [ app_init ] --END-- [ RunTime:0.000758s ]
INFO: [ app_begin ] --START--
INFO: Run Behavior\ReadHtmlCacheBehavior [ RunTime:0.002041s ]
INFO: [ app_begin ] --END-- [ RunTime:0.002204s ]
INFO: [ view_parse ] --START--
INFO: [ template_filter ] --START--
INFO: Run Behavior\ContentReplaceBehavior [ RunTime:0.000097s ]
INFO: [ template_filter ] --END-- [ RunTime:0.000213s ]
INFO: Run Behavior\ParseTemplateBehavior [ RunTime:0.011532s ]
INFO: [ view_parse ] --END-- [ RunTime:0.012047s ]
INFO: [ view_filter ] --START--
INFO: Run Behavior\WriteHtmlCacheBehavior [ RunTime:0.001913s ]
INFO: [ view_filter ] --END-- [ RunTime:0.002096s ]
INFO: [ app_end ] --START--
INFO: Run Behavior\ShowPageTraceBehavior [ RunTime:0.002346s ]
INFO: [ app_end ] --END-- [ RunTime:0.002543s ]

[ 2019-06-05T16:27:25+08:00 ] ::1 /approach/index.php/Applist/Index/index.html
INFO: [ app_init ] --START--
INFO: Run Behavior\BuildLiteBehavior [ RunTime:0.000027s ]
INFO: [ app_init ] --END-- [ RunTime:0.000901s ]
INFO: [ app_begin ] --START--
INFO: Run Behavior\ReadHtmlCacheBehavior [ RunTime:0.001368s ]
INFO: [ app_begin ] --END-- [ RunTime:0.001587s ]
INFO: [ view_parse ] --START--
INFO: [ template_filter ] --START--
INFO: Run Behavior\ContentReplaceBehavior [ RunTime:0.000093s ]
INFO: [ template_filter ] --END-- [ RunTime:0.000213s ]
INFO: Run Behavior\ParseTemplateBehavior [ RunTime:0.009785s ]
INFO: [ view_parse ] --END-- [ RunTime:0.009911s ]
INFO: [ view_filter ] --START--
INFO: Run Behavior\WriteHtmlCacheBehavior [ RunTime:0.000775s ]
INFO: [ view_filter ] --END-- [ RunTime:0.000875s ]
INFO: [ app_end ] --START--
INFO: Run Behavior\ShowPageTraceBehavior [ RunTime:0.001403s ]
INFO: [ app_end ] --END-- [ RunTime:0.001487s ]

[ 2019-06-05T16:30:33+08:00 ] ::1 /approach/index.php/Applist/Index/index.html
INFO: [ app_init ] --START--
INFO: Run Behavior\BuildLiteBehavior [ RunTime:0.000027s ]
INFO: [ app_init ] --END-- [ RunTime:0.000851s ]
INFO: [ app_begin ] --START--
INFO: Run Behavior\ReadHtmlCacheBehavior [ RunTime:0.001164s ]
INFO: [ app_begin ] --END-- [ RunTime:0.001278s ]
INFO: [ view_parse ] --START--
INFO: [ template_filter ] --START--
INFO: Run Behavior\ContentReplaceBehavior [ RunTime:0.000120s ]
INFO: [ template_filter ] --END-- [ RunTime:0.000276s ]
INFO: Run Behavior\ParseTemplateBehavior [ RunTime:0.012305s ]
INFO: [ view_parse ] --END-- [ RunTime:0.012423s ]
INFO: [ view_filter ] --START--
INFO: Run Behavior\WriteHtmlCacheBehavior [ RunTime:0.000893s ]
INFO: [ view_filter ] --END-- [ RunTime:0.001012s ]
INFO: [ app_end ] --START--
INFO: Run Behavior\ShowPageTraceBehavior [ RunTime:0.001601s ]
INFO: [ app_end ] --END-- [ RunTime:0.001872s ]

[ 2019-06-05T16:30:34+08:00 ] ::1 /approach/index.php/Applist/Index/index.html
INFO: [ app_init ] --START--
INFO: Run Behavior\BuildLiteBehavior [ RunTime:0.000042s ]
INFO: [ app_init ] --END-- [ RunTime:0.000924s ]
INFO: [ app_begin ] --START--
INFO: Run Behavior\ReadHtmlCacheBehavior [ RunTime:0.001467s ]
INFO: [ app_begin ] --END-- [ RunTime:0.001643s ]
INFO: [ view_parse ] --START--
INFO: [ template_filter ] --START--
INFO: Run Behavior\ContentReplaceBehavior [ RunTime:0.000142s ]
INFO: [ template_filter ] --END-- [ RunTime:0.000331s ]
INFO: Run Behavior\ParseTemplateBehavior [ RunTime:0.014064s ]
INFO: [ view_parse ] --END-- [ RunTime:0.014244s ]
INFO: [ view_filter ] --START--
INFO: Run Behavior\WriteHtmlCacheBehavior [ RunTime:0.000902s ]
INFO: [ view_filter ] --END-- [ RunTime:0.001046s ]
INFO: [ app_end ] --START--
INFO: Run Behavior\ShowPageTraceBehavior [ RunTime:0.001710s ]
INFO: [ app_end ] --END-- [ RunTime:0.001877s ]

[ 2019-06-05T16:48:05+08:00 ] ::1 /approach/index.php/Applist/Index/index.html
INFO: [ app_init ] --START--
INFO: Run Behavior\BuildLiteBehavior [ RunTime:0.000029s ]
INFO: [ app_init ] --END-- [ RunTime:0.000921s ]
INFO: [ app_begin ] --START--
INFO: Run Behavior\ReadHtmlCacheBehavior [ RunTime:0.001691s ]
INFO: [ app_begin ] --END-- [ RunTime:0.001851s ]
INFO: [ view_parse ] --START--
INFO: [ template_filter ] --START--
INFO: Run Behavior\ContentReplaceBehavior [ RunTime:0.000119s ]
INFO: [ template_filter ] --END-- [ RunTime:0.000256s ]
INFO: Run Behavior\ParseTemplateBehavior [ RunTime:0.012375s ]
INFO: [ view_parse ] --END-- [ RunTime:0.012490s ]
INFO: [ view_filter ] --START--
INFO: Run Behavior\WriteHtmlCacheBehavior [ RunTime:0.000882s ]
INFO: [ view_filter ] --END-- [ RunTime:0.000959s ]
INFO: [ app_end ] --START--
INFO: Run Behavior\ShowPageTraceBehavior [ RunTime:0.001168s ]
INFO: [ app_end ] --END-- [ RunTime:0.001250s ]

[ 2019-06-05T16:58:24+08:00 ] ::1 /approach/index.php/Applist/Index/index.html
INFO: [ app_init ] --START--
INFO: Run Behavior\BuildLiteBehavior [ RunTime:0.000025s ]
INFO: [ app_init ] --END-- [ RunTime:0.000762s ]
INFO: [ app_begin ] --START--
INFO: Run Behavior\ReadHtmlCacheBehavior [ RunTime:0.001438s ]
INFO: [ app_begin ] --END-- [ RunTime:0.001549s ]
INFO: [ view_parse ] --START--
INFO: [ template_filter ] --START--
INFO: Run Behavior\ContentReplaceBehavior [ RunTime:0.000085s ]
INFO: [ template_filter ] --END-- [ RunTime:0.000185s ]
INFO: Run Behavior\ParseTemplateBehavior [ RunTime:0.011711s ]
INFO: [ view_parse ] --END-- [ RunTime:0.011817s ]
INFO: [ view_filter ] --START--
INFO: Run Behavior\WriteHtmlCacheBehavior [ RunTime:0.000982s ]
INFO: [ view_filter ] --END-- [ RunTime:0.001060s ]
INFO: [ app_end ] --START--
INFO: Run Behavior\ShowPageTraceBehavior [ RunTime:0.001231s ]
INFO: [ app_end ] --END-- [ RunTime:0.001364s ]

[ 2019-06-05T16:59:45+08:00 ] ::1 /approach/index.php/Applist/Index/index.html
INFO: [ app_init ] --START--
INFO: Run Behavior\BuildLiteBehavior [ RunTime:0.000027s ]
INFO: [ app_init ] --END-- [ RunTime:0.000818s ]
INFO: [ app_begin ] --START--
INFO: Run Behavior\ReadHtmlCacheBehavior [ RunTime:0.001900s ]
INFO: [ app_begin ] --END-- [ RunTime:0.002062s ]
INFO: [ view_parse ] --START--
INFO: [ template_filter ] --START--
INFO: Run Behavior\ContentReplaceBehavior [ RunTime:0.000092s ]
INFO: [ template_filter ] --END-- [ RunTime:0.000194s ]
INFO: Run Behavior\ParseTemplateBehavior [ RunTime:0.011163s ]
INFO: [ view_parse ] --END-- [ RunTime:0.011292s ]
INFO: [ view_filter ] --START--
INFO: Run Behavior\WriteHtmlCacheBehavior [ RunTime:0.001078s ]
INFO: [ view_filter ] --END-- [ RunTime:0.001234s ]
INFO: [ app_end ] --START--
INFO: Run Behavior\ShowPageTraceBehavior [ RunTime:0.001194s ]
INFO: [ app_end ] --END-- [ RunTime:0.001282s ]

[ 2019-06-05T17:03:42+08:00 ] ::1 /approach/index.php/Applist/Index/index.html
INFO: [ app_init ] --START--
INFO: Run Behavior\BuildLiteBehavior [ RunTime:0.000035s ]
INFO: [ app_init ] --END-- [ RunTime:0.001427s ]
INFO: [ app_begin ] --START--
INFO: Run Behavior\ReadHtmlCacheBehavior [ RunTime:0.001891s ]
INFO: [ app_begin ] --END-- [ RunTime:0.002075s ]
INFO: [ view_parse ] --START--
INFO: [ template_filter ] --START--
INFO: Run Behavior\ContentReplaceBehavior [ RunTime:0.000108s ]
INFO: [ template_filter ] --END-- [ RunTime:0.000237s ]
INFO: Run Behavior\ParseTemplateBehavior [ RunTime:0.015915s ]
INFO: [ view_parse ] --END-- [ RunTime:0.016107s ]
INFO: [ view_filter ] --START--
INFO: Run Behavior\WriteHtmlCacheBehavior [ RunTime:0.001662s ]
INFO: [ view_filter ] --END-- [ RunTime:0.001819s ]
INFO: [ app_end ] --START--
INFO: Run Behavior\ShowPageTraceBehavior [ RunTime:0.002796s ]
INFO: [ app_end ] --END-- [ RunTime:0.003188s ]

[ 2019-06-05T17:03:43+08:00 ] ::1 /approach/index.php/Applist/Index/index.html
INFO: [ app_init ] --START--
INFO: Run Behavior\BuildLiteBehavior [ RunTime:0.000038s ]
INFO: [ app_init ] --END-- [ RunTime:0.001231s ]
INFO: [ app_begin ] --START--
INFO: Run Behavior\ReadHtmlCacheBehavior [ RunTime:0.001328s ]
INFO: [ app_begin ] --END-- [ RunTime:0.001472s ]
INFO: [ view_parse ] --START--
INFO: [ template_filter ] --START--
INFO: Run Behavior\ContentReplaceBehavior [ RunTime:0.000089s ]
INFO: [ template_filter ] --END-- [ RunTime:0.000202s ]
INFO: Run Behavior\ParseTemplateBehavior [ RunTime:0.014556s ]
INFO: [ view_parse ] --END-- [ RunTime:0.014671s ]
INFO: [ view_filter ] --START--
INFO: Run Behavior\WriteHtmlCacheBehavior [ RunTime:0.001020s ]
INFO: [ view_filter ] --END-- [ RunTime:0.001108s ]
INFO: [ app_end ] --START--
INFO: Run Behavior\ShowPageTraceBehavior [ RunTime:0.001214s ]
INFO: [ app_end ] --END-- [ RunTime:0.001304s ]

[ 2019-06-05T17:03:44+08:00 ] ::1 /approach/index.php/Applist/Index/index.html
INFO: [ app_init ] --START--
INFO: Run Behavior\BuildLiteBehavior [ RunTime:0.000027s ]
INFO: [ app_init ] --END-- [ RunTime:0.000872s ]
INFO: [ app_begin ] --START--
INFO: Run Behavior\ReadHtmlCacheBehavior [ RunTime:0.001348s ]
INFO: [ app_begin ] --END-- [ RunTime:0.001472s ]
INFO: [ view_parse ] --START--
INFO: [ template_filter ] --START--
INFO: Run Behavior\ContentReplaceBehavior [ RunTime:0.000102s ]
INFO: [ template_filter ] --END-- [ RunTime:0.000322s ]
INFO: Run Behavior\ParseTemplateBehavior [ RunTime:0.013727s ]
INFO: [ view_parse ] --END-- [ RunTime:0.013896s ]
INFO: [ view_filter ] --START--
INFO: Run Behavior\WriteHtmlCacheBehavior [ RunTime:0.000987s ]
INFO: [ view_filter ] --END-- [ RunTime:0.001102s ]
INFO: [ app_end ] --START--
INFO: Run Behavior\ShowPageTraceBehavior [ RunTime:0.001337s ]
INFO: [ app_end ] --END-- [ RunTime:0.001447s ]

[ 2019-06-05T17:04:12+08:00 ] ::1 /approach/index.php/Applist/Index/index.html
INFO: [ app_init ] --START--
INFO: Run Behavior\BuildLiteBehavior [ RunTime:0.000026s ]
INFO: [ app_init ] --END-- [ RunTime:0.000906s ]
INFO: [ app_begin ] --START--
INFO: Run Behavior\ReadHtmlCacheBehavior [ RunTime:0.001222s ]
INFO: [ app_begin ] --END-- [ RunTime:0.001324s ]

[ 2019-06-05T17:06:06+08:00 ] ::1 /approach/index.php/Applist/Index/index.html
INFO: [ app_init ] --START--
INFO: Run Behavior\BuildLiteBehavior [ RunTime:0.000029s ]
INFO: [ app_init ] --END-- [ RunTime:0.001028s ]
INFO: [ app_begin ] --START--
INFO: Run Behavior\ReadHtmlCacheBehavior [ RunTime:0.001301s ]
INFO: [ app_begin ] --END-- [ RunTime:0.001412s ]
INFO: [ view_parse ] --START--
INFO: [ template_filter ] --START--
INFO: Run Behavior\ContentReplaceBehavior [ RunTime:0.000090s ]
INFO: [ template_filter ] --END-- [ RunTime:0.000205s ]
INFO: Run Behavior\ParseTemplateBehavior [ RunTime:0.011402s ]
INFO: [ view_parse ] --END-- [ RunTime:0.011534s ]
INFO: [ view_filter ] --START--
INFO: Run Behavior\WriteHtmlCacheBehavior [ RunTime:0.000788s ]
INFO: [ view_filter ] --END-- [ RunTime:0.000873s ]
INFO: [ app_end ] --START--
INFO: Run Behavior\ShowPageTraceBehavior [ RunTime:0.001709s ]
INFO: [ app_end ] --END-- [ RunTime:0.001859s ]

[ 2019-06-05T17:09:34+08:00 ] ::1 /approach/index.php/Applist/Index/index.html
INFO: [ app_init ] --START--
INFO: Run Behavior\BuildLiteBehavior [ RunTime:0.000049s ]
INFO: [ app_init ] --END-- [ RunTime:0.001267s ]
INFO: [ app_begin ] --START--
INFO: Run Behavior\ReadHtmlCacheBehavior [ RunTime:0.002486s ]
INFO: [ app_begin ] --END-- [ RunTime:0.002699s ]

[ 2019-06-05T17:19:10+08:00 ] ::1 /approach/index.php/Applist/Index/index.html
INFO: [ app_init ] --START--
INFO: Run Behavior\BuildLiteBehavior [ RunTime:0.000044s ]
INFO: [ app_init ] --END-- [ RunTime:0.000859s ]
INFO: [ app_begin ] --START--
INFO: Run Behavior\ReadHtmlCacheBehavior [ RunTime:0.001120s ]
INFO: [ app_begin ] --END-- [ RunTime:0.001213s ]

[ 2019-06-05T17:19:23+08:00 ] ::1 /approach/index.php/Applist/Index/index.html
INFO: [ app_init ] --START--
INFO: Run Behavior\BuildLiteBehavior [ RunTime:0.000044s ]
INFO: [ app_init ] --END-- [ RunTime:0.001153s ]
INFO: [ app_begin ] --START--
INFO: Run Behavior\ReadHtmlCacheBehavior [ RunTime:0.001275s ]
INFO: [ app_begin ] --END-- [ RunTime:0.001453s ]

[ 2019-06-05T17:25:13+08:00 ] ::1 /approach/index.php/Applist/Index/index.html
INFO: [ app_init ] --START--
INFO: Run Behavior\BuildLiteBehavior [ RunTime:0.000025s ]
INFO: [ app_init ] --END-- [ RunTime:0.000853s ]
INFO: [ app_begin ] --START--
INFO: Run Behavior\ReadHtmlCacheBehavior [ RunTime:0.001139s ]
INFO: [ app_begin ] --END-- [ RunTime:0.001260s ]

[ 2019-06-05T17:25:30+08:00 ] ::1 /approach/index.php/Applist/Index/index.html
INFO: [ app_init ] --START--
INFO: Run Behavior\BuildLiteBehavior [ RunTime:0.000024s ]
INFO: [ app_init ] --END-- [ RunTime:0.000706s ]
INFO: [ app_begin ] --START--
INFO: Run Behavior\ReadHtmlCacheBehavior [ RunTime:0.001316s ]
INFO: [ app_begin ] --END-- [ RunTime:0.001467s ]

[ 2019-06-05T17:25:42+08:00 ] ::1 /approach/index.php/Applist/Index/index.html
INFO: [ app_init ] --START--
INFO: Run Behavior\BuildLiteBehavior [ RunTime:0.000028s ]
INFO: [ app_init ] --END-- [ RunTime:0.000886s ]
INFO: [ app_begin ] --START--
INFO: Run Behavior\ReadHtmlCacheBehavior [ RunTime:0.000988s ]
INFO: [ app_begin ] --END-- [ RunTime:0.001093s ]

[ 2019-06-05T17:26:41+08:00 ] ::1 /approach/index.php/Applist/Index/index.html
INFO: [ app_init ] --START--
INFO: Run Behavior\BuildLiteBehavior [ RunTime:0.000028s ]
INFO: [ app_init ] --END-- [ RunTime:0.000793s ]
INFO: [ app_begin ] --START--
INFO: Run Behavior\ReadHtmlCacheBehavior [ RunTime:0.001009s ]
INFO: [ app_begin ] --END-- [ RunTime:0.001119s ]

[ 2019-06-05T17:27:19+08:00 ] ::1 /approach/index.php/Applist/Index/index.html
INFO: [ app_init ] --START--
INFO: Run Behavior\BuildLiteBehavior [ RunTime:0.000030s ]
INFO: [ app_init ] --END-- [ RunTime:0.000974s ]
INFO: [ app_begin ] --START--
INFO: Run Behavior\ReadHtmlCacheBehavior [ RunTime:0.001375s ]
INFO: [ app_begin ] --END-- [ RunTime:0.001531s ]

[ 2019-06-05T17:28:36+08:00 ] ::1 /approach/index.php/Applist/Index/index.html
INFO: [ app_init ] --START--
INFO: Run Behavior\BuildLiteBehavior [ RunTime:0.000029s ]
INFO: [ app_init ] --END-- [ RunTime:0.000845s ]
INFO: [ app_begin ] --START--
INFO: Run Behavior\ReadHtmlCacheBehavior [ RunTime:0.001042s ]
INFO: [ app_begin ] --END-- [ RunTime:0.001150s ]

[ 2019-06-05T17:28:53+08:00 ] ::1 /approach/index.php/Applist/Index/index.html
INFO: [ app_init ] --START--
INFO: Run Behavior\BuildLiteBehavior [ RunTime:0.000037s ]
INFO: [ app_init ] --END-- [ RunTime:0.000832s ]
INFO: [ app_begin ] --START--
INFO: Run Behavior\ReadHtmlCacheBehavior [ RunTime:0.001587s ]
INFO: [ app_begin ] --END-- [ RunTime:0.001749s ]

[ 2019-06-05T17:29:04+08:00 ] ::1 /approach/index.php/Applist/Index/index.html
INFO: [ app_init ] --START--
INFO: Run Behavior\BuildLiteBehavior [ RunTime:0.000028s ]
INFO: [ app_init ] --END-- [ RunTime:0.000767s ]
INFO: [ app_begin ] --START--
INFO: Run Behavior\ReadHtmlCacheBehavior [ RunTime:0.000983s ]
INFO: [ app_begin ] --END-- [ RunTime:0.001093s ]

[ 2019-06-05T17:29:57+08:00 ] ::1 /approach/index.php/Applist/Index/index.html
INFO: [ app_init ] --START--
INFO: Run Behavior\BuildLiteBehavior [ RunTime:0.000029s ]
INFO: [ app_init ] --END-- [ RunTime:0.001172s ]
INFO: [ app_begin ] --START--
INFO: Run Behavior\ReadHtmlCacheBehavior [ RunTime:0.001814s ]
INFO: [ app_begin ] --END-- [ RunTime:0.002098s ]

[ 2019-06-05T17:30:14+08:00 ] ::1 /approach/index.php/Applist/Index/index.html
INFO: [ app_init ] --START--
INFO: Run Behavior\BuildLiteBehavior [ RunTime:0.000047s ]
INFO: [ app_init ] --END-- [ RunTime:0.001206s ]
INFO: [ app_begin ] --START--
INFO: Run Behavior\ReadHtmlCacheBehavior [ RunTime:0.000997s ]
INFO: [ app_begin ] --END-- [ RunTime:0.001101s ]

[ 2019-06-05T17:31:00+08:00 ] ::1 /approach/index.php/Applist/Index/index.html
INFO: [ app_init ] --START--
INFO: Run Behavior\BuildLiteBehavior [ RunTime:0.000026s ]
INFO: [ app_init ] --END-- [ RunTime:0.000774s ]
INFO: [ app_begin ] --START--
INFO: Run Behavior\ReadHtmlCacheBehavior [ RunTime:0.001045s ]
INFO: [ app_begin ] --END-- [ RunTime:0.001166s ]
NOTIC: [8] Undefined index: PROCESSOR_IDENTIFIER F:\wamp\www\approach\Application\Applist\Controller\IndexController.class.php 第 16 行.

[ 2019-06-05T17:31:18+08:00 ] ::1 /approach/index.php/Applist/Index/index.html
INFO: [ app_init ] --START--
INFO: Run Behavior\BuildLiteBehavior [ RunTime:0.000025s ]
INFO: [ app_init ] --END-- [ RunTime:0.000716s ]
INFO: [ app_begin ] --START--
INFO: Run Behavior\ReadHtmlCacheBehavior [ RunTime:0.001214s ]
INFO: [ app_begin ] --END-- [ RunTime:0.001366s ]

[ 2019-06-05T17:32:04+08:00 ] ::1 /approach/index.php/Applist/Index/index.html
INFO: [ app_init ] --START--
INFO: Run Behavior\BuildLiteBehavior [ RunTime:0.000035s ]
INFO: [ app_init ] --END-- [ RunTime:0.001238s ]
INFO: [ app_begin ] --START--
INFO: Run Behavior\ReadHtmlCacheBehavior [ RunTime:0.001327s ]
INFO: [ app_begin ] --END-- [ RunTime:0.001443s ]
NOTIC: [8] Undefined index: USERDOMAIN F:\wamp\www\approach\Application\Applist\Controller\IndexController.class.php 第 16 行.

[ 2019-06-05T17:32:20+08:00 ] ::1 /approach/index.php/Applist/Index/index.html
INFO: [ app_init ] --START--
INFO: Run Behavior\BuildLiteBehavior [ RunTime:0.000028s ]
INFO: [ app_init ] --END-- [ RunTime:0.000777s ]
INFO: [ app_begin ] --START--
INFO: Run Behavior\ReadHtmlCacheBehavior [ RunTime:0.000975s ]
INFO: [ app_begin ] --END-- [ RunTime:0.001096s ]
NOTIC: [8] Undefined index: HTTP_ACCEPT_LANGUAG F:\wamp\www\approach\Application\Applist\Controller\IndexController.class.php 第 16 行.

[ 2019-06-05T17:32:20+08:00 ] ::1 /approach/index.php/Applist/Index/index.html
INFO: [ app_init ] --START--
INFO: Run Behavior\BuildLiteBehavior [ RunTime:0.000025s ]
INFO: [ app_init ] --END-- [ RunTime:0.000738s ]
INFO: [ app_begin ] --START--
INFO: Run Behavior\ReadHtmlCacheBehavior [ RunTime:0.000935s ]
INFO: [ app_begin ] --END-- [ RunTime:0.001042s ]
NOTIC: [8] Undefined index: HTTP_ACCEPT_LANGUAG F:\wamp\www\approach\Application\Applist\Controller\IndexController.class.php 第 16 行.

[ 2019-06-05T17:32:21+08:00 ] ::1 /approach/index.php/Applist/Index/index.html
INFO: [ app_init ] --START--
INFO: Run Behavior\BuildLiteBehavior [ RunTime:0.000027s ]
INFO: [ app_init ] --END-- [ RunTime:0.000793s ]
INFO: [ app_begin ] --START--
INFO: Run Behavior\ReadHtmlCacheBehavior [ RunTime:0.001188s ]
INFO: [ app_begin ] --END-- [ RunTime:0.001331s ]
NOTIC: [8] Undefined index: HTTP_ACCEPT_LANGUAG F:\wamp\www\approach\Application\Applist\Controller\IndexController.class.php 第 16 行.

[ 2019-06-05T17:32:35+08:00 ] ::1 /approach/index.php/Applist/Index/index.html
INFO: [ app_init ] --START--
INFO: Run Behavior\BuildLiteBehavior [ RunTime:0.000034s ]
INFO: [ app_init ] --END-- [ RunTime:0.001210s ]
INFO: [ app_begin ] --START--
INFO: Run Behavior\ReadHtmlCacheBehavior [ RunTime:0.001240s ]
INFO: [ app_begin ] --END-- [ RunTime:0.001393s ]

[ 2019-06-05T17:37:18+08:00 ] ::1 /approach/index.php/Applist/Index/index.html
INFO: [ app_init ] --START--
INFO: Run Behavior\BuildLiteBehavior [ RunTime:0.000028s ]
INFO: [ app_init ] --END-- [ RunTime:0.000842s ]
INFO: [ app_begin ] --START--
INFO: Run Behavior\ReadHtmlCacheBehavior [ RunTime:0.001603s ]
INFO: [ app_begin ] --END-- [ RunTime:0.001771s ]

[ 2019-06-05T17:37:29+08:00 ] ::1 /approach/index.php/Applist/Index/index.html
INFO: [ app_init ] --START--
INFO: Run Behavior\BuildLiteBehavior [ RunTime:0.000027s ]
INFO: [ app_init ] --END-- [ RunTime:0.000754s ]
INFO: [ app_begin ] --START--
INFO: Run Behavior\ReadHtmlCacheBehavior [ RunTime:0.001546s ]
INFO: [ app_begin ] --END-- [ RunTime:0.001719s ]

[ 2019-06-05T17:37:57+08:00 ] ::1 /approach/index.php/Applist/Index/index.html
INFO: [ app_init ] --START--
INFO: Run Behavior\BuildLiteBehavior [ RunTime:0.000039s ]
INFO: [ app_init ] --END-- [ RunTime:0.000800s ]
INFO: [ app_begin ] --START--
INFO: Run Behavior\ReadHtmlCacheBehavior [ RunTime:0.000989s ]
INFO: [ app_begin ] --END-- [ RunTime:0.001095s ]

[ 2019-06-05T17:47:12+08:00 ] ::1 /approach/index.php/Applist/Index/index.html
INFO: [ app_init ] --START--
INFO: Run Behavior\BuildLiteBehavior [ RunTime:0.000029s ]
INFO: [ app_init ] --END-- [ RunTime:0.000911s ]
INFO: [ app_begin ] --START--
INFO: Run Behavior\ReadHtmlCacheBehavior [ RunTime:0.001532s ]
INFO: [ app_begin ] --END-- [ RunTime:0.001644s ]
INFO: [ view_parse ] --START--
INFO: [ template_filter ] --START--
INFO: Run Behavior\ContentReplaceBehavior [ RunTime:0.000084s ]
INFO: [ template_filter ] --END-- [ RunTime:0.000191s ]
INFO: Run Behavior\ParseTemplateBehavior [ RunTime:0.010758s ]
INFO: [ view_parse ] --END-- [ RunTime:0.010890s ]
INFO: [ view_filter ] --START--
INFO: Run Behavior\WriteHtmlCacheBehavior [ RunTime:0.000756s ]
INFO: [ view_filter ] --END-- [ RunTime:0.000830s ]
INFO: [ app_end ] --START--
INFO: Run Behavior\ShowPageTraceBehavior [ RunTime:0.001156s ]
INFO: [ app_end ] --END-- [ RunTime:0.001241s ]

[ 2019-06-05T17:47:13+08:00 ] ::1 /approach/index.php/Applist/Index/index.html
INFO: [ app_init ] --START--
INFO: Run Behavior\BuildLiteBehavior [ RunTime:0.000033s ]
INFO: [ app_init ] --END-- [ RunTime:0.001048s ]
INFO: [ app_begin ] --START--
INFO: Run Behavior\ReadHtmlCacheBehavior [ RunTime:0.001289s ]
INFO: [ app_begin ] --END-- [ RunTime:0.001445s ]
INFO: [ view_parse ] --START--
INFO: [ template_filter ] --START--
INFO: Run Behavior\ContentReplaceBehavior [ RunTime:0.000130s ]
INFO: [ template_filter ] --END-- [ RunTime:0.000308s ]
INFO: Run Behavior\ParseTemplateBehavior [ RunTime:0.013273s ]
INFO: [ view_parse ] --END-- [ RunTime:0.013457s ]
INFO: [ view_filter ] --START--
INFO: Run Behavior\WriteHtmlCacheBehavior [ RunTime:0.000965s ]
INFO: [ view_filter ] --END-- [ RunTime:0.001127s ]
INFO: [ app_end ] --START--
INFO: Run Behavior\ShowPageTraceBehavior [ RunTime:0.001785s ]
INFO: [ app_end ] --END-- [ RunTime:0.001950s ]

[ 2019-06-05T17:47:43+08:00 ] ::1 /approach/index.php/Applist/Index/index.html
INFO: [ app_init ] --START--
INFO: Run Behavior\BuildLiteBehavior [ RunTime:0.000028s ]
INFO: [ app_init ] --END-- [ RunTime:0.000837s ]
INFO: [ app_begin ] --START--
INFO: Run Behavior\ReadHtmlCacheBehavior [ RunTime:0.000977s ]
INFO: [ app_begin ] --END-- [ RunTime:0.001082s ]
INFO: [ view_parse ] --START--
INFO: [ template_filter ] --START--
INFO: Run Behavior\ContentReplaceBehavior [ RunTime:0.000087s ]
INFO: [ template_filter ] --END-- [ RunTime:0.000197s ]
INFO: Run Behavior\ParseTemplateBehavior [ RunTime:0.009649s ]
INFO: [ view_parse ] --END-- [ RunTime:0.009766s ]
INFO: [ view_filter ] --START--
INFO: Run Behavior\WriteHtmlCacheBehavior [ RunTime:0.000588s ]
INFO: [ view_filter ] --END-- [ RunTime:0.000662s ]
INFO: [ app_end ] --START--
INFO: Run Behavior\ShowPageTraceBehavior [ RunTime:0.001097s ]
INFO: [ app_end ] --END-- [ RunTime:0.001213s ]

[ 2019-06-05T17:47:44+08:00 ] ::1 /approach/index.php/Applist/Index/index.html
INFO: [ app_init ] --START--
INFO: Run Behavior\BuildLiteBehavior [ RunTime:0.000041s ]
INFO: [ app_init ] --END-- [ RunTime:0.000936s ]
INFO: [ app_begin ] --START--
INFO: Run Behavior\ReadHtmlCacheBehavior [ RunTime:0.001505s ]
INFO: [ app_begin ] --END-- [ RunTime:0.001718s ]
INFO: [ view_parse ] --START--
INFO: [ template_filter ] --START--
INFO: Run Behavior\ContentReplaceBehavior [ RunTime:0.000145s ]
INFO: [ template_filter ] --END-- [ RunTime:0.000345s ]
INFO: Run Behavior\ParseTemplateBehavior [ RunTime:0.013938s ]
INFO: [ view_parse ] --END-- [ RunTime:0.014097s ]
INFO: [ view_filter ] --START--
INFO: Run Behavior\WriteHtmlCacheBehavior [ RunTime:0.000931s ]
INFO: [ view_filter ] --END-- [ RunTime:0.001075s ]
INFO: [ app_end ] --START--
INFO: Run Behavior\ShowPageTraceBehavior [ RunTime:0.001695s ]
INFO: [ app_end ] --END-- [ RunTime:0.001847s ]

[ 2019-06-05T17:48:11+08:00 ] ::1 /approach/index.php/Applist/Index/index.html
INFO: [ app_init ] --START--
INFO: Run Behavior\BuildLiteBehavior [ RunTime:0.000023s ]
INFO: [ app_init ] --END-- [ RunTime:0.000688s ]
INFO: [ app_begin ] --START--
INFO: Run Behavior\ReadHtmlCacheBehavior [ RunTime:0.000868s ]
INFO: [ app_begin ] --END-- [ RunTime:0.000961s ]
INFO: [ view_parse ] --START--
INFO: [ template_filter ] --START--
INFO: Run Behavior\ContentReplaceBehavior [ RunTime:0.000083s ]
INFO: [ template_filter ] --END-- [ RunTime:0.000185s ]
INFO: Run Behavior\ParseTemplateBehavior [ RunTime:0.009397s ]
INFO: [ view_parse ] --END-- [ RunTime:0.009495s ]
INFO: [ view_filter ] --START--
INFO: Run Behavior\WriteHtmlCacheBehavior [ RunTime:0.000628s ]
INFO: [ view_filter ] --END-- [ RunTime:0.000700s ]
INFO: [ app_end ] --START--
INFO: Run Behavior\ShowPageTraceBehavior [ RunTime:0.001102s ]
INFO: [ app_end ] --END-- [ RunTime:0.001181s ]

[ 2019-06-05T17:56:41+08:00 ] ::1 /approach/index.php/Applist/Index/index.html
INFO: [ app_init ] --START--
INFO: Run Behavior\BuildLiteBehavior [ RunTime:0.000026s ]
INFO: [ app_init ] --END-- [ RunTime:0.000876s ]
INFO: [ app_begin ] --START--
INFO: Run Behavior\ReadHtmlCacheBehavior [ RunTime:0.001111s ]
INFO: [ app_begin ] --END-- [ RunTime:0.001205s ]
INFO: [ view_parse ] --START--
INFO: [ template_filter ] --START--
INFO: Run Behavior\ContentReplaceBehavior [ RunTime:0.000083s ]
INFO: [ template_filter ] --END-- [ RunTime:0.000186s ]
INFO: Run Behavior\ParseTemplateBehavior [ RunTime:0.010608s ]
INFO: [ view_parse ] --END-- [ RunTime:0.010710s ]
INFO: [ view_filter ] --START--
INFO: Run Behavior\WriteHtmlCacheBehavior [ RunTime:0.000779s ]
INFO: [ view_filter ] --END-- [ RunTime:0.000874s ]
INFO: [ app_end ] --START--
INFO: Run Behavior\ShowPageTraceBehavior [ RunTime:0.001344s ]
INFO: [ app_end ] --END-- [ RunTime:0.001484s ]

[ 2019-06-05T18:20:53+08:00 ] ::1 /approach/index.php/Applist/Index/index.html
INFO: [ app_init ] --START--
INFO: Run Behavior\BuildLiteBehavior [ RunTime:0.000026s ]
INFO: [ app_init ] --END-- [ RunTime:0.000943s ]
INFO: [ app_begin ] --START--
INFO: Run Behavior\ReadHtmlCacheBehavior [ RunTime:0.001198s ]
INFO: [ app_begin ] --END-- [ RunTime:0.001295s ]
INFO: [ view_parse ] --START--
INFO: [ template_filter ] --START--
INFO: Run Behavior\ContentReplaceBehavior [ RunTime:0.000106s ]
INFO: [ template_filter ] --END-- [ RunTime:0.000229s ]
INFO: Run Behavior\ParseTemplateBehavior [ RunTime:0.012256s ]
INFO: [ view_parse ] --END-- [ RunTime:0.012381s ]
INFO: [ view_filter ] --START--
INFO: Run Behavior\WriteHtmlCacheBehavior [ RunTime:0.000897s ]
INFO: [ view_filter ] --END-- [ RunTime:0.001009s ]
INFO: [ app_end ] --START--
INFO: Run Behavior\ShowPageTraceBehavior [ RunTime:0.001348s ]
INFO: [ app_end ] --END-- [ RunTime:0.001455s ]

[ 2019-06-05T18:36:58+08:00 ] ::1 /approach/index.php/Applist/Index/index.html
INFO: [ app_init ] --START--
INFO: Run Behavior\BuildLiteBehavior [ RunTime:0.000029s ]
INFO: [ app_init ] --END-- [ RunTime:0.000959s ]
INFO: [ app_begin ] --START--
INFO: Run Behavior\ReadHtmlCacheBehavior [ RunTime:0.001116s ]
INFO: [ app_begin ] --END-- [ RunTime:0.001210s ]

[ 2019-06-05T18:37:01+08:00 ] ::1 /approach/index.php/Applist/Index/index.html
INFO: [ app_init ] --START--
INFO: Run Behavior\BuildLiteBehavior [ RunTime:0.000026s ]
INFO: [ app_init ] --END-- [ RunTime:0.000849s ]
INFO: [ app_begin ] --START--
INFO: Run Behavior\ReadHtmlCacheBehavior [ RunTime:0.001484s ]
INFO: [ app_begin ] --END-- [ RunTime:0.001617s ]

[ 2019-06-05T18:37:32+08:00 ] ::1 /approach/index.php/Applist/Index/index.html
INFO: [ app_init ] --START--
INFO: Run Behavior\BuildLiteBehavior [ RunTime:0.000038s ]
INFO: [ app_init ] --END-- [ RunTime:0.000913s ]
INFO: [ app_begin ] --START--
INFO: Run Behavior\ReadHtmlCacheBehavior [ RunTime:0.001082s ]
INFO: [ app_begin ] --END-- [ RunTime:0.001192s ]

[ 2019-06-05T18:39:50+08:00 ] ::1 /approach/index.php/Applist/Index/index.html
INFO: [ app_init ] --START--
INFO: Run Behavior\BuildLiteBehavior [ RunTime:0.000028s ]
INFO: [ app_init ] --END-- [ RunTime:0.000967s ]
INFO: [ app_begin ] --START--
INFO: Run Behavior\ReadHtmlCacheBehavior [ RunTime:0.001299s ]
INFO: [ app_begin ] --END-- [ RunTime:0.001406s ]
INFO: [ view_parse ] --START--
INFO: [ template_filter ] --START--
INFO: Run Behavior\ContentReplaceBehavior [ RunTime:0.000090s ]
INFO: [ template_filter ] --END-- [ RunTime:0.000198s ]
INFO: Run Behavior\ParseTemplateBehavior [ RunTime:0.011503s ]
INFO: [ view_parse ] --END-- [ RunTime:0.011657s ]
INFO: [ view_filter ] --START--
INFO: Run Behavior\WriteHtmlCacheBehavior [ RunTime:0.001096s ]
INFO: [ view_filter ] --END-- [ RunTime:0.001223s ]
INFO: [ app_end ] --START--
INFO: Run Behavior\ShowPageTraceBehavior [ RunTime:0.001197s ]
INFO: [ app_end ] --END-- [ RunTime:0.001283s ]

[ 2019-06-05T18:41:22+08:00 ] ::1 /approach/index.php/Applist/Index/index.html
INFO: [ app_init ] --START--
INFO: Run Behavior\BuildLiteBehavior [ RunTime:0.000028s ]
INFO: [ app_init ] --END-- [ RunTime:0.000826s ]
INFO: [ app_begin ] --START--
INFO: Run Behavior\ReadHtmlCacheBehavior [ RunTime:0.001271s ]
INFO: [ app_begin ] --END-- [ RunTime:0.001425s ]

[ 2019-06-05T18:43:34+08:00 ] ::1 /approach/index.php/Applist/Index/index.html
INFO: [ app_init ] --START--
INFO: Run Behavior\BuildLiteBehavior [ RunTime:0.000030s ]
INFO: [ app_init ] --END-- [ RunTime:0.001050s ]
INFO: [ app_begin ] --START--
INFO: Run Behavior\ReadHtmlCacheBehavior [ RunTime:0.001690s ]
INFO: [ app_begin ] --END-- [ RunTime:0.001847s ]
INFO: [ view_parse ] --START--
INFO: [ template_filter ] --START--
INFO: Run Behavior\ContentReplaceBehavior [ RunTime:0.000133s ]
INFO: [ template_filter ] --END-- [ RunTime:0.000301s ]
INFO: Run Behavior\ParseTemplateBehavior [ RunTime:0.017362s ]
INFO: [ view_parse ] --END-- [ RunTime:0.017546s ]
INFO: [ view_filter ] --START--
INFO: Run Behavior\WriteHtmlCacheBehavior [ RunTime:0.000901s ]
INFO: [ view_filter ] --END-- [ RunTime:0.000998s ]
INFO: [ app_end ] --START--
INFO: Run Behavior\ShowPageTraceBehavior [ RunTime:0.001699s ]
INFO: [ app_end ] --END-- [ RunTime:0.001814s ]

[ 2019-06-05T18:49:26+08:00 ] ::1 /approach/index.php/Applist/Index/index.html
INFO: [ app_init ] --START--
INFO: Run Behavior\BuildLiteBehavior [ RunTime:0.000028s ]
INFO: [ app_init ] --END-- [ RunTime:0.000884s ]
INFO: [ app_begin ] --START--
INFO: Run Behavior\ReadHtmlCacheBehavior [ RunTime:0.002029s ]
INFO: [ app_begin ] --END-- [ RunTime:0.002227s ]
INFO: [ view_parse ] --START--
INFO: [ template_filter ] --START--
INFO: Run Behavior\ContentReplaceBehavior [ RunTime:0.000089s ]
INFO: [ template_filter ] --END-- [ RunTime:0.000192s ]
INFO: Run Behavior\ParseTemplateBehavior [ RunTime:0.012061s ]
INFO: [ view_parse ] --END-- [ RunTime:0.012185s ]
INFO: [ view_filter ] --START--
INFO: Run Behavior\WriteHtmlCacheBehavior [ RunTime:0.001090s ]
INFO: [ view_filter ] --END-- [ RunTime:0.001179s ]
INFO: [ app_end ] --START--
INFO: Run Behavior\ShowPageTraceBehavior [ RunTime:0.001598s ]
INFO: [ app_end ] --END-- [ RunTime:0.001711s ]

[ 2019-06-05T18:49:30+08:00 ] ::1 /approach/index.php/Applist/Index/product.html
INFO: [ app_init ] --START--
INFO: Run Behavior\BuildLiteBehavior [ RunTime:0.000030s ]
INFO: [ app_init ] --END-- [ RunTime:0.000967s ]
INFO: [ app_begin ] --START--
INFO: Run Behavior\ReadHtmlCacheBehavior [ RunTime:0.001085s ]
INFO: [ app_begin ] --END-- [ RunTime:0.001201s ]
INFO: [ view_parse ] --START--
INFO: [ template_filter ] --START--
INFO: Run Behavior\ContentReplaceBehavior [ RunTime:0.000254s ]
INFO: [ template_filter ] --END-- [ RunTime:0.000519s ]
NOTIC: [8] Undefined variable: v F:\wamp\www\approach\Application\Runtime\Cache\Applist\2e7db29ac21c7415fb9f68fa88326a39.php 第 85 行.
NOTIC: [8] Undefined variable: v F:\wamp\www\approach\Application\Runtime\Cache\Applist\2e7db29ac21c7415fb9f68fa88326a39.php 第 97 行.
NOTIC: [8] Undefined variable: v F:\wamp\www\approach\Application\Runtime\Cache\Applist\2e7db29ac21c7415fb9f68fa88326a39.php 第 98 行.
NOTIC: [8] Undefined variable: v F:\wamp\www\approach\Application\Runtime\Cache\Applist\2e7db29ac21c7415fb9f68fa88326a39.php 第 99 行.
NOTIC: [8] Undefined variable: v F:\wamp\www\approach\Application\Runtime\Cache\Applist\2e7db29ac21c7415fb9f68fa88326a39.php 第 104 行.
NOTIC: [8] Undefined variable: v F:\wamp\www\approach\Application\Runtime\Cache\Applist\2e7db29ac21c7415fb9f68fa88326a39.php 第 116 行.
NOTIC: [8] Undefined variable: v F:\wamp\www\approach\Application\Runtime\Cache\Applist\2e7db29ac21c7415fb9f68fa88326a39.php 第 117 行.
NOTIC: [8] Undefined variable: v F:\wamp\www\approach\Application\Runtime\Cache\Applist\2e7db29ac21c7415fb9f68fa88326a39.php 第 118 行.
NOTIC: [8] Undefined variable: page F:\wamp\www\approach\Application\Runtime\Cache\Applist\2e7db29ac21c7415fb9f68fa88326a39.php 第 125 行.
INFO: Run Behavior\ParseTemplateBehavior [ RunTime:0.134301s ]
INFO: [ view_parse ] --END-- [ RunTime:0.134476s ]
INFO: [ view_filter ] --START--
INFO: Run Behavior\WriteHtmlCacheBehavior [ RunTime:0.001652s ]
INFO: [ view_filter ] --END-- [ RunTime:0.001846s ]
INFO: [ app_end ] --START--
INFO: Run Behavior\ShowPageTraceBehavior [ RunTime:0.003131s ]
INFO: [ app_end ] --END-- [ RunTime:0.003387s ]

[ 2019-06-05T18:49:49+08:00 ] ::1 /approach/index.php/Applist/Index/product_add
INFO: [ app_init ] --START--
INFO: Run Behavior\BuildLiteBehavior [ RunTime:0.000028s ]
INFO: [ app_init ] --END-- [ RunTime:0.000784s ]
INFO: [ app_begin ] --START--
INFO: Run Behavior\ReadHtmlCacheBehavior [ RunTime:0.001943s ]
INFO: [ app_begin ] --END-- [ RunTime:0.002116s ]
INFO: [ view_parse ] --START--
INFO: [ template_filter ] --START--
INFO: Run Behavior\ContentReplaceBehavior [ RunTime:0.000080s ]
INFO: [ template_filter ] --END-- [ RunTime:0.000194s ]
INFO: Run Behavior\ParseTemplateBehavior [ RunTime:0.079026s ]
INFO: [ view_parse ] --END-- [ RunTime:0.079222s ]
INFO: [ view_filter ] --START--
INFO: Run Behavior\WriteHtmlCacheBehavior [ RunTime:0.001518s ]
INFO: [ view_filter ] --END-- [ RunTime:0.001714s ]
INFO: [ app_end ] --START--
INFO: Run Behavior\ShowPageTraceBehavior [ RunTime:0.002760s ]
INFO: [ app_end ] --END-- [ RunTime:0.002970s ]

[ 2019-06-05T23:20:46+08:00 ] ::1 /approach/index.php/Applist/Index/product.html
INFO: [ app_init ] --START--
INFO: Run Behavior\BuildLiteBehavior [ RunTime:0.000100s ]
INFO: [ app_init ] --END-- [ RunTime:0.006421s ]
INFO: [ app_begin ] --START--
INFO: Run Behavior\ReadHtmlCacheBehavior [ RunTime:0.003419s ]
INFO: [ app_begin ] --END-- [ RunTime:0.003843s ]
INFO: [ view_parse ] --START--
INFO: [ template_filter ] --START--
INFO: Run Behavior\ContentReplaceBehavior [ RunTime:0.000236s ]
INFO: [ template_filter ] --END-- [ RunTime:0.000479s ]
NOTIC: [8] Undefined variable: v F:\wamp\www\approach\Application\Runtime\Cache\Applist\2e7db29ac21c7415fb9f68fa88326a39.php 第 85 行.
NOTIC: [8] Undefined variable: v F:\wamp\www\approach\Application\Runtime\Cache\Applist\2e7db29ac21c7415fb9f68fa88326a39.php 第 97 行.
NOTIC: [8] Undefined variable: v F:\wamp\www\approach\Application\Runtime\Cache\Applist\2e7db29ac21c7415fb9f68fa88326a39.php 第 98 行.
NOTIC: [8] Undefined variable: v F:\wamp\www\approach\Application\Runtime\Cache\Applist\2e7db29ac21c7415fb9f68fa88326a39.php 第 99 行.
NOTIC: [8] Undefined variable: v F:\wamp\www\approach\Application\Runtime\Cache\Applist\2e7db29ac21c7415fb9f68fa88326a39.php 第 104 行.
NOTIC: [8] Undefined variable: v F:\wamp\www\approach\Application\Runtime\Cache\Applist\2e7db29ac21c7415fb9f68fa88326a39.php 第 116 行.
NOTIC: [8] Undefined variable: v F:\wamp\www\approach\Application\Runtime\Cache\Applist\2e7db29ac21c7415fb9f68fa88326a39.php 第 117 行.
NOTIC: [8] Undefined variable: v F:\wamp\www\approach\Application\Runtime\Cache\Applist\2e7db29ac21c7415fb9f68fa88326a39.php 第 118 行.
NOTIC: [8] Undefined variable: page F:\wamp\www\approach\Application\Runtime\Cache\Applist\2e7db29ac21c7415fb9f68fa88326a39.php 第 125 行.
INFO: Run Behavior\ParseTemplateBehavior [ RunTime:0.125917s ]
INFO: [ view_parse ] --END-- [ RunTime:0.126111s ]
INFO: [ view_filter ] --START--
INFO: Run Behavior\WriteHtmlCacheBehavior [ RunTime:0.002061s ]
INFO: [ view_filter ] --END-- [ RunTime:0.002252s ]
INFO: [ app_end ] --START--
INFO: Run Behavior\ShowPageTraceBehavior [ RunTime:0.044905s ]
INFO: [ app_end ] --END-- [ RunTime:0.045414s ]

