[ 2019-06-27T09:44:29+08:00 ] ::1 /images/light.png
INFO: [ app_init ] --START--
INFO: Run Behavior\BuildLiteBehavior [ RunTime:0.000033s ]
INFO: [ app_init ] --END-- [ RunTime:0.000664s ]
ERR: 无法加载模块:Images

[ 2019-06-27T09:44:29+08:00 ] ::1 /favicon.ico
INFO: [ app_init ] --START--
INFO: Run Behavior\BuildLiteBehavior [ RunTime:0.000030s ]
INFO: [ app_init ] --END-- [ RunTime:0.000853s ]
ERR: 无法加载模块:Favicon

[ 2019-06-27T11:05:20+08:00 ] 127.0.0.1 /images/light.png
INFO: [ app_init ] --START--
INFO: Run Behavior\BuildLiteBehavior [ RunTime:0.000032s ]
INFO: [ app_init ] --END-- [ RunTime:0.000718s ]
ERR: 无法加载模块:Images

[ 2019-06-27T11:05:29+08:00 ] 127.0.0.1 /phpmyadmin
INFO: [ app_init ] --START--
INFO: Run Behavior\BuildLiteBehavior [ RunTime:0.000025s ]
INFO: [ app_init ] --END-- [ RunTime:0.000571s ]
ERR: 无法加载模块:Phpmyadmin

[ 2019-06-27T11:40:51+08:00 ] 127.0.0.1 /Publicimages/t03.png
INFO: [ app_init ] --START--
INFO: Run Behavior\BuildLiteBehavior [ RunTime:0.000033s ]
INFO: [ app_init ] --END-- [ RunTime:0.000660s ]
ERR: 无法加载模块:Publicimages

[ 2019-06-27T11:40:51+08:00 ] 127.0.0.1 /Publicimages/t02.png
INFO: [ app_init ] --START--
INFO: Run Behavior\BuildLiteBehavior [ RunTime:0.000034s ]
INFO: [ app_init ] --END-- [ RunTime:0.001103s ]
ERR: 无法加载模块:Publicimages

[ 2019-06-27T11:40:51+08:00 ] 127.0.0.1 /Publicimages/img01.png
INFO: [ app_init ] --START--
INFO: Run Behavior\BuildLiteBehavior [ RunTime:0.000028s ]
INFO: [ app_init ] --END-- [ RunTime:0.000716s ]
ERR: 无法加载模块:Publicimages

[ 2019-06-27T11:40:51+08:00 ] 127.0.0.1 /Publicimages/t01.png
INFO: [ app_init ] --START--
INFO: Run Behavior\BuildLiteBehavior [ RunTime:0.000035s ]
INFO: [ app_init ] --END-- [ RunTime:0.000774s ]
ERR: 无法加载模块:Publicimages

[ 2019-06-27T11:40:51+08:00 ] 127.0.0.1 /Publicimages/t05.png
INFO: [ app_init ] --START--
INFO: Run Behavior\BuildLiteBehavior [ RunTime:0.000038s ]
INFO: [ app_init ] --END-- [ RunTime:0.000841s ]
ERR: 无法加载模块:Publicimages

[ 2019-06-27T11:40:51+08:00 ] 127.0.0.1 /Publicimages/t04.png
INFO: [ app_init ] --START--
INFO: Run Behavior\BuildLiteBehavior [ RunTime:0.000033s ]
INFO: [ app_init ] --END-- [ RunTime:0.000671s ]
ERR: 无法加载模块:Publicimages

[ 2019-06-27T11:40:51+08:00 ] 127.0.0.1 /Publicimages/img02.png
INFO: [ app_init ] --START--
INFO: Run Behavior\BuildLiteBehavior [ RunTime:0.000032s ]
INFO: [ app_init ] --END-- [ RunTime:0.000708s ]
ERR: 无法加载模块:Publicimages

[ 2019-06-27T11:40:51+08:00 ] 127.0.0.1 /Publicimages/img06.png
INFO: [ app_init ] --START--
INFO: Run Behavior\BuildLiteBehavior [ RunTime:0.000032s ]
INFO: [ app_init ] --END-- [ RunTime:0.000761s ]
ERR: 无法加载模块:Publicimages

[ 2019-06-27T11:40:51+08:00 ] 127.0.0.1 /Publicimages/img07.png
INFO: [ app_init ] --START--
INFO: Run Behavior\BuildLiteBehavior [ RunTime:0.000039s ]
INFO: [ app_init ] --END-- [ RunTime:0.001014s ]
ERR: 无法加载模块:Publicimages

[ 2019-06-27T11:40:51+08:00 ] 127.0.0.1 /Publicimages/img04.png
INFO: [ app_init ] --START--
INFO: Run Behavior\BuildLiteBehavior [ RunTime:0.000033s ]
INFO: [ app_init ] --END-- [ RunTime:0.019316s ]
ERR: 无法加载模块:Publicimages

[ 2019-06-27T11:40:51+08:00 ] 127.0.0.1 /Publicimages/img05.png
INFO: [ app_init ] --START--
INFO: Run Behavior\BuildLiteBehavior [ RunTime:0.000055s ]
INFO: [ app_init ] --END-- [ RunTime:0.030269s ]
ERR: 无法加载模块:Publicimages

[ 2019-06-27T11:40:51+08:00 ] 127.0.0.1 /Publicimages/img03.png
INFO: [ app_init ] --START--
INFO: Run Behavior\BuildLiteBehavior [ RunTime:0.000030s ]
INFO: [ app_init ] --END-- [ RunTime:0.000679s ]
ERR: 无法加载模块:Publicimages

[ 2019-06-27T11:40:51+08:00 ] 127.0.0.1 /Publicimages/img09.png
INFO: [ app_init ] --START--
INFO: Run Behavior\BuildLiteBehavior [ RunTime:0.000033s ]
INFO: [ app_init ] --END-- [ RunTime:0.000667s ]
ERR: 无法加载模块:Publicimages

[ 2019-06-27T11:40:51+08:00 ] 127.0.0.1 /Publicimages/t02.png
INFO: [ app_init ] --START--
INFO: Run Behavior\BuildLiteBehavior [ RunTime:0.000036s ]
INFO: [ app_init ] --END-- [ RunTime:0.000789s ]
ERR: 无法加载模块:Publicimages

[ 2019-06-27T11:40:51+08:00 ] 127.0.0.1 /Publicimages/img08.png
INFO: [ app_init ] --START--
INFO: Run Behavior\BuildLiteBehavior [ RunTime:0.000031s ]
INFO: [ app_init ] --END-- [ RunTime:0.000738s ]
ERR: 无法加载模块:Publicimages

[ 2019-06-27T11:40:51+08:00 ] 127.0.0.1 /Publicimages/img10.png
INFO: [ app_init ] --START--
INFO: Run Behavior\BuildLiteBehavior [ RunTime:0.000031s ]
INFO: [ app_init ] --END-- [ RunTime:0.000762s ]
ERR: 无法加载模块:Publicimages

[ 2019-06-27T11:40:51+08:00 ] 127.0.0.1 /Publicimages/ticon.png
INFO: [ app_init ] --START--
INFO: Run Behavior\BuildLiteBehavior [ RunTime:0.000037s ]
INFO: [ app_init ] --END-- [ RunTime:0.005148s ]
ERR: 无法加载模块:Publicimages

[ 2019-06-27T11:40:51+08:00 ] 127.0.0.1 /Publicimages/t03.png
INFO: [ app_init ] --START--
INFO: Run Behavior\BuildLiteBehavior [ RunTime:0.000042s ]
INFO: [ app_init ] --END-- [ RunTime:0.001148s ]
ERR: 无法加载模块:Publicimages

[ 2019-06-27T11:40:57+08:00 ] 127.0.0.1 /Publicimages/t02.png
INFO: [ app_init ] --START--
INFO: Run Behavior\BuildLiteBehavior [ RunTime:0.000032s ]
INFO: [ app_init ] --END-- [ RunTime:0.000711s ]
ERR: 无法加载模块:Publicimages

[ 2019-06-27T11:40:57+08:00 ] 127.0.0.1 /Publicimages/t01.png
INFO: [ app_init ] --START--
INFO: Run Behavior\BuildLiteBehavior [ RunTime:0.000046s ]
INFO: [ app_init ] --END-- [ RunTime:0.000749s ]
ERR: 无法加载模块:Publicimages

[ 2019-06-27T11:40:57+08:00 ] 127.0.0.1 /Publicimages/img01.png
INFO: [ app_init ] --START--
INFO: Run Behavior\BuildLiteBehavior [ RunTime:0.000030s ]
INFO: [ app_init ] --END-- [ RunTime:0.000794s ]
ERR: 无法加载模块:Publicimages

[ 2019-06-27T11:40:57+08:00 ] 127.0.0.1 /Publicimages/img02.png
INFO: [ app_init ] --START--
INFO: Run Behavior\BuildLiteBehavior [ RunTime:0.000030s ]
INFO: [ app_init ] --END-- [ RunTime:0.000694s ]
ERR: 无法加载模块:Publicimages

[ 2019-06-27T11:40:58+08:00 ] 127.0.0.1 /Publicimages/img03.png
INFO: [ app_init ] --START--
INFO: Run Behavior\BuildLiteBehavior [ RunTime:0.000032s ]
INFO: [ app_init ] --END-- [ RunTime:0.000678s ]
ERR: 无法加载模块:Publicimages

[ 2019-06-27T11:40:58+08:00 ] 127.0.0.1 /Publicimages/t03.png
INFO: [ app_init ] --START--
INFO: Run Behavior\BuildLiteBehavior [ RunTime:0.000033s ]
INFO: [ app_init ] --END-- [ RunTime:0.000984s ]
ERR: 无法加载模块:Publicimages

[ 2019-06-27T11:40:58+08:00 ] 127.0.0.1 /Publicimages/t05.png
INFO: [ app_init ] --START--
INFO: Run Behavior\BuildLiteBehavior [ RunTime:0.000033s ]
INFO: [ app_init ] --END-- [ RunTime:0.000731s ]
ERR: 无法加载模块:Publicimages

[ 2019-06-27T11:40:58+08:00 ] 127.0.0.1 /Publicimages/img06.png
INFO: [ app_init ] --START--
INFO: Run Behavior\BuildLiteBehavior [ RunTime:0.000030s ]
INFO: [ app_init ] --END-- [ RunTime:0.000667s ]
ERR: 无法加载模块:Publicimages

[ 2019-06-27T11:40:58+08:00 ] 127.0.0.1 /Publicimages/img04.png
INFO: [ app_init ] --START--
INFO: Run Behavior\BuildLiteBehavior [ RunTime:0.000027s ]
INFO: [ app_init ] --END-- [ RunTime:0.000708s ]
ERR: 无法加载模块:Publicimages

[ 2019-06-27T11:40:58+08:00 ] 127.0.0.1 /Publicimages/img07.png
INFO: [ app_init ] --START--
INFO: Run Behavior\BuildLiteBehavior [ RunTime:0.000034s ]
INFO: [ app_init ] --END-- [ RunTime:0.000695s ]
ERR: 无法加载模块:Publicimages

[ 2019-06-27T11:40:58+08:00 ] 127.0.0.1 /Publicimages/img09.png
INFO: [ app_init ] --START--
INFO: Run Behavior\BuildLiteBehavior [ RunTime:0.000026s ]
INFO: [ app_init ] --END-- [ RunTime:0.000697s ]
ERR: 无法加载模块:Publicimages

[ 2019-06-27T11:40:58+08:00 ] 127.0.0.1 /Publicimages/t04.png
INFO: [ app_init ] --START--
INFO: Run Behavior\BuildLiteBehavior [ RunTime:0.000054s ]
INFO: [ app_init ] --END-- [ RunTime:0.001359s ]
ERR: 无法加载模块:Publicimages

[ 2019-06-27T11:40:58+08:00 ] 127.0.0.1 /Publicimages/img08.png
INFO: [ app_init ] --START--
INFO: Run Behavior\BuildLiteBehavior [ RunTime:0.000046s ]
INFO: [ app_init ] --END-- [ RunTime:0.001665s ]
ERR: 无法加载模块:Publicimages

[ 2019-06-27T11:40:58+08:00 ] 127.0.0.1 /Publicimages/img10.png
INFO: [ app_init ] --START--
INFO: Run Behavior\BuildLiteBehavior [ RunTime:0.000030s ]
INFO: [ app_init ] --END-- [ RunTime:0.000693s ]
ERR: 无法加载模块:Publicimages

[ 2019-06-27T11:40:58+08:00 ] 127.0.0.1 /Publicimages/ticon.png
INFO: [ app_init ] --START--
INFO: Run Behavior\BuildLiteBehavior [ RunTime:0.000032s ]
INFO: [ app_init ] --END-- [ RunTime:0.000882s ]
ERR: 无法加载模块:Publicimages

[ 2019-06-27T11:40:58+08:00 ] 127.0.0.1 /Publicimages/img05.png
INFO: [ app_init ] --START--
INFO: Run Behavior\BuildLiteBehavior [ RunTime:0.000035s ]
INFO: [ app_init ] --END-- [ RunTime:0.000994s ]
ERR: 无法加载模块:Publicimages

[ 2019-06-27T11:40:58+08:00 ] 127.0.0.1 /Publicimages/t02.png
INFO: [ app_init ] --START--
INFO: Run Behavior\BuildLiteBehavior [ RunTime:0.000030s ]
INFO: [ app_init ] --END-- [ RunTime:0.000746s ]
ERR: 无法加载模块:Publicimages

[ 2019-06-27T11:40:58+08:00 ] 127.0.0.1 /Publicimages/t01.png
INFO: [ app_init ] --START--
INFO: Run Behavior\BuildLiteBehavior [ RunTime:0.000029s ]
INFO: [ app_init ] --END-- [ RunTime:0.000662s ]
ERR: 无法加载模块:Publicimages

[ 2019-06-27T11:43:03+08:00 ] 127.0.0.1 /Publicimages/t05.png
INFO: [ app_init ] --START--
INFO: Run Behavior\BuildLiteBehavior [ RunTime:0.000031s ]
INFO: [ app_init ] --END-- [ RunTime:0.000729s ]
ERR: 无法加载模块:Publicimages

[ 2019-06-27T11:43:03+08:00 ] 127.0.0.1 /Publicimages/t01.png
INFO: [ app_init ] --START--
INFO: Run Behavior\BuildLiteBehavior [ RunTime:0.000028s ]
INFO: [ app_init ] --END-- [ RunTime:0.000706s ]
ERR: 无法加载模块:Publicimages

[ 2019-06-27T11:43:03+08:00 ] 127.0.0.1 /Publicimages/t04.png
INFO: [ app_init ] --START--
INFO: Run Behavior\BuildLiteBehavior [ RunTime:0.000030s ]
INFO: [ app_init ] --END-- [ RunTime:0.000698s ]
ERR: 无法加载模块:Publicimages

[ 2019-06-27T11:43:03+08:00 ] 127.0.0.1 /Publicimages/t02.png
INFO: [ app_init ] --START--
INFO: Run Behavior\BuildLiteBehavior [ RunTime:0.000030s ]
INFO: [ app_init ] --END-- [ RunTime:0.000822s ]
ERR: 无法加载模块:Publicimages

[ 2019-06-27T11:43:03+08:00 ] 127.0.0.1 /Publicimages/t03.png
INFO: [ app_init ] --START--
INFO: Run Behavior\BuildLiteBehavior [ RunTime:0.000031s ]
INFO: [ app_init ] --END-- [ RunTime:0.000763s ]
ERR: 无法加载模块:Publicimages

[ 2019-06-27T11:43:26+08:00 ] 127.0.0.1 /Publicimages/t05.png
INFO: [ app_init ] --START--
INFO: Run Behavior\BuildLiteBehavior [ RunTime:0.000032s ]
INFO: [ app_init ] --END-- [ RunTime:0.000769s ]
ERR: 无法加载模块:Publicimages

[ 2019-06-27T13:32:03+08:00 ] 127.0.0.1 /Public/images/rar_o1.jpg
INFO: [ app_init ] --START--
INFO: Run Behavior\BuildLiteBehavior [ RunTime:0.000030s ]
INFO: [ app_init ] --END-- [ RunTime:0.000685s ]
ERR: 无法加载模块:Public

[ 2019-06-27T17:04:50+08:00 ] 127.0.0.1 /index.php/FileUpload/Pack/upload.html
INFO: [ app_init ] --START--
INFO: Run Behavior\BuildLiteBehavior [ RunTime:0.000019s ]
INFO: [ app_init ] --END-- [ RunTime:0.000498s ]
ERR: 无法加载模块:FileUpload

