[ 2019-06-28T09:37:09+08:00 ] 127.0.0.1 /images/light.png
INFO: [ app_init ] --START--
INFO: Run Behavior\BuildLiteBehavior [ RunTime:0.000029s ]
INFO: [ app_init ] --END-- [ RunTime:0.000581s ]
ERR: 无法加载模块:Images

[ 2019-06-28T11:30:47+08:00 ] 127.0.0.1 /phpmyadmin
INFO: [ app_init ] --START--
INFO: Run Behavior\BuildLiteBehavior [ RunTime:0.000030s ]
INFO: [ app_init ] --END-- [ RunTime:0.000715s ]
ERR: 无法加载模块:Phpmyadmin

[ 2019-06-28T16:53:28+08:00 ] 127.0.0.1 /images/light.png
INFO: [ app_init ] --START--
INFO: Run Behavior\BuildLiteBehavior [ RunTime:0.000031s ]
INFO: [ app_init ] --END-- [ RunTime:0.000897s ]
ERR: 无法加载模块:Images

[ 2019-06-28T17:12:48+08:00 ] 127.0.0.1 /images/light.png
INFO: [ app_init ] --START--
INFO: Run Behavior\BuildLiteBehavior [ RunTime:0.000036s ]
INFO: [ app_init ] --END-- [ RunTime:0.000793s ]
ERR: 无法加载模块:Images

