[ 2019-07-17T10:41:12+08:00 ] ::1 /index.php/FileUpdate/Index/index.html
INFO: [ app_init ] --START--
INFO: Run Behavior\BuildLiteBehavior [ RunTime:0.000034s ]
INFO: [ app_init ] --END-- [ RunTime:0.000729s ]
NOTIC: [8] Constant LOG_PATH already defined D:\phpStudy\PHPTutorial\WWW\approach\Application\FileUpdate\Conf\config.php 第 24 行.
INFO: [ app_begin ] --START--
INFO: Run Behavior\ReadHtmlCacheBehavior [ RunTime:0.000669s ]
INFO: [ app_begin ] --END-- [ RunTime:0.000734s ]
SQL: SELECT * FROM `file_pack_infor` WHERE `type` = 1 ORDER BY update_time LIMIT 0,10   [ RunTime:0.0189s ]
INFO: [ view_parse ] --START--
INFO: [ template_filter ] --START--
INFO: Run Behavior\ContentReplaceBehavior [ RunTime:0.000093s ]
INFO: [ template_filter ] --END-- [ RunTime:0.000174s ]
INFO: Run Behavior\ParseTemplateBehavior [ RunTime:0.066248s ]
INFO: [ view_parse ] --END-- [ RunTime:0.066332s ]
INFO: [ view_filter ] --START--
INFO: Run Behavior\WriteHtmlCacheBehavior [ RunTime:0.000282s ]
INFO: [ view_filter ] --END-- [ RunTime:0.000332s ]
INFO: [ app_end ] --START--
INFO: Run Behavior\ShowPageTraceBehavior [ RunTime:0.000547s ]
INFO: [ app_end ] --END-- [ RunTime:0.000602s ]

[ 2019-07-17T10:41:13+08:00 ] ::1 /index.php/FileUpdate/Pack/index.html
INFO: [ app_init ] --START--
INFO: Run Behavior\BuildLiteBehavior [ RunTime:0.000020s ]
INFO: [ app_init ] --END-- [ RunTime:0.000407s ]
NOTIC: [8] Constant LOG_PATH already defined D:\phpStudy\PHPTutorial\WWW\approach\Application\FileUpdate\Conf\config.php 第 24 行.
INFO: [ app_begin ] --START--
INFO: Run Behavior\ReadHtmlCacheBehavior [ RunTime:0.000528s ]
INFO: [ app_begin ] --END-- [ RunTime:0.000586s ]
SQL: SELECT * FROM `file_pack_infor`  [ RunTime:0.0005s ]
INFO: [ view_parse ] --START--
INFO: [ template_filter ] --START--
INFO: Run Behavior\ContentReplaceBehavior [ RunTime:0.000095s ]
INFO: [ template_filter ] --END-- [ RunTime:0.000178s ]
INFO: Run Behavior\ParseTemplateBehavior [ RunTime:0.129565s ]
INFO: [ view_parse ] --END-- [ RunTime:0.129717s ]
INFO: [ view_filter ] --START--
INFO: Run Behavior\WriteHtmlCacheBehavior [ RunTime:0.000698s ]
INFO: [ view_filter ] --END-- [ RunTime:0.000785s ]
INFO: [ app_end ] --START--
INFO: Run Behavior\ShowPageTraceBehavior [ RunTime:0.002042s ]
INFO: [ app_end ] --END-- [ RunTime:0.002162s ]

[ 2019-07-17T10:41:14+08:00 ] ::1 /index.php/FileUpdate/Index/index.html
INFO: [ app_init ] --START--
INFO: Run Behavior\BuildLiteBehavior [ RunTime:0.000036s ]
INFO: [ app_init ] --END-- [ RunTime:0.000626s ]
NOTIC: [8] Constant LOG_PATH already defined D:\phpStudy\PHPTutorial\WWW\approach\Application\FileUpdate\Conf\config.php 第 24 行.
INFO: [ app_begin ] --START--
INFO: Run Behavior\ReadHtmlCacheBehavior [ RunTime:0.000918s ]
INFO: [ app_begin ] --END-- [ RunTime:0.001017s ]
SQL: SELECT * FROM `file_pack_infor` WHERE `type` = 1 ORDER BY update_time LIMIT 0,10   [ RunTime:0.0005s ]
INFO: [ view_parse ] --START--
INFO: [ template_filter ] --START--
INFO: Run Behavior\ContentReplaceBehavior [ RunTime:0.000126s ]
INFO: [ template_filter ] --END-- [ RunTime:0.000230s ]
INFO: Run Behavior\ParseTemplateBehavior [ RunTime:0.016211s ]
INFO: [ view_parse ] --END-- [ RunTime:0.016299s ]
INFO: [ view_filter ] --START--
INFO: Run Behavior\WriteHtmlCacheBehavior [ RunTime:0.000291s ]
INFO: [ view_filter ] --END-- [ RunTime:0.000336s ]
INFO: [ app_end ] --START--
INFO: Run Behavior\ShowPageTraceBehavior [ RunTime:0.000547s ]
INFO: [ app_end ] --END-- [ RunTime:0.000597s ]

[ 2019-07-17T10:41:15+08:00 ] ::1 /index.php/FileUpdate/Index/update.html?version_id=51
INFO: [ app_init ] --START--
INFO: Run Behavior\BuildLiteBehavior [ RunTime:0.000030s ]
INFO: [ app_init ] --END-- [ RunTime:0.000623s ]
NOTIC: [8] Constant LOG_PATH already defined D:\phpStudy\PHPTutorial\WWW\approach\Application\FileUpdate\Conf\config.php 第 24 行.
INFO: [ app_begin ] --START--
INFO: Run Behavior\ReadHtmlCacheBehavior [ RunTime:0.000884s ]
INFO: [ app_begin ] --END-- [ RunTime:0.000972s ]

[ 2019-07-17T10:43:13+08:00 ] ::1 /index.php/FileUpdate/Index/index.html
INFO: [ app_init ] --START--
INFO: Run Behavior\BuildLiteBehavior [ RunTime:0.000020s ]
INFO: [ app_init ] --END-- [ RunTime:0.000481s ]
NOTIC: [8] Constant LOG_PATH already defined D:\phpStudy\PHPTutorial\WWW\approach\Application\FileUpdate\Conf\config.php 第 24 行.
INFO: [ app_begin ] --START--
INFO: Run Behavior\ReadHtmlCacheBehavior [ RunTime:0.000709s ]
INFO: [ app_begin ] --END-- [ RunTime:0.000765s ]
SQL: SELECT * FROM `file_pack_infor` WHERE `type` = 1 ORDER BY update_time LIMIT 0,10   [ RunTime:0.0006s ]
INFO: [ view_parse ] --START--
INFO: [ template_filter ] --START--
INFO: Run Behavior\ContentReplaceBehavior [ RunTime:0.000128s ]
INFO: [ template_filter ] --END-- [ RunTime:0.000238s ]
INFO: Run Behavior\ParseTemplateBehavior [ RunTime:0.013856s ]
INFO: [ view_parse ] --END-- [ RunTime:0.013953s ]
INFO: [ view_filter ] --START--
INFO: Run Behavior\WriteHtmlCacheBehavior [ RunTime:0.000486s ]
INFO: [ view_filter ] --END-- [ RunTime:0.000551s ]
INFO: [ app_end ] --START--
INFO: Run Behavior\ShowPageTraceBehavior [ RunTime:0.000940s ]
INFO: [ app_end ] --END-- [ RunTime:0.001107s ]

[ 2019-07-17T10:43:14+08:00 ] ::1 /index.php/FileUpdate/Index/update.html?version_id=51
INFO: [ app_init ] --START--
INFO: Run Behavior\BuildLiteBehavior [ RunTime:0.000019s ]
INFO: [ app_init ] --END-- [ RunTime:0.000383s ]
NOTIC: [8] Constant LOG_PATH already defined D:\phpStudy\PHPTutorial\WWW\approach\Application\FileUpdate\Conf\config.php 第 24 行.
INFO: [ app_begin ] --START--
INFO: Run Behavior\ReadHtmlCacheBehavior [ RunTime:0.000747s ]
INFO: [ app_begin ] --END-- [ RunTime:0.000819s ]
NOTIC: [2048] Non-static method FileUpdate\Common\Utility\FileBaseUtility::detectionFile() should not be called statically, assuming $this from incompatible context D:\phpStudy\PHPTutorial\WWW\approach\Application\FileUpdate\Common\Utility\DetectionUtility.class.php 第 33 行.

[ 2019-07-17T10:43:47+08:00 ] ::1 /index.php/FileUpdate/Index/index.html
INFO: [ app_init ] --START--
INFO: Run Behavior\BuildLiteBehavior [ RunTime:0.000029s ]
INFO: [ app_init ] --END-- [ RunTime:0.000575s ]
NOTIC: [8] Constant LOG_PATH already defined D:\phpStudy\PHPTutorial\WWW\approach\Application\FileUpdate\Conf\config.php 第 24 行.
INFO: [ app_begin ] --START--
INFO: Run Behavior\ReadHtmlCacheBehavior [ RunTime:0.000922s ]
INFO: [ app_begin ] --END-- [ RunTime:0.001041s ]
SQL: SELECT * FROM `file_pack_infor` WHERE `type` = 1 ORDER BY update_time LIMIT 0,10   [ RunTime:0.0006s ]
INFO: [ view_parse ] --START--
INFO: [ template_filter ] --START--
INFO: Run Behavior\ContentReplaceBehavior [ RunTime:0.000137s ]
INFO: [ template_filter ] --END-- [ RunTime:0.000256s ]
INFO: Run Behavior\ParseTemplateBehavior [ RunTime:0.016796s ]
INFO: [ view_parse ] --END-- [ RunTime:0.016905s ]
INFO: [ view_filter ] --START--
INFO: Run Behavior\WriteHtmlCacheBehavior [ RunTime:0.000399s ]
INFO: [ view_filter ] --END-- [ RunTime:0.000469s ]
INFO: [ app_end ] --START--
INFO: Run Behavior\ShowPageTraceBehavior [ RunTime:0.000804s ]
INFO: [ app_end ] --END-- [ RunTime:0.000892s ]

[ 2019-07-17T10:43:48+08:00 ] ::1 /index.php/FileUpdate/Index/update.html?version_id=51
INFO: [ app_init ] --START--
INFO: Run Behavior\BuildLiteBehavior [ RunTime:0.000031s ]
INFO: [ app_init ] --END-- [ RunTime:0.000724s ]
NOTIC: [8] Constant LOG_PATH already defined D:\phpStudy\PHPTutorial\WWW\approach\Application\FileUpdate\Conf\config.php 第 24 行.
INFO: [ app_begin ] --START--
INFO: Run Behavior\ReadHtmlCacheBehavior [ RunTime:0.001129s ]
INFO: [ app_begin ] --END-- [ RunTime:0.001235s ]
NOTIC: [2048] Non-static method FileUpdate\Common\Utility\FileBaseUtility::detectionFile() should not be called statically, assuming $this from incompatible context D:\phpStudy\PHPTutorial\WWW\approach\Application\FileUpdate\Common\Utility\DetectionUtility.class.php 第 33 行.

[ 2019-07-17T10:46:06+08:00 ] ::1 /index.php/FileUpdate/Index/index.html
INFO: [ app_init ] --START--
INFO: Run Behavior\BuildLiteBehavior [ RunTime:0.000031s ]
INFO: [ app_init ] --END-- [ RunTime:0.000673s ]
NOTIC: [8] Constant LOG_PATH already defined D:\phpStudy\PHPTutorial\WWW\approach\Application\FileUpdate\Conf\config.php 第 24 行.
INFO: [ app_begin ] --START--
INFO: Run Behavior\ReadHtmlCacheBehavior [ RunTime:0.000948s ]
INFO: [ app_begin ] --END-- [ RunTime:0.001033s ]
SQL: SELECT * FROM `file_pack_infor` WHERE `type` = 1 ORDER BY update_time LIMIT 0,10   [ RunTime:0.0006s ]
INFO: [ view_parse ] --START--
INFO: [ template_filter ] --START--
INFO: Run Behavior\ContentReplaceBehavior [ RunTime:0.000133s ]
INFO: [ template_filter ] --END-- [ RunTime:0.000243s ]
INFO: Run Behavior\ParseTemplateBehavior [ RunTime:0.051617s ]
INFO: [ view_parse ] --END-- [ RunTime:0.051729s ]
INFO: [ view_filter ] --START--
INFO: Run Behavior\WriteHtmlCacheBehavior [ RunTime:0.000552s ]
INFO: [ view_filter ] --END-- [ RunTime:0.000619s ]
INFO: [ app_end ] --START--
INFO: Run Behavior\ShowPageTraceBehavior [ RunTime:0.000641s ]
INFO: [ app_end ] --END-- [ RunTime:0.000690s ]

[ 2019-07-17T10:46:08+08:00 ] ::1 /index.php/FileUpdate/Index/update.html?version_id=51
INFO: [ app_init ] --START--
INFO: Run Behavior\BuildLiteBehavior [ RunTime:0.000053s ]
INFO: [ app_init ] --END-- [ RunTime:0.000777s ]
NOTIC: [8] Constant LOG_PATH already defined D:\phpStudy\PHPTutorial\WWW\approach\Application\FileUpdate\Conf\config.php 第 24 行.
INFO: [ app_begin ] --START--
INFO: Run Behavior\ReadHtmlCacheBehavior [ RunTime:0.000894s ]
INFO: [ app_begin ] --END-- [ RunTime:0.001001s ]
NOTIC: [2048] Non-static method FileUpdate\Common\Utility\FileBaseUtility::detectionFile() should not be called statically, assuming $this from incompatible context D:\phpStudy\PHPTutorial\WWW\approach\Application\FileUpdate\Common\Utility\DetectionUtility.class.php 第 33 行.

[ 2019-07-17T11:04:24+08:00 ] ::1 /index.php/FileUpdate/Index/index.html
INFO: [ app_init ] --START--
INFO: Run Behavior\BuildLiteBehavior [ RunTime:0.000029s ]
INFO: [ app_init ] --END-- [ RunTime:0.000624s ]
NOTIC: [8] Constant LOG_PATH already defined D:\phpStudy\PHPTutorial\WWW\approach\Application\FileUpdate\Conf\config.php 第 24 行.
INFO: [ app_begin ] --START--
INFO: Run Behavior\ReadHtmlCacheBehavior [ RunTime:0.000931s ]
INFO: [ app_begin ] --END-- [ RunTime:0.001003s ]
SQL: SELECT * FROM `file_pack_infor` WHERE `type` = 1 ORDER BY update_time LIMIT 0,10   [ RunTime:0.0005s ]
INFO: [ view_parse ] --START--
INFO: [ template_filter ] --START--
INFO: Run Behavior\ContentReplaceBehavior [ RunTime:0.000120s ]
INFO: [ template_filter ] --END-- [ RunTime:0.000234s ]
INFO: Run Behavior\ParseTemplateBehavior [ RunTime:0.015310s ]
INFO: [ view_parse ] --END-- [ RunTime:0.015403s ]
INFO: [ view_filter ] --START--
INFO: Run Behavior\WriteHtmlCacheBehavior [ RunTime:0.000387s ]
INFO: [ view_filter ] --END-- [ RunTime:0.000435s ]
INFO: [ app_end ] --START--
INFO: Run Behavior\ShowPageTraceBehavior [ RunTime:0.000635s ]
INFO: [ app_end ] --END-- [ RunTime:0.000685s ]

[ 2019-07-17T11:04:25+08:00 ] ::1 /index.php/FileUpdate/Index/update.html?version_id=51
INFO: [ app_init ] --START--
INFO: Run Behavior\BuildLiteBehavior [ RunTime:0.000017s ]
INFO: [ app_init ] --END-- [ RunTime:0.000396s ]
NOTIC: [8] Constant LOG_PATH already defined D:\phpStudy\PHPTutorial\WWW\approach\Application\FileUpdate\Conf\config.php 第 24 行.
INFO: [ app_begin ] --START--
INFO: Run Behavior\ReadHtmlCacheBehavior [ RunTime:0.000571s ]
INFO: [ app_begin ] --END-- [ RunTime:0.000640s ]
NOTIC: [2048] Non-static method FileUpdate\Common\Utility\FileBaseUtility::detectionFile() should not be called statically, assuming $this from incompatible context D:\phpStudy\PHPTutorial\WWW\approach\Application\FileUpdate\Common\Utility\DetectionUtility.class.php 第 33 行.

[ 2019-07-17T11:52:39+08:00 ] ::1 /index.php/FileUpdate/Pack/index.html
INFO: [ app_init ] --START--
INFO: Run Behavior\BuildLiteBehavior [ RunTime:0.000022s ]
INFO: [ app_init ] --END-- [ RunTime:0.000720s ]
NOTIC: [8] Constant LOG_PATH already defined D:\phpStudy\PHPTutorial\WWW\approach\Application\FileUpdate\Conf\config.php 第 24 行.
INFO: [ app_begin ] --START--
INFO: Run Behavior\ReadHtmlCacheBehavior [ RunTime:0.000939s ]
INFO: [ app_begin ] --END-- [ RunTime:0.001018s ]
SQL: SELECT * FROM `file_pack_infor`  [ RunTime:0.0008s ]
INFO: [ view_parse ] --START--
INFO: [ template_filter ] --START--
INFO: Run Behavior\ContentReplaceBehavior [ RunTime:0.000110s ]
INFO: [ template_filter ] --END-- [ RunTime:0.000201s ]
INFO: Run Behavior\ParseTemplateBehavior [ RunTime:0.014443s ]
INFO: [ view_parse ] --END-- [ RunTime:0.014531s ]
INFO: [ view_filter ] --START--
INFO: Run Behavior\WriteHtmlCacheBehavior [ RunTime:0.000486s ]
INFO: [ view_filter ] --END-- [ RunTime:0.000539s ]
INFO: [ app_end ] --START--
INFO: Run Behavior\ShowPageTraceBehavior [ RunTime:0.001007s ]
INFO: [ app_end ] --END-- [ RunTime:0.001102s ]

[ 2019-07-17T11:52:40+08:00 ] ::1 /index.php/FileUpdate/Index/index.html
INFO: [ app_init ] --START--
INFO: Run Behavior\BuildLiteBehavior [ RunTime:0.000021s ]
INFO: [ app_init ] --END-- [ RunTime:0.000497s ]
NOTIC: [8] Constant LOG_PATH already defined D:\phpStudy\PHPTutorial\WWW\approach\Application\FileUpdate\Conf\config.php 第 24 行.
INFO: [ app_begin ] --START--
INFO: Run Behavior\ReadHtmlCacheBehavior [ RunTime:0.000660s ]
INFO: [ app_begin ] --END-- [ RunTime:0.000732s ]
SQL: SELECT * FROM `file_pack_infor` WHERE `type` = 1 ORDER BY update_time LIMIT 0,10   [ RunTime:0.0005s ]
INFO: [ view_parse ] --START--
INFO: [ template_filter ] --START--
INFO: Run Behavior\ContentReplaceBehavior [ RunTime:0.000134s ]
INFO: [ template_filter ] --END-- [ RunTime:0.000255s ]
INFO: Run Behavior\ParseTemplateBehavior [ RunTime:0.053761s ]
INFO: [ view_parse ] --END-- [ RunTime:0.053869s ]
INFO: [ view_filter ] --START--
INFO: Run Behavior\WriteHtmlCacheBehavior [ RunTime:0.000439s ]
INFO: [ view_filter ] --END-- [ RunTime:0.000569s ]
INFO: [ app_end ] --START--
INFO: Run Behavior\ShowPageTraceBehavior [ RunTime:0.000894s ]
INFO: [ app_end ] --END-- [ RunTime:0.000983s ]

[ 2019-07-17T11:52:41+08:00 ] ::1 /index.php/FileUpdate/Pack/index.html
INFO: [ app_init ] --START--
INFO: Run Behavior\BuildLiteBehavior [ RunTime:0.000020s ]
INFO: [ app_init ] --END-- [ RunTime:0.000385s ]
NOTIC: [8] Constant LOG_PATH already defined D:\phpStudy\PHPTutorial\WWW\approach\Application\FileUpdate\Conf\config.php 第 24 行.
INFO: [ app_begin ] --START--
INFO: Run Behavior\ReadHtmlCacheBehavior [ RunTime:0.000555s ]
INFO: [ app_begin ] --END-- [ RunTime:0.000621s ]
SQL: SELECT * FROM `file_pack_infor`  [ RunTime:0.0004s ]
INFO: [ view_parse ] --START--
INFO: [ template_filter ] --START--
INFO: Run Behavior\ContentReplaceBehavior [ RunTime:0.000123s ]
INFO: [ template_filter ] --END-- [ RunTime:0.000218s ]
INFO: Run Behavior\ParseTemplateBehavior [ RunTime:0.013214s ]
INFO: [ view_parse ] --END-- [ RunTime:0.013299s ]
INFO: [ view_filter ] --START--
INFO: Run Behavior\WriteHtmlCacheBehavior [ RunTime:0.000365s ]
INFO: [ view_filter ] --END-- [ RunTime:0.000429s ]
INFO: [ app_end ] --START--
INFO: Run Behavior\ShowPageTraceBehavior [ RunTime:0.000805s ]
INFO: [ app_end ] --END-- [ RunTime:0.000886s ]

[ 2019-07-17T11:52:42+08:00 ] ::1 /index.php/FileUpdate/Index/index.html
INFO: [ app_init ] --START--
INFO: Run Behavior\BuildLiteBehavior [ RunTime:0.000030s ]
INFO: [ app_init ] --END-- [ RunTime:0.000584s ]
NOTIC: [8] Constant LOG_PATH already defined D:\phpStudy\PHPTutorial\WWW\approach\Application\FileUpdate\Conf\config.php 第 24 行.
INFO: [ app_begin ] --START--
INFO: Run Behavior\ReadHtmlCacheBehavior [ RunTime:0.000823s ]
INFO: [ app_begin ] --END-- [ RunTime:0.000910s ]
SQL: SELECT * FROM `file_pack_infor` WHERE `type` = 1 ORDER BY update_time LIMIT 0,10   [ RunTime:0.0006s ]
INFO: [ view_parse ] --START--
INFO: [ template_filter ] --START--
INFO: Run Behavior\ContentReplaceBehavior [ RunTime:0.000137s ]
INFO: [ template_filter ] --END-- [ RunTime:0.000259s ]
INFO: Run Behavior\ParseTemplateBehavior [ RunTime:0.017175s ]
INFO: [ view_parse ] --END-- [ RunTime:0.017300s ]
INFO: [ view_filter ] --START--
INFO: Run Behavior\WriteHtmlCacheBehavior [ RunTime:0.000413s ]
INFO: [ view_filter ] --END-- [ RunTime:0.000489s ]
INFO: [ app_end ] --START--
INFO: Run Behavior\ShowPageTraceBehavior [ RunTime:0.000699s ]
INFO: [ app_end ] --END-- [ RunTime:0.000766s ]

[ 2019-07-17T11:52:43+08:00 ] ::1 /index.php/FileUpdate/Pack/index.html
INFO: [ app_init ] --START--
INFO: Run Behavior\BuildLiteBehavior [ RunTime:0.000034s ]
INFO: [ app_init ] --END-- [ RunTime:0.000711s ]
NOTIC: [8] Constant LOG_PATH already defined D:\phpStudy\PHPTutorial\WWW\approach\Application\FileUpdate\Conf\config.php 第 24 行.
INFO: [ app_begin ] --START--
INFO: Run Behavior\ReadHtmlCacheBehavior [ RunTime:0.001299s ]
INFO: [ app_begin ] --END-- [ RunTime:0.001403s ]
SQL: SELECT * FROM `file_pack_infor`  [ RunTime:0.0004s ]
INFO: [ view_parse ] --START--
INFO: [ template_filter ] --START--
INFO: Run Behavior\ContentReplaceBehavior [ RunTime:0.000087s ]
INFO: [ template_filter ] --END-- [ RunTime:0.000160s ]
INFO: Run Behavior\ParseTemplateBehavior [ RunTime:0.013171s ]
INFO: [ view_parse ] --END-- [ RunTime:0.013250s ]
INFO: [ view_filter ] --START--
INFO: Run Behavior\WriteHtmlCacheBehavior [ RunTime:0.000473s ]
INFO: [ view_filter ] --END-- [ RunTime:0.000577s ]
INFO: [ app_end ] --START--
INFO: Run Behavior\ShowPageTraceBehavior [ RunTime:0.000792s ]
INFO: [ app_end ] --END-- [ RunTime:0.000883s ]

[ 2019-07-17T11:52:44+08:00 ] ::1 /index.php/FileUpdate/Index/index.html
INFO: [ app_init ] --START--
INFO: Run Behavior\BuildLiteBehavior [ RunTime:0.000032s ]
INFO: [ app_init ] --END-- [ RunTime:0.000510s ]
NOTIC: [8] Constant LOG_PATH already defined D:\phpStudy\PHPTutorial\WWW\approach\Application\FileUpdate\Conf\config.php 第 24 行.
INFO: [ app_begin ] --START--
INFO: Run Behavior\ReadHtmlCacheBehavior [ RunTime:0.000642s ]
INFO: [ app_begin ] --END-- [ RunTime:0.000715s ]
SQL: SELECT * FROM `file_pack_infor` WHERE `type` = 1 ORDER BY update_time LIMIT 0,10   [ RunTime:0.0006s ]
INFO: [ view_parse ] --START--
INFO: [ template_filter ] --START--
INFO: Run Behavior\ContentReplaceBehavior [ RunTime:0.000123s ]
INFO: [ template_filter ] --END-- [ RunTime:0.000230s ]
INFO: Run Behavior\ParseTemplateBehavior [ RunTime:0.013862s ]
INFO: [ view_parse ] --END-- [ RunTime:0.013963s ]
INFO: [ view_filter ] --START--
INFO: Run Behavior\WriteHtmlCacheBehavior [ RunTime:0.000393s ]
INFO: [ view_filter ] --END-- [ RunTime:0.000456s ]
INFO: [ app_end ] --START--
INFO: Run Behavior\ShowPageTraceBehavior [ RunTime:0.000792s ]
INFO: [ app_end ] --END-- [ RunTime:0.000869s ]

[ 2019-07-17T12:08:04+08:00 ] ::1 /index.php/FileUpdate/Index/update.html?version_id=51
INFO: [ app_init ] --START--
INFO: Run Behavior\BuildLiteBehavior [ RunTime:0.000019s ]
INFO: [ app_init ] --END-- [ RunTime:0.000458s ]
NOTIC: [8] Constant LOG_PATH already defined D:\phpStudy\PHPTutorial\WWW\approach\Application\FileUpdate\Conf\config.php 第 24 行.
INFO: [ app_begin ] --START--
INFO: Run Behavior\ReadHtmlCacheBehavior [ RunTime:0.000993s ]
INFO: [ app_begin ] --END-- [ RunTime:0.001069s ]

[ 2019-07-17T12:08:16+08:00 ] ::1 /index.php/FileUpdate/Index/index.html
INFO: [ app_init ] --START--
INFO: Run Behavior\BuildLiteBehavior [ RunTime:0.000028s ]
INFO: [ app_init ] --END-- [ RunTime:0.000550s ]
NOTIC: [8] Constant LOG_PATH already defined D:\phpStudy\PHPTutorial\WWW\approach\Application\FileUpdate\Conf\config.php 第 24 行.
INFO: [ app_begin ] --START--
INFO: Run Behavior\ReadHtmlCacheBehavior [ RunTime:0.001044s ]
INFO: [ app_begin ] --END-- [ RunTime:0.001162s ]
SQL: SELECT * FROM `file_pack_infor` WHERE `type` = 1 ORDER BY update_time LIMIT 0,10   [ RunTime:0.0006s ]
INFO: [ view_parse ] --START--
INFO: [ template_filter ] --START--
INFO: Run Behavior\ContentReplaceBehavior [ RunTime:0.000136s ]
INFO: [ template_filter ] --END-- [ RunTime:0.000249s ]
INFO: Run Behavior\ParseTemplateBehavior [ RunTime:0.049847s ]
INFO: [ view_parse ] --END-- [ RunTime:0.049953s ]
INFO: [ view_filter ] --START--
INFO: Run Behavior\WriteHtmlCacheBehavior [ RunTime:0.000757s ]
INFO: [ view_filter ] --END-- [ RunTime:0.000840s ]
INFO: [ app_end ] --START--
INFO: Run Behavior\ShowPageTraceBehavior [ RunTime:0.001042s ]
INFO: [ app_end ] --END-- [ RunTime:0.001118s ]

[ 2019-07-17T12:08:17+08:00 ] ::1 /index.php/FileUpdate/Index/update.html?version_id=51
INFO: [ app_init ] --START--
INFO: Run Behavior\BuildLiteBehavior [ RunTime:0.000028s ]
INFO: [ app_init ] --END-- [ RunTime:0.000596s ]
NOTIC: [8] Constant LOG_PATH already defined D:\phpStudy\PHPTutorial\WWW\approach\Application\FileUpdate\Conf\config.php 第 24 行.
INFO: [ app_begin ] --START--
INFO: Run Behavior\ReadHtmlCacheBehavior [ RunTime:0.000714s ]
INFO: [ app_begin ] --END-- [ RunTime:0.000792s ]
NOTIC: [2048] Non-static method FileUpdate\Common\Utility\FileBaseUtility::detectionFile() should not be called statically, assuming $this from incompatible context D:\phpStudy\PHPTutorial\WWW\approach\Application\FileUpdate\Common\Utility\DetectionUtility.class.php 第 33 行.
SQL: SELECT * FROM `file_pack_infor` WHERE `type` = 1 ORDER BY update_time LIMIT 0,10   [ RunTime:0.0006s ]

[ 2019-07-17T12:24:50+08:00 ] 127.0.0.1 /index.php/FileUpdate/Index/index.html
INFO: [ app_init ] --START--
INFO: Run Behavior\BuildLiteBehavior [ RunTime:0.000040s ]
INFO: [ app_init ] --END-- [ RunTime:0.000912s ]
NOTIC: [8] Constant LOG_PATH already defined D:\phpStudy\PHPTutorial\WWW\approach\Application\FileUpdate\Conf\config.php 第 24 行.
INFO: [ app_begin ] --START--
INFO: Run Behavior\ReadHtmlCacheBehavior [ RunTime:0.001119s ]
INFO: [ app_begin ] --END-- [ RunTime:0.001219s ]
SQL: SELECT * FROM `file_pack_infor` WHERE `type` = 1 ORDER BY update_time LIMIT 0,10   [ RunTime:0.0006s ]
INFO: [ view_parse ] --START--
INFO: [ template_filter ] --START--
INFO: Run Behavior\ContentReplaceBehavior [ RunTime:0.000138s ]
INFO: [ template_filter ] --END-- [ RunTime:0.000263s ]
INFO: Run Behavior\ParseTemplateBehavior [ RunTime:0.019916s ]
INFO: [ view_parse ] --END-- [ RunTime:0.020011s ]
INFO: [ view_filter ] --START--
INFO: Run Behavior\WriteHtmlCacheBehavior [ RunTime:0.000546s ]
INFO: [ view_filter ] --END-- [ RunTime:0.000596s ]
INFO: [ app_end ] --START--
INFO: Run Behavior\ShowPageTraceBehavior [ RunTime:0.000806s ]
INFO: [ app_end ] --END-- [ RunTime:0.000861s ]

[ 2019-07-17T12:24:54+08:00 ] 127.0.0.1 /index.php/FileUpdate/Index/update.html?version_id=51
INFO: [ app_init ] --START--
INFO: Run Behavior\BuildLiteBehavior [ RunTime:0.000030s ]
INFO: [ app_init ] --END-- [ RunTime:0.000535s ]
NOTIC: [8] Constant LOG_PATH already defined D:\phpStudy\PHPTutorial\WWW\approach\Application\FileUpdate\Conf\config.php 第 24 行.
INFO: [ app_begin ] --START--
INFO: Run Behavior\ReadHtmlCacheBehavior [ RunTime:0.000765s ]
INFO: [ app_begin ] --END-- [ RunTime:0.000819s ]
NOTIC: [2048] Non-static method FileUpdate\Common\Utility\FileBaseUtility::detectionFile() should not be called statically, assuming $this from incompatible context D:\phpStudy\PHPTutorial\WWW\approach\Application\FileUpdate\Common\Utility\DetectionUtility.class.php 第 33 行.
SQL: SELECT * FROM `file_pack_infor` WHERE `type` = 1 ORDER BY update_time LIMIT 0,10   [ RunTime:0.0005s ]

[ 2019-07-17T12:24:57+08:00 ] 127.0.0.1 /index.php/FileUpdate/Index/index.html
INFO: [ app_init ] --START--
INFO: Run Behavior\BuildLiteBehavior [ RunTime:0.000031s ]
INFO: [ app_init ] --END-- [ RunTime:0.000663s ]
NOTIC: [8] Constant LOG_PATH already defined D:\phpStudy\PHPTutorial\WWW\approach\Application\FileUpdate\Conf\config.php 第 24 行.
INFO: [ app_begin ] --START--
INFO: Run Behavior\ReadHtmlCacheBehavior [ RunTime:0.000750s ]
INFO: [ app_begin ] --END-- [ RunTime:0.000804s ]
SQL: SELECT * FROM `file_pack_infor` WHERE `type` = 1 ORDER BY update_time LIMIT 0,10   [ RunTime:0.0009s ]
INFO: [ view_parse ] --START--
INFO: [ template_filter ] --START--
INFO: Run Behavior\ContentReplaceBehavior [ RunTime:0.000084s ]
INFO: [ template_filter ] --END-- [ RunTime:0.000157s ]
INFO: Run Behavior\ParseTemplateBehavior [ RunTime:0.016405s ]
INFO: [ view_parse ] --END-- [ RunTime:0.016511s ]
INFO: [ view_filter ] --START--
INFO: Run Behavior\WriteHtmlCacheBehavior [ RunTime:0.000758s ]
INFO: [ view_filter ] --END-- [ RunTime:0.000831s ]
INFO: [ app_end ] --START--
INFO: Run Behavior\ShowPageTraceBehavior [ RunTime:0.001061s ]
INFO: [ app_end ] --END-- [ RunTime:0.001130s ]

[ 2019-07-17T12:24:58+08:00 ] 127.0.0.1 /index.php/FileUpdate/Index/update.html?version_id=51
INFO: [ app_init ] --START--
INFO: Run Behavior\BuildLiteBehavior [ RunTime:0.000033s ]
INFO: [ app_init ] --END-- [ RunTime:0.000749s ]
NOTIC: [8] Constant LOG_PATH already defined D:\phpStudy\PHPTutorial\WWW\approach\Application\FileUpdate\Conf\config.php 第 24 行.
INFO: [ app_begin ] --START--
INFO: Run Behavior\ReadHtmlCacheBehavior [ RunTime:0.001011s ]
INFO: [ app_begin ] --END-- [ RunTime:0.001091s ]
NOTIC: [2048] Non-static method FileUpdate\Common\Utility\FileBaseUtility::detectionFile() should not be called statically, assuming $this from incompatible context D:\phpStudy\PHPTutorial\WWW\approach\Application\FileUpdate\Common\Utility\DetectionUtility.class.php 第 33 行.
SQL: SELECT * FROM `file_pack_infor` WHERE `type` = 1 ORDER BY update_time LIMIT 0,10   [ RunTime:0.0006s ]

[ 2019-07-17T12:31:54+08:00 ] 127.0.0.1 /index.php/FileUpdate/Index/index.html
INFO: [ app_init ] --START--
INFO: Run Behavior\BuildLiteBehavior [ RunTime:0.000035s ]
INFO: [ app_init ] --END-- [ RunTime:0.000839s ]
NOTIC: [8] Constant LOG_PATH already defined D:\phpStudy\PHPTutorial\WWW\approach\Application\FileUpdate\Conf\config.php 第 24 行.
INFO: [ app_begin ] --START--
INFO: Run Behavior\ReadHtmlCacheBehavior [ RunTime:0.000813s ]
INFO: [ app_begin ] --END-- [ RunTime:0.000876s ]

[ 2019-07-17T12:32:03+08:00 ] 127.0.0.1 /index.php/FileUpdate/Index/index.html
INFO: [ app_init ] --START--
INFO: Run Behavior\BuildLiteBehavior [ RunTime:0.000028s ]
INFO: [ app_init ] --END-- [ RunTime:0.000619s ]
NOTIC: [8] Constant LOG_PATH already defined D:\phpStudy\PHPTutorial\WWW\approach\Application\FileUpdate\Conf\config.php 第 24 行.
INFO: [ app_begin ] --START--
INFO: Run Behavior\ReadHtmlCacheBehavior [ RunTime:0.001138s ]
INFO: [ app_begin ] --END-- [ RunTime:0.001223s ]
SQL: SELECT * FROM `file_pack_infor` WHERE `type` = 1 ORDER BY update_time LIMIT 0,10   [ RunTime:0.0005s ]
INFO: [ view_parse ] --START--
INFO: [ template_filter ] --START--
INFO: Run Behavior\ContentReplaceBehavior [ RunTime:0.000093s ]
INFO: [ template_filter ] --END-- [ RunTime:0.000181s ]
INFO: Run Behavior\ParseTemplateBehavior [ RunTime:0.014515s ]
INFO: [ view_parse ] --END-- [ RunTime:0.014597s ]
INFO: [ view_filter ] --START--
INFO: Run Behavior\WriteHtmlCacheBehavior [ RunTime:0.000475s ]
INFO: [ view_filter ] --END-- [ RunTime:0.000520s ]
INFO: [ app_end ] --START--
INFO: Run Behavior\ShowPageTraceBehavior [ RunTime:0.000746s ]
INFO: [ app_end ] --END-- [ RunTime:0.000798s ]

[ 2019-07-17T12:32:04+08:00 ] 127.0.0.1 /index.php/FileUpdate/Index/update.html?version_id=51
INFO: [ app_init ] --START--
INFO: Run Behavior\BuildLiteBehavior [ RunTime:0.000029s ]
INFO: [ app_init ] --END-- [ RunTime:0.000630s ]
NOTIC: [8] Constant LOG_PATH already defined D:\phpStudy\PHPTutorial\WWW\approach\Application\FileUpdate\Conf\config.php 第 24 行.
INFO: [ app_begin ] --START--
INFO: Run Behavior\ReadHtmlCacheBehavior [ RunTime:0.000870s ]
INFO: [ app_begin ] --END-- [ RunTime:0.000939s ]
NOTIC: [2048] Non-static method FileUpdate\Common\Utility\FileBaseUtility::detectionFile() should not be called statically, assuming $this from incompatible context D:\phpStudy\PHPTutorial\WWW\approach\Application\FileUpdate\Common\Utility\DetectionUtility.class.php 第 33 行.
SQL: SELECT * FROM `file_pack_infor` WHERE `type` = 1 ORDER BY update_time LIMIT 0,10   [ RunTime:0.0005s ]

[ 2019-07-17T12:34:19+08:00 ] 127.0.0.1 /index.php/FileUpdate/Index/index.html
INFO: [ app_init ] --START--
INFO: Run Behavior\BuildLiteBehavior [ RunTime:0.000021s ]
INFO: [ app_init ] --END-- [ RunTime:0.000482s ]
NOTIC: [8] Constant LOG_PATH already defined D:\phpStudy\PHPTutorial\WWW\approach\Application\FileUpdate\Conf\config.php 第 24 行.
INFO: [ app_begin ] --START--
INFO: Run Behavior\ReadHtmlCacheBehavior [ RunTime:0.001125s ]
INFO: [ app_begin ] --END-- [ RunTime:0.001208s ]
SQL: SELECT * FROM `file_pack_infor` WHERE `type` = 1 ORDER BY update_time LIMIT 0,10   [ RunTime:0.0007s ]
INFO: [ view_parse ] --START--
INFO: [ template_filter ] --START--
INFO: Run Behavior\ContentReplaceBehavior [ RunTime:0.000126s ]
INFO: [ template_filter ] --END-- [ RunTime:0.000242s ]
INFO: Run Behavior\ParseTemplateBehavior [ RunTime:0.016459s ]
INFO: [ view_parse ] --END-- [ RunTime:0.016581s ]
INFO: [ view_filter ] --START--
INFO: Run Behavior\WriteHtmlCacheBehavior [ RunTime:0.000715s ]
INFO: [ view_filter ] --END-- [ RunTime:0.000791s ]
INFO: [ app_end ] --START--
INFO: Run Behavior\ShowPageTraceBehavior [ RunTime:0.001308s ]
INFO: [ app_end ] --END-- [ RunTime:0.001394s ]

[ 2019-07-17T12:34:20+08:00 ] 127.0.0.1 /index.php/FileUpdate/Index/update.html?version_id=51
INFO: [ app_init ] --START--
INFO: Run Behavior\BuildLiteBehavior [ RunTime:0.000031s ]
INFO: [ app_init ] --END-- [ RunTime:0.000654s ]
NOTIC: [8] Constant LOG_PATH already defined D:\phpStudy\PHPTutorial\WWW\approach\Application\FileUpdate\Conf\config.php 第 24 行.
INFO: [ app_begin ] --START--
INFO: Run Behavior\ReadHtmlCacheBehavior [ RunTime:0.001165s ]
INFO: [ app_begin ] --END-- [ RunTime:0.001251s ]
NOTIC: [2048] Non-static method FileUpdate\Common\Utility\FileBaseUtility::detectionFile() should not be called statically, assuming $this from incompatible context D:\phpStudy\PHPTutorial\WWW\approach\Application\FileUpdate\Common\Utility\DetectionUtility.class.php 第 33 行.
SQL: SELECT `id` FROM `file_pack_infor` WHERE `type` = 1 ORDER BY update_time LIMIT 0,10   [ RunTime:0.0005s ]

[ 2019-07-17T12:34:32+08:00 ] 127.0.0.1 /index.php/FileUpdate/Index/index.html
INFO: [ app_init ] --START--
INFO: Run Behavior\BuildLiteBehavior [ RunTime:0.000033s ]
INFO: [ app_init ] --END-- [ RunTime:0.000716s ]
NOTIC: [8] Constant LOG_PATH already defined D:\phpStudy\PHPTutorial\WWW\approach\Application\FileUpdate\Conf\config.php 第 24 行.
INFO: [ app_begin ] --START--
INFO: Run Behavior\ReadHtmlCacheBehavior [ RunTime:0.001156s ]
INFO: [ app_begin ] --END-- [ RunTime:0.001243s ]
SQL: SELECT * FROM `file_pack_infor` WHERE `type` = 1 ORDER BY update_time LIMIT 0,10   [ RunTime:0.0006s ]
INFO: [ view_parse ] --START--
INFO: [ template_filter ] --START--
INFO: Run Behavior\ContentReplaceBehavior [ RunTime:0.000133s ]
INFO: [ template_filter ] --END-- [ RunTime:0.000243s ]
INFO: Run Behavior\ParseTemplateBehavior [ RunTime:0.018014s ]
INFO: [ view_parse ] --END-- [ RunTime:0.018173s ]
INFO: [ view_filter ] --START--
INFO: Run Behavior\WriteHtmlCacheBehavior [ RunTime:0.000692s ]
INFO: [ view_filter ] --END-- [ RunTime:0.000762s ]
INFO: [ app_end ] --START--
INFO: Run Behavior\ShowPageTraceBehavior [ RunTime:0.001251s ]
INFO: [ app_end ] --END-- [ RunTime:0.001434s ]

[ 2019-07-17T12:34:33+08:00 ] 127.0.0.1 /index.php/FileUpdate/Index/update.html?version_id=51
INFO: [ app_init ] --START--
INFO: Run Behavior\BuildLiteBehavior [ RunTime:0.000021s ]
INFO: [ app_init ] --END-- [ RunTime:0.000451s ]
NOTIC: [8] Constant LOG_PATH already defined D:\phpStudy\PHPTutorial\WWW\approach\Application\FileUpdate\Conf\config.php 第 24 行.
INFO: [ app_begin ] --START--
INFO: Run Behavior\ReadHtmlCacheBehavior [ RunTime:0.001235s ]
INFO: [ app_begin ] --END-- [ RunTime:0.001334s ]
NOTIC: [2048] Non-static method FileUpdate\Common\Utility\FileBaseUtility::detectionFile() should not be called statically, assuming $this from incompatible context D:\phpStudy\PHPTutorial\WWW\approach\Application\FileUpdate\Common\Utility\DetectionUtility.class.php 第 33 行.
SQL: SELECT `id`,`pack_name` FROM `file_pack_infor` WHERE `type` = 1 ORDER BY update_time LIMIT 0,10   [ RunTime:0.0005s ]

[ 2019-07-17T12:36:41+08:00 ] 127.0.0.1 /index.php/FileUpdate/Index/index.html
INFO: [ app_init ] --START--
INFO: Run Behavior\BuildLiteBehavior [ RunTime:0.000021s ]
INFO: [ app_init ] --END-- [ RunTime:0.000517s ]
NOTIC: [8] Constant LOG_PATH already defined D:\phpStudy\PHPTutorial\WWW\approach\Application\FileUpdate\Conf\config.php 第 24 行.
INFO: [ app_begin ] --START--
INFO: Run Behavior\ReadHtmlCacheBehavior [ RunTime:0.000878s ]
INFO: [ app_begin ] --END-- [ RunTime:0.000936s ]
SQL: SELECT * FROM `file_pack_infor` WHERE `type` = 1 ORDER BY update_time LIMIT 0,10   [ RunTime:0.0007s ]
INFO: [ view_parse ] --START--
INFO: [ template_filter ] --START--
INFO: Run Behavior\ContentReplaceBehavior [ RunTime:0.000086s ]
INFO: [ template_filter ] --END-- [ RunTime:0.000162s ]
INFO: Run Behavior\ParseTemplateBehavior [ RunTime:0.014337s ]
INFO: [ view_parse ] --END-- [ RunTime:0.014440s ]
INFO: [ view_filter ] --START--
INFO: Run Behavior\WriteHtmlCacheBehavior [ RunTime:0.001019s ]
INFO: [ view_filter ] --END-- [ RunTime:0.001092s ]
INFO: [ app_end ] --START--
INFO: Run Behavior\ShowPageTraceBehavior [ RunTime:0.001359s ]
INFO: [ app_end ] --END-- [ RunTime:0.001437s ]

[ 2019-07-17T12:36:42+08:00 ] 127.0.0.1 /index.php/FileUpdate/Index/update.html?version_id=51
INFO: [ app_init ] --START--
INFO: Run Behavior\BuildLiteBehavior [ RunTime:0.000027s ]
INFO: [ app_init ] --END-- [ RunTime:0.000656s ]
NOTIC: [8] Constant LOG_PATH already defined D:\phpStudy\PHPTutorial\WWW\approach\Application\FileUpdate\Conf\config.php 第 24 行.
INFO: [ app_begin ] --START--
INFO: Run Behavior\ReadHtmlCacheBehavior [ RunTime:0.001256s ]
INFO: [ app_begin ] --END-- [ RunTime:0.001333s ]
NOTIC: [2048] Non-static method FileUpdate\Common\Utility\FileBaseUtility::detectionFile() should not be called statically, assuming $this from incompatible context D:\phpStudy\PHPTutorial\WWW\approach\Application\FileUpdate\Common\Utility\DetectionUtility.class.php 第 33 行.
SQL: SELECT `id`,`pack_name` FROM `file_pack_infor` WHERE `type` = 1 ORDER BY update_time LIMIT 0,10   [ RunTime:0.0004s ]

[ 2019-07-17T14:33:14+08:00 ] 127.0.0.1 /index.php/FileUpdate/Index/index.html
INFO: [ app_init ] --START--
INFO: Run Behavior\BuildLiteBehavior [ RunTime:0.000029s ]
INFO: [ app_init ] --END-- [ RunTime:0.000731s ]
NOTIC: [8] Constant LOG_PATH already defined D:\phpStudy\PHPTutorial\WWW\approach\Application\FileUpdate\Conf\config.php 第 24 行.
INFO: [ app_begin ] --START--
INFO: Run Behavior\ReadHtmlCacheBehavior [ RunTime:0.001441s ]
INFO: [ app_begin ] --END-- [ RunTime:0.001535s ]
SQL: SELECT * FROM `file_pack_infor` WHERE `type` = 1 ORDER BY update_time LIMIT 0,10   [ RunTime:0.0014s ]
INFO: [ view_parse ] --START--
INFO: [ template_filter ] --START--
INFO: Run Behavior\ContentReplaceBehavior [ RunTime:0.000206s ]
INFO: [ template_filter ] --END-- [ RunTime:0.000338s ]
INFO: Run Behavior\ParseTemplateBehavior [ RunTime:0.020188s ]
INFO: [ view_parse ] --END-- [ RunTime:0.020307s ]
INFO: [ view_filter ] --START--
INFO: Run Behavior\WriteHtmlCacheBehavior [ RunTime:0.000917s ]
INFO: [ view_filter ] --END-- [ RunTime:0.000996s ]
INFO: [ app_end ] --START--
INFO: Run Behavior\ShowPageTraceBehavior [ RunTime:0.001330s ]
INFO: [ app_end ] --END-- [ RunTime:0.001415s ]

[ 2019-07-17T14:33:15+08:00 ] 127.0.0.1 /index.php/FileUpdate/Index/update.html?version_id=51
INFO: [ app_init ] --START--
INFO: Run Behavior\BuildLiteBehavior [ RunTime:0.000029s ]
INFO: [ app_init ] --END-- [ RunTime:0.000734s ]
NOTIC: [8] Constant LOG_PATH already defined D:\phpStudy\PHPTutorial\WWW\approach\Application\FileUpdate\Conf\config.php 第 24 行.
INFO: [ app_begin ] --START--
INFO: Run Behavior\ReadHtmlCacheBehavior [ RunTime:0.001437s ]
INFO: [ app_begin ] --END-- [ RunTime:0.001547s ]
NOTIC: [2048] Non-static method FileUpdate\Common\Utility\FileBaseUtility::detectionFile() should not be called statically, assuming $this from incompatible context D:\phpStudy\PHPTutorial\WWW\approach\Application\FileUpdate\Common\Utility\DetectionUtility.class.php 第 33 行.
SQL: SELECT `id`,`pack_name` FROM `file_pack_infor` WHERE `type` = 1 ORDER BY update_time LIMIT 0,10   [ RunTime:0.0005s ]

[ 2019-07-17T14:35:16+08:00 ] 127.0.0.1 /index.php/FileUpdate/Index/index.html
INFO: [ app_init ] --START--
INFO: Run Behavior\BuildLiteBehavior [ RunTime:0.000029s ]
INFO: [ app_init ] --END-- [ RunTime:0.000714s ]
NOTIC: [8] Constant LOG_PATH already defined D:\phpStudy\PHPTutorial\WWW\approach\Application\FileUpdate\Conf\config.php 第 24 行.
INFO: [ app_begin ] --START--
INFO: Run Behavior\ReadHtmlCacheBehavior [ RunTime:0.001566s ]
INFO: [ app_begin ] --END-- [ RunTime:0.001673s ]
SQL: SELECT * FROM `file_pack_infor` WHERE `type` = 1 ORDER BY update_time LIMIT 0,10   [ RunTime:0.0008s ]
INFO: [ view_parse ] --START--
INFO: [ template_filter ] --START--
INFO: Run Behavior\ContentReplaceBehavior [ RunTime:0.000088s ]
INFO: [ template_filter ] --END-- [ RunTime:0.000170s ]
INFO: Run Behavior\ParseTemplateBehavior [ RunTime:0.017489s ]
INFO: [ view_parse ] --END-- [ RunTime:0.017619s ]
INFO: [ view_filter ] --START--
INFO: Run Behavior\WriteHtmlCacheBehavior [ RunTime:0.001060s ]
INFO: [ view_filter ] --END-- [ RunTime:0.001153s ]
INFO: [ app_end ] --START--
INFO: Run Behavior\ShowPageTraceBehavior [ RunTime:0.001333s ]
INFO: [ app_end ] --END-- [ RunTime:0.001414s ]

[ 2019-07-17T14:35:17+08:00 ] 127.0.0.1 /index.php/FileUpdate/Index/update.html?version_id=51
INFO: [ app_init ] --START--
INFO: Run Behavior\BuildLiteBehavior [ RunTime:0.000026s ]
INFO: [ app_init ] --END-- [ RunTime:0.000624s ]
NOTIC: [8] Constant LOG_PATH already defined D:\phpStudy\PHPTutorial\WWW\approach\Application\FileUpdate\Conf\config.php 第 24 行.
INFO: [ app_begin ] --START--
INFO: Run Behavior\ReadHtmlCacheBehavior [ RunTime:0.000884s ]
INFO: [ app_begin ] --END-- [ RunTime:0.000947s ]
NOTIC: [2048] Non-static method FileUpdate\Common\Utility\FileBaseUtility::detectionFile() should not be called statically, assuming $this from incompatible context D:\phpStudy\PHPTutorial\WWW\approach\Application\FileUpdate\Common\Utility\DetectionUtility.class.php 第 33 行.
SQL: SELECT `id`,`pack_name`,`type`,`type_name`,`download` FROM `file_pack_infor` WHERE `type` = 1 ORDER BY update_time LIMIT 0,10   [ RunTime:0.0005s ]

[ 2019-07-17T14:38:35+08:00 ] 127.0.0.1 /index.php/FileUpdate/Index/index.html
INFO: [ app_init ] --START--
INFO: Run Behavior\BuildLiteBehavior [ RunTime:0.000030s ]
INFO: [ app_init ] --END-- [ RunTime:0.000656s ]
NOTIC: [8] Constant LOG_PATH already defined D:\phpStudy\PHPTutorial\WWW\approach\Application\FileUpdate\Conf\config.php 第 24 行.
INFO: [ app_begin ] --START--
INFO: Run Behavior\ReadHtmlCacheBehavior [ RunTime:0.001293s ]
INFO: [ app_begin ] --END-- [ RunTime:0.001376s ]
SQL: SELECT * FROM `file_pack_infor` WHERE `type` = 1 ORDER BY update_time LIMIT 0,10   [ RunTime:0.0006s ]
INFO: [ view_parse ] --START--
INFO: [ template_filter ] --START--
INFO: Run Behavior\ContentReplaceBehavior [ RunTime:0.000134s ]
INFO: [ template_filter ] --END-- [ RunTime:0.000240s ]
INFO: Run Behavior\ParseTemplateBehavior [ RunTime:0.019728s ]
INFO: [ view_parse ] --END-- [ RunTime:0.019845s ]
INFO: [ view_filter ] --START--
INFO: Run Behavior\WriteHtmlCacheBehavior [ RunTime:0.001087s ]
INFO: [ view_filter ] --END-- [ RunTime:0.001188s ]
INFO: [ app_end ] --START--
INFO: Run Behavior\ShowPageTraceBehavior [ RunTime:0.001443s ]
INFO: [ app_end ] --END-- [ RunTime:0.001545s ]

[ 2019-07-17T14:38:37+08:00 ] 127.0.0.1 /index.php/FileUpdate/Index/update.html?version_id=51
INFO: [ app_init ] --START--
INFO: Run Behavior\BuildLiteBehavior [ RunTime:0.000035s ]
INFO: [ app_init ] --END-- [ RunTime:0.000684s ]
NOTIC: [8] Constant LOG_PATH already defined D:\phpStudy\PHPTutorial\WWW\approach\Application\FileUpdate\Conf\config.php 第 24 行.
INFO: [ app_begin ] --START--
INFO: Run Behavior\ReadHtmlCacheBehavior [ RunTime:0.001246s ]
INFO: [ app_begin ] --END-- [ RunTime:0.001340s ]
NOTIC: [2048] Non-static method FileUpdate\Common\Utility\FileBaseUtility::detectionFile() should not be called statically, assuming $this from incompatible context D:\phpStudy\PHPTutorial\WWW\approach\Application\FileUpdate\Common\Utility\DetectionUtility.class.php 第 33 行.
SQL: SELECT `id`,`pack_name`,`type`,`type_name`,`download` FROM `file_pack_infor` WHERE `type` = 1 ORDER BY update_time LIMIT 0,10   [ RunTime:0.0006s ]

[ 2019-07-17T14:39:54+08:00 ] 127.0.0.1 /index.php/FileUpdate/Index/index.html
INFO: [ app_init ] --START--
INFO: Run Behavior\BuildLiteBehavior [ RunTime:0.000035s ]
INFO: [ app_init ] --END-- [ RunTime:0.000764s ]
NOTIC: [8] Constant LOG_PATH already defined D:\phpStudy\PHPTutorial\WWW\approach\Application\FileUpdate\Conf\config.php 第 24 行.
INFO: [ app_begin ] --START--
INFO: Run Behavior\ReadHtmlCacheBehavior [ RunTime:0.001031s ]
INFO: [ app_begin ] --END-- [ RunTime:0.001122s ]
SQL: SELECT * FROM `file_pack_infor` WHERE `type` = 1 ORDER BY update_time LIMIT 0,10   [ RunTime:0.0007s ]
INFO: [ view_parse ] --START--
INFO: [ template_filter ] --START--
INFO: Run Behavior\ContentReplaceBehavior [ RunTime:0.000138s ]
INFO: [ template_filter ] --END-- [ RunTime:0.000254s ]
INFO: Run Behavior\ParseTemplateBehavior [ RunTime:0.020857s ]
INFO: [ view_parse ] --END-- [ RunTime:0.020984s ]
INFO: [ view_filter ] --START--
INFO: Run Behavior\WriteHtmlCacheBehavior [ RunTime:0.000939s ]
INFO: [ view_filter ] --END-- [ RunTime:0.001019s ]
INFO: [ app_end ] --START--
INFO: Run Behavior\ShowPageTraceBehavior [ RunTime:0.001256s ]
INFO: [ app_end ] --END-- [ RunTime:0.001330s ]

[ 2019-07-17T14:40:01+08:00 ] 127.0.0.1 /index.php/FileUpdate/Index/update.html?version_id=51
INFO: [ app_init ] --START--
INFO: Run Behavior\BuildLiteBehavior [ RunTime:0.000033s ]
INFO: [ app_init ] --END-- [ RunTime:0.000655s ]
NOTIC: [8] Constant LOG_PATH already defined D:\phpStudy\PHPTutorial\WWW\approach\Application\FileUpdate\Conf\config.php 第 24 行.
INFO: [ app_begin ] --START--
INFO: Run Behavior\ReadHtmlCacheBehavior [ RunTime:0.001265s ]
INFO: [ app_begin ] --END-- [ RunTime:0.001358s ]
NOTIC: [2048] Non-static method FileUpdate\Common\Utility\FileBaseUtility::detectionFile() should not be called statically, assuming $this from incompatible context D:\phpStudy\PHPTutorial\WWW\approach\Application\FileUpdate\Common\Utility\DetectionUtility.class.php 第 33 行.
SQL: SELECT `id`,`pack_name`,`type`,`type_name`,`download` FROM `file_pack_infor` WHERE `type` = 1 ORDER BY update_time LIMIT 0,10   [ RunTime:0.0005s ]
NOTIC: [8] Undefined variable: value D:\phpStudy\PHPTutorial\WWW\approach\Application\FileUpdate\Service\Index\IndexService.class.php 第 34 行.
NOTIC: [2] array_values() expects parameter 1 to be array, null given D:\phpStudy\PHPTutorial\WWW\approach\Application\FileUpdate\Service\Index\IndexService.class.php 第 34 行.
NOTIC: [8] Undefined variable: value D:\phpStudy\PHPTutorial\WWW\approach\Application\FileUpdate\Service\Index\IndexService.class.php 第 34 行.
NOTIC: [2] array_values() expects parameter 1 to be array, null given D:\phpStudy\PHPTutorial\WWW\approach\Application\FileUpdate\Service\Index\IndexService.class.php 第 34 行.
NOTIC: [8] Undefined variable: value D:\phpStudy\PHPTutorial\WWW\approach\Application\FileUpdate\Service\Index\IndexService.class.php 第 34 行.
NOTIC: [2] array_values() expects parameter 1 to be array, null given D:\phpStudy\PHPTutorial\WWW\approach\Application\FileUpdate\Service\Index\IndexService.class.php 第 34 行.

[ 2019-07-17T14:40:13+08:00 ] 127.0.0.1 /index.php/FileUpdate/Index/index.html
INFO: [ app_init ] --START--
INFO: Run Behavior\BuildLiteBehavior [ RunTime:0.000029s ]
INFO: [ app_init ] --END-- [ RunTime:0.000717s ]
NOTIC: [8] Constant LOG_PATH already defined D:\phpStudy\PHPTutorial\WWW\approach\Application\FileUpdate\Conf\config.php 第 24 行.
INFO: [ app_begin ] --START--
INFO: Run Behavior\ReadHtmlCacheBehavior [ RunTime:0.001303s ]
INFO: [ app_begin ] --END-- [ RunTime:0.001391s ]
SQL: SELECT * FROM `file_pack_infor` WHERE `type` = 1 ORDER BY update_time LIMIT 0,10   [ RunTime:0.0005s ]
INFO: [ view_parse ] --START--
INFO: [ template_filter ] --START--
INFO: Run Behavior\ContentReplaceBehavior [ RunTime:0.000137s ]
INFO: [ template_filter ] --END-- [ RunTime:0.000254s ]
INFO: Run Behavior\ParseTemplateBehavior [ RunTime:0.017866s ]
INFO: [ view_parse ] --END-- [ RunTime:0.017972s ]
INFO: [ view_filter ] --START--
INFO: Run Behavior\WriteHtmlCacheBehavior [ RunTime:0.000690s ]
INFO: [ view_filter ] --END-- [ RunTime:0.000747s ]
INFO: [ app_end ] --START--
INFO: Run Behavior\ShowPageTraceBehavior [ RunTime:0.001101s ]
INFO: [ app_end ] --END-- [ RunTime:0.001169s ]

[ 2019-07-17T14:40:14+08:00 ] 127.0.0.1 /index.php/FileUpdate/Index/update.html?version_id=51
INFO: [ app_init ] --START--
INFO: Run Behavior\BuildLiteBehavior [ RunTime:0.000030s ]
INFO: [ app_init ] --END-- [ RunTime:0.000788s ]
NOTIC: [8] Constant LOG_PATH already defined D:\phpStudy\PHPTutorial\WWW\approach\Application\FileUpdate\Conf\config.php 第 24 行.
INFO: [ app_begin ] --START--
INFO: Run Behavior\ReadHtmlCacheBehavior [ RunTime:0.001405s ]
INFO: [ app_begin ] --END-- [ RunTime:0.001510s ]
NOTIC: [2048] Non-static method FileUpdate\Common\Utility\FileBaseUtility::detectionFile() should not be called statically, assuming $this from incompatible context D:\phpStudy\PHPTutorial\WWW\approach\Application\FileUpdate\Common\Utility\DetectionUtility.class.php 第 33 行.
SQL: SELECT `id`,`pack_name`,`type`,`type_name`,`download` FROM `file_pack_infor` WHERE `type` = 1 ORDER BY update_time LIMIT 0,10   [ RunTime:0.0005s ]

[ 2019-07-17T14:44:24+08:00 ] 127.0.0.1 /index.php/FileUpdate/Index/index.html
INFO: [ app_init ] --START--
INFO: Run Behavior\BuildLiteBehavior [ RunTime:0.000035s ]
INFO: [ app_init ] --END-- [ RunTime:0.000969s ]
NOTIC: [8] Constant LOG_PATH already defined D:\phpStudy\PHPTutorial\WWW\approach\Application\FileUpdate\Conf\config.php 第 24 行.
INFO: [ app_begin ] --START--
INFO: Run Behavior\ReadHtmlCacheBehavior [ RunTime:0.001264s ]
INFO: [ app_begin ] --END-- [ RunTime:0.001350s ]

[ 2019-07-17T14:44:30+08:00 ] 127.0.0.1 /index.php/FileUpdate/Index/index.html
INFO: [ app_init ] --START--
INFO: Run Behavior\BuildLiteBehavior [ RunTime:0.000030s ]
INFO: [ app_init ] --END-- [ RunTime:0.000562s ]
NOTIC: [8] Constant LOG_PATH already defined D:\phpStudy\PHPTutorial\WWW\approach\Application\FileUpdate\Conf\config.php 第 24 行.
INFO: [ app_begin ] --START--
INFO: Run Behavior\ReadHtmlCacheBehavior [ RunTime:0.001037s ]
INFO: [ app_begin ] --END-- [ RunTime:0.001139s ]
SQL: SELECT * FROM `file_pack_infor` WHERE `type` = 1 ORDER BY update_time LIMIT 0,10   [ RunTime:0.0010s ]
INFO: [ view_parse ] --START--
INFO: [ template_filter ] --START--
INFO: Run Behavior\ContentReplaceBehavior [ RunTime:0.000088s ]
INFO: [ template_filter ] --END-- [ RunTime:0.000165s ]
INFO: Run Behavior\ParseTemplateBehavior [ RunTime:0.018143s ]
INFO: [ view_parse ] --END-- [ RunTime:0.018243s ]
INFO: [ view_filter ] --START--
INFO: Run Behavior\WriteHtmlCacheBehavior [ RunTime:0.001870s ]
INFO: [ view_filter ] --END-- [ RunTime:0.001980s ]
INFO: [ app_end ] --START--
INFO: Run Behavior\ShowPageTraceBehavior [ RunTime:0.001528s ]
INFO: [ app_end ] --END-- [ RunTime:0.001629s ]

[ 2019-07-17T14:44:31+08:00 ] 127.0.0.1 /index.php/FileUpdate/Index/update.html?version_id=51
INFO: [ app_init ] --START--
INFO: Run Behavior\BuildLiteBehavior [ RunTime:0.000029s ]
INFO: [ app_init ] --END-- [ RunTime:0.000711s ]
NOTIC: [8] Constant LOG_PATH already defined D:\phpStudy\PHPTutorial\WWW\approach\Application\FileUpdate\Conf\config.php 第 24 行.
INFO: [ app_begin ] --START--
INFO: Run Behavior\ReadHtmlCacheBehavior [ RunTime:0.000830s ]
INFO: [ app_begin ] --END-- [ RunTime:0.000892s ]
NOTIC: [2048] Non-static method FileUpdate\Common\Utility\FileBaseUtility::detectionFile() should not be called statically, assuming $this from incompatible context D:\phpStudy\PHPTutorial\WWW\approach\Application\FileUpdate\Common\Utility\DetectionUtility.class.php 第 33 行.
SQL: SELECT `id`,`pack_name`,`type`,`type_name`,`download` FROM `file_pack_infor` WHERE `type` = 1 ORDER BY update_time LIMIT 0,10   [ RunTime:0.0005s ]

[ 2019-07-17T14:46:59+08:00 ] 127.0.0.1 /index.php/FileUpdate/Index/index.html
INFO: [ app_init ] --START--
INFO: Run Behavior\BuildLiteBehavior [ RunTime:0.000029s ]
INFO: [ app_init ] --END-- [ RunTime:0.000761s ]
NOTIC: [8] Constant LOG_PATH already defined D:\phpStudy\PHPTutorial\WWW\approach\Application\FileUpdate\Conf\config.php 第 24 行.
INFO: [ app_begin ] --START--
INFO: Run Behavior\ReadHtmlCacheBehavior [ RunTime:0.001634s ]
INFO: [ app_begin ] --END-- [ RunTime:0.001756s ]
SQL: SELECT * FROM `file_pack_infor` WHERE `type` = 1 ORDER BY update_time LIMIT 0,10   [ RunTime:0.0006s ]
INFO: [ view_parse ] --START--
INFO: [ template_filter ] --START--
INFO: Run Behavior\ContentReplaceBehavior [ RunTime:0.000127s ]
INFO: [ template_filter ] --END-- [ RunTime:0.000241s ]
INFO: Run Behavior\ParseTemplateBehavior [ RunTime:0.695707s ]
INFO: [ view_parse ] --END-- [ RunTime:0.695835s ]
INFO: [ view_filter ] --START--
INFO: Run Behavior\WriteHtmlCacheBehavior [ RunTime:0.000614s ]
INFO: [ view_filter ] --END-- [ RunTime:0.000666s ]
INFO: [ app_end ] --START--
INFO: Run Behavior\ShowPageTraceBehavior [ RunTime:0.001163s ]
INFO: [ app_end ] --END-- [ RunTime:0.001262s ]

[ 2019-07-17T14:47:00+08:00 ] 127.0.0.1 /index.php/FileUpdate/Index/update.html?version_id=51
INFO: [ app_init ] --START--
INFO: Run Behavior\BuildLiteBehavior [ RunTime:0.000035s ]
INFO: [ app_init ] --END-- [ RunTime:0.000889s ]
NOTIC: [8] Constant LOG_PATH already defined D:\phpStudy\PHPTutorial\WWW\approach\Application\FileUpdate\Conf\config.php 第 24 行.
INFO: [ app_begin ] --START--
INFO: Run Behavior\ReadHtmlCacheBehavior [ RunTime:0.001389s ]
INFO: [ app_begin ] --END-- [ RunTime:0.001489s ]
NOTIC: [2048] Non-static method FileUpdate\Common\Utility\FileBaseUtility::detectionFile() should not be called statically, assuming $this from incompatible context D:\phpStudy\PHPTutorial\WWW\approach\Application\FileUpdate\Common\Utility\DetectionUtility.class.php 第 33 行.
SQL: SELECT `id`,`pack_name`,`type`,`type_name`,`download` FROM `file_pack_infor` WHERE `type` = 1 ORDER BY update_time LIMIT 0,10   [ RunTime:0.0006s ]

[ 2019-07-17T15:04:24+08:00 ] 127.0.0.1 /index.php/FileUpdate/Index/index.html
INFO: [ app_init ] --START--
INFO: Run Behavior\BuildLiteBehavior [ RunTime:0.000022s ]
INFO: [ app_init ] --END-- [ RunTime:0.000690s ]
NOTIC: [8] Constant LOG_PATH already defined D:\phpStudy\PHPTutorial\WWW\approach\Application\FileUpdate\Conf\config.php 第 24 行.
INFO: [ app_begin ] --START--
INFO: Run Behavior\ReadHtmlCacheBehavior [ RunTime:0.001356s ]
INFO: [ app_begin ] --END-- [ RunTime:0.001450s ]
SQL: SELECT * FROM `file_pack_infor` WHERE `type` = 1 ORDER BY update_time LIMIT 0,10   [ RunTime:0.0006s ]
INFO: [ view_parse ] --START--
INFO: [ template_filter ] --START--
INFO: Run Behavior\ContentReplaceBehavior [ RunTime:0.000094s ]
INFO: [ template_filter ] --END-- [ RunTime:0.000190s ]
INFO: Run Behavior\ParseTemplateBehavior [ RunTime:0.016445s ]
INFO: [ view_parse ] --END-- [ RunTime:0.016518s ]
INFO: [ view_filter ] --START--
INFO: Run Behavior\WriteHtmlCacheBehavior [ RunTime:0.000587s ]
INFO: [ view_filter ] --END-- [ RunTime:0.000632s ]
INFO: [ app_end ] --START--
INFO: Run Behavior\ShowPageTraceBehavior [ RunTime:0.000848s ]
INFO: [ app_end ] --END-- [ RunTime:0.000897s ]

[ 2019-07-17T15:04:26+08:00 ] 127.0.0.1 /index.php/FileUpdate/Index/update.html?version_id=53
INFO: [ app_init ] --START--
INFO: Run Behavior\BuildLiteBehavior [ RunTime:0.000032s ]
INFO: [ app_init ] --END-- [ RunTime:0.000745s ]
NOTIC: [8] Constant LOG_PATH already defined D:\phpStudy\PHPTutorial\WWW\approach\Application\FileUpdate\Conf\config.php 第 24 行.
INFO: [ app_begin ] --START--
INFO: Run Behavior\ReadHtmlCacheBehavior [ RunTime:0.001434s ]
INFO: [ app_begin ] --END-- [ RunTime:0.001545s ]
NOTIC: [2048] Non-static method FileUpdate\Common\Utility\FileBaseUtility::detectionFile() should not be called statically, assuming $this from incompatible context D:\phpStudy\PHPTutorial\WWW\approach\Application\FileUpdate\Common\Utility\DetectionUtility.class.php 第 33 行.
SQL: SELECT `id`,`pack_name`,`type`,`type_name`,`download` FROM `file_pack_infor` WHERE `type` = 1 ORDER BY update_time LIMIT 0,10   [ RunTime:0.0005s ]

